


 CLUSTAL 2.1 Multiple Sequence Alignments


Sequence format is Pearson
Sequence 1: 1.A.62_g0_0    72 aa
Sequence 2: 1.A.62_g0_1    70 aa
Sequence 3: 1.A.62_g0_2    70 aa
Sequence 4: 1.A.62_g0_3    78 aa
Sequence 5: 1.A.62_g0_4    75 aa
Start of Pairwise alignments
Aligning...

Sequences (1:2) Aligned. Score:  14
Sequences (1:3) Aligned. Score:  21
Sequences (1:4) Aligned. Score:  5
Sequences (1:5) Aligned. Score:  5
Sequences (2:3) Aligned. Score:  48
Sequences (2:4) Aligned. Score:  7
Sequences (2:5) Aligned. Score:  10
Sequences (3:4) Aligned. Score:  12
Sequences (3:5) Aligned. Score:  7
Sequences (4:5) Aligned. Score:  6
Guide tree file created:   [holes\1.A.62_0_holes.dnd]

There are 4 groups
Start of Multiple Alignment

Aligning...
Group 1: Sequences:   2      Score:1099
Group 2:                     Delayed
Group 3:                     Delayed
Group 4:                     Delayed
Alignment Score -80

CLUSTAL-Alignment file created  [aligns\1.A.62_0_align.aln]

