


 CLUSTAL 2.1 Multiple Sequence Alignments


Sequence format is Pearson
Sequence 1: 1.A.38.1.1_g0_0   139 aa
Sequence 2: 1.A.38.1.2_g0_1    93 aa
Sequence 3: 1.A.38.1.3_g0_2   142 aa
Sequence 4: 1.A.38.2.1_g0_3   347 aa
Start of Pairwise alignments
Aligning...

Sequences (1:2) Aligned. Score:  6
Sequences (1:3) Aligned. Score:  36
Sequences (1:4) Aligned. Score:  15
Sequences (2:3) Aligned. Score:  9
Sequences (2:4) Aligned. Score:  10
Sequences (3:4) Aligned. Score:  12
Guide tree file created:   [holes\1.A.38_0_holes.dnd]

There are 3 groups
Start of Multiple Alignment

Aligning...
Group 1: Sequences:   2      Score:2129
Group 2:                     Delayed
Group 3:                     Delayed
Alignment Score 367

CLUSTAL-Alignment file created  [aligns\1.A.38_0_align.aln]

