


 CLUSTAL 2.1 Multiple Sequence Alignments


Sequence format is Pearson
Sequence 1: 1.A.15_g0_0   141 aa
Sequence 2: 1.A.15_g0_1   152 aa
Sequence 3: 1.A.15_g0_2   112 aa
Sequence 4: 1.A.15_g0_3   144 aa
Start of Pairwise alignments
Aligning...

Sequences (1:2) Aligned. Score:  6
Sequences (1:3) Aligned. Score:  17
Sequences (1:4) Aligned. Score:  6
Sequences (2:3) Aligned. Score:  6
Sequences (2:4) Aligned. Score:  6
Sequences (3:4) Aligned. Score:  12
Guide tree file created:   [holes\1.A.15_0_holes.dnd]

There are 3 groups
Start of Multiple Alignment

Aligning...
Group 1:                     Delayed
Group 2:                     Delayed
Group 3:                     Delayed
Alignment Score -76

CLUSTAL-Alignment file created  [aligns\1.A.15_0_align.aln]

