


 CLUSTAL 2.1 Multiple Sequence Alignments


Sequence format is Pearson
Sequence 1: 1.A.125_g0_0   369 aa
Sequence 2: 1.A.125_g0_1   526 aa
Sequence 3: 1.A.125_g0_2   283 aa
Sequence 4: 1.A.125_g0_3   423 aa
Start of Pairwise alignments
Aligning...

Sequences (1:2) Aligned. Score:  19
Sequences (1:3) Aligned. Score:  14
Sequences (1:4) Aligned. Score:  12
Sequences (2:3) Aligned. Score:  18
Sequences (2:4) Aligned. Score:  13
Sequences (3:4) Aligned. Score:  14
Guide tree file created:   [holes\1.A.125_0_holes.dnd]

There are 3 groups
Start of Multiple Alignment

Aligning...
Group 1:                     Delayed
Group 2:                     Delayed
Group 3:                     Delayed
Alignment Score -247

CLUSTAL-Alignment file created  [aligns\1.A.125_0_align.aln]

