


 CLUSTAL 2.1 Multiple Sequence Alignments


Sequence format is Pearson
Sequence 1: 1.A.37_g1_0    56 aa
Sequence 2: 1.A.37_g1_1    59 aa
Sequence 3: 1.A.37_g1_2    59 aa
Sequence 4: 1.A.37_g1_3    59 aa
Sequence 5: 1.A.37_g1_4    62 aa
Sequence 6: 1.A.37_g1_5    65 aa
Sequence 7: 1.A.37_g1_6    55 aa
Sequence 8: 1.A.37_g1_7    55 aa
Start of Pairwise alignments
Aligning...

Sequences (1:2) Aligned. Score:  3
Sequences (1:3) Aligned. Score:  8
Sequences (1:4) Aligned. Score:  7
Sequences (1:5) Aligned. Score:  3
Sequences (1:6) Aligned. Score:  12
Sequences (1:7) Aligned. Score:  9
Sequences (1:8) Aligned. Score:  40
Sequences (2:3) Aligned. Score:  16
Sequences (2:4) Aligned. Score:  8
Sequences (2:5) Aligned. Score:  6
Sequences (2:6) Aligned. Score:  8
Sequences (2:7) Aligned. Score:  12
Sequences (2:8) Aligned. Score:  10
Sequences (3:4) Aligned. Score:  3
Sequences (3:5) Aligned. Score:  8
Sequences (3:6) Aligned. Score:  8
Sequences (3:7) Aligned. Score:  9
Sequences (3:8) Aligned. Score:  5
Sequences (4:5) Aligned. Score:  11
Sequences (4:6) Aligned. Score:  8
Sequences (4:7) Aligned. Score:  5
Sequences (4:8) Aligned. Score:  14
Sequences (5:6) Aligned. Score:  8
Sequences (5:7) Aligned. Score:  5
Sequences (5:8) Aligned. Score:  3
Sequences (6:7) Aligned. Score:  29
Sequences (6:8) Aligned. Score:  7
Sequences (7:8) Aligned. Score:  7
Guide tree file created:   [holes\1.A.37_1_holes.dnd]

There are 7 groups
Start of Multiple Alignment

Aligning...
Group 1: Sequences:   2      Score:885
Group 2:                     Delayed
Group 3:                     Delayed
Group 4:                     Delayed
Group 5:                     Delayed
Group 6:                     Delayed
Group 7:                     Delayed
Alignment Score -1058

CLUSTAL-Alignment file created  [aligns\1.A.37_1_align.aln]

