


 CLUSTAL 2.1 Multiple Sequence Alignments


Sequence format is Pearson
Sequence 1: 1.A.46_g1_0   100 aa
Sequence 2: 1.A.46_g1_1    58 aa
Sequence 3: 1.A.46_g1_2    83 aa
Sequence 4: 1.A.46_g1_3    73 aa
Sequence 5: 1.A.46_g1_4    92 aa
Start of Pairwise alignments
Aligning...

Sequences (1:2) Aligned. Score:  10
Sequences (1:3) Aligned. Score:  14
Sequences (1:4) Aligned. Score:  10
Sequences (1:5) Aligned. Score:  6
Sequences (2:3) Aligned. Score:  6
Sequences (2:4) Aligned. Score:  3
Sequences (2:5) Aligned. Score:  5
Sequences (3:4) Aligned. Score:  6
Sequences (3:5) Aligned. Score:  3
Sequences (4:5) Aligned. Score:  6
Guide tree file created:   [holes\1.A.46_1_holes.dnd]

There are 4 groups
Start of Multiple Alignment

Aligning...
Group 1:                     Delayed
Group 2:                     Delayed
Group 3:                     Delayed
Group 4:                     Delayed
Alignment Score -468

CLUSTAL-Alignment file created  [aligns\1.A.46_1_align.aln]

