


 CLUSTAL 2.1 Multiple Sequence Alignments


Sequence format is Pearson
Sequence 1: 1.A.46_g0_0    269 aa
Sequence 2: 1.A.46_g0_1    193 aa
Sequence 3: 1.A.46_g0_2    204 aa
Sequence 4: 1.A.46_g0_3    353 aa
Sequence 5: 1.A.46_g0_4    446 aa
Sequence 6: 1.A.46_g0_5    373 aa
Sequence 7: 1.A.46_g0_6    142 aa
Sequence 8: 1.A.46_g0_7    352 aa
Sequence 9: 1.A.46_g0_8     58 aa
Sequence 10: 1.A.46_g0_9     79 aa
Sequence 11: 1.A.46_g0_10    58 aa
Start of Pairwise alignments
Aligning...

Sequences (1:2) Aligned. Score:  22
Sequences (1:3) Aligned. Score:  7
Sequences (1:4) Aligned. Score:  23
Sequences (1:5) Aligned. Score:  22
Sequences (1:6) Aligned. Score:  38
Sequences (1:7) Aligned. Score:  30
Sequences (1:8) Aligned. Score:  20
Sequences (1:9) Aligned. Score:  20
Sequences (1:10) Aligned. Score:  3
Sequences (1:11) Aligned. Score:  5
Sequences (2:3) Aligned. Score:  5
Sequences (2:4) Aligned. Score:  27
Sequences (2:5) Aligned. Score:  23
Sequences (2:6) Aligned. Score:  29
Sequences (2:7) Aligned. Score:  27
Sequences (2:8) Aligned. Score:  21
Sequences (2:9) Aligned. Score:  8
Sequences (2:10) Aligned. Score:  15
Sequences (2:11) Aligned. Score:  13
Sequences (3:4) Aligned. Score:  13
Sequences (3:5) Aligned. Score:  12
Sequences (3:6) Aligned. Score:  11
Sequences (3:7) Aligned. Score:  11
Sequences (3:8) Aligned. Score:  14
Sequences (3:9) Aligned. Score:  17
Sequences (3:10) Aligned. Score:  3
Sequences (3:11) Aligned. Score:  13
Sequences (4:5) Aligned. Score:  15
Sequences (4:6) Aligned. Score:  14
Sequences (4:7) Aligned. Score:  31
Sequences (4:8) Aligned. Score:  71
Sequences (4:9) Aligned. Score:  12
Sequences (4:10) Aligned. Score:  17
Sequences (4:11) Aligned. Score:  20
Sequences (5:6) Aligned. Score:  14
Sequences (5:7) Aligned. Score:  32
Sequences (5:8) Aligned. Score:  15
Sequences (5:9) Aligned. Score:  13
Sequences (5:10) Aligned. Score:  5
Sequences (5:11) Aligned. Score:  12
Sequences (6:7) Aligned. Score:  37
Sequences (6:8) Aligned. Score:  15
Sequences (6:9) Aligned. Score:  8
Sequences (6:10) Aligned. Score:  11
Sequences (6:11) Aligned. Score:  6
Sequences (7:8) Aligned. Score:  27
Sequences (7:9) Aligned. Score:  10
Sequences (7:10) Aligned. Score:  8
Sequences (7:11) Aligned. Score:  13
Sequences (8:9) Aligned. Score:  10
Sequences (8:10) Aligned. Score:  13
Sequences (8:11) Aligned. Score:  10
Sequences (9:10) Aligned. Score:  6
Sequences (9:11) Aligned. Score:  3
Sequences (10:11) Aligned. Score:  13
Guide tree file created:   [holes\1.A.46_0_holes.dnd]

There are 10 groups
Start of Multiple Alignment

Aligning...
Group 1:                     Delayed
Group 2: Sequences:   2      Score:3883
Group 3: Sequences:   2      Score:1456
Group 4: Sequences:   4      Score:1928
Group 5:                     Delayed
Group 6: Sequences:   2      Score:6360
Group 7: Sequences:   6      Score:1839
Group 8:                     Delayed
Group 9:                     Delayed
Group 10:                     Delayed
Alignment Score 596

CLUSTAL-Alignment file created  [aligns\1.A.46_0_align.aln]

