


 CLUSTAL 2.1 Multiple Sequence Alignments


Sequence format is Pearson
Sequence 1: 1.A.131_g0_0   196 aa
Sequence 2: 1.A.131_g0_1   113 aa
Sequence 3: 1.A.131_g0_2   155 aa
Sequence 4: 1.A.131_g0_3   297 aa
Sequence 5: 1.A.131_g0_4    94 aa
Sequence 6: 1.A.131_g0_5   201 aa
Sequence 7: 1.A.131_g0_6   133 aa
Start of Pairwise alignments
Aligning...

Sequences (1:2) Aligned. Score:  10
Sequences (1:3) Aligned. Score:  10
Sequences (1:4) Aligned. Score:  6
Sequences (1:5) Aligned. Score:  10
Sequences (1:6) Aligned. Score:  9
Sequences (1:7) Aligned. Score:  5
Sequences (2:3) Aligned. Score:  11
Sequences (2:4) Aligned. Score:  10
Sequences (2:5) Aligned. Score:  5
Sequences (2:6) Aligned. Score:  6
Sequences (2:7) Aligned. Score:  7
Sequences (3:4) Aligned. Score:  13
Sequences (3:5) Aligned. Score:  8
Sequences (3:6) Aligned. Score:  10
Sequences (3:7) Aligned. Score:  5
Sequences (4:5) Aligned. Score:  10
Sequences (4:6) Aligned. Score:  8
Sequences (4:7) Aligned. Score:  9
Sequences (5:6) Aligned. Score:  15
Sequences (5:7) Aligned. Score:  6
Sequences (6:7) Aligned. Score:  32
Guide tree file created:   [holes\1.A.131_0_holes.dnd]

There are 6 groups
Start of Multiple Alignment

Aligning...
Group 1:                     Delayed
Group 2:                     Delayed
Group 3:                     Delayed
Group 4: Sequences:   2      Score:1412
Group 5:                     Delayed
Group 6:                     Delayed
Alignment Score -1274

CLUSTAL-Alignment file created  [aligns\1.A.131_0_align.aln]

