


 CLUSTAL 2.1 Multiple Sequence Alignments


Sequence format is Pearson
Sequence 1: 1.A.13_g0_0    60 aa
Sequence 2: 1.A.13_g0_1    57 aa
Sequence 3: 1.A.13_g0_2    80 aa
Sequence 4: 1.A.13_g0_3    53 aa
Sequence 5: 1.A.13_g0_4    84 aa
Sequence 6: 1.A.13_g0_5    63 aa
Sequence 7: 1.A.13_g0_6    64 aa
Start of Pairwise alignments
Aligning...

Sequences (1:2) Aligned. Score:  14
Sequences (1:3) Aligned. Score:  30
Sequences (1:4) Aligned. Score:  11
Sequences (1:5) Aligned. Score:  25
Sequences (1:6) Aligned. Score:  16
Sequences (1:7) Aligned. Score:  26
Sequences (2:3) Aligned. Score:  22
Sequences (2:4) Aligned. Score:  32
Sequences (2:5) Aligned. Score:  28
Sequences (2:6) Aligned. Score:  24
Sequences (2:7) Aligned. Score:  14
Sequences (3:4) Aligned. Score:  16
Sequences (3:5) Aligned. Score:  83
Sequences (3:6) Aligned. Score:  26
Sequences (3:7) Aligned. Score:  23
Sequences (4:5) Aligned. Score:  16
Sequences (4:6) Aligned. Score:  15
Sequences (4:7) Aligned. Score:  9
Sequences (5:6) Aligned. Score:  28
Sequences (5:7) Aligned. Score:  23
Sequences (6:7) Aligned. Score:  23
Guide tree file created:   [holes\1.A.13_0_holes.dnd]

There are 6 groups
Start of Multiple Alignment

Aligning...
Group 1:                     Delayed
Group 2: Sequences:   2      Score:1592
Group 3:                     Delayed
Group 4:                     Delayed
Group 5: Sequences:   2      Score:345
Group 6: Sequences:   4      Score:229
Alignment Score 1404

CLUSTAL-Alignment file created  [aligns\1.A.13_0_align.aln]

