


 CLUSTAL 2.1 Multiple Sequence Alignments


Sequence format is Pearson
Sequence 1: 1.A.53_g3_0    55 aa
Sequence 2: 1.A.53_g3_1    60 aa
Sequence 3: 1.A.53_g3_2    64 aa
Sequence 4: 1.A.53_g3_3    60 aa
Start of Pairwise alignments
Aligning...

Sequences (1:2) Aligned. Score:  29
Sequences (1:3) Aligned. Score:  7
Sequences (1:4) Aligned. Score:  27
Sequences (2:3) Aligned. Score:  10
Sequences (2:4) Aligned. Score:  81
Sequences (3:4) Aligned. Score:  11
Guide tree file created:   [holes\1.A.53_3_holes.dnd]

There are 3 groups
Start of Multiple Alignment

Aligning...
Group 1: Sequences:   2      Score:1158
Group 2:                     Delayed
Group 3:                     Delayed
Alignment Score 382

CLUSTAL-Alignment file created  [aligns\1.A.53_3_align.aln]

