


 CLUSTAL 2.1 Multiple Sequence Alignments


Sequence format is Pearson
Sequence 1: 1.A.81_g0_0    66 aa
Sequence 2: 1.A.81_g0_1    78 aa
Sequence 3: 1.A.81_g0_2    93 aa
Sequence 4: 1.A.81_g0_3    64 aa
Sequence 5: 1.A.81_g0_4    54 aa
Start of Pairwise alignments
Aligning...

Sequences (1:2) Aligned. Score:  27
Sequences (1:3) Aligned. Score:  13
Sequences (1:4) Aligned. Score:  12
Sequences (1:5) Aligned. Score:  7
Sequences (2:3) Aligned. Score:  19
Sequences (2:4) Aligned. Score:  12
Sequences (2:5) Aligned. Score:  12
Sequences (3:4) Aligned. Score:  25
Sequences (3:5) Aligned. Score:  11
Sequences (4:5) Aligned. Score:  12
Guide tree file created:   [holes\1.A.81_0_holes.dnd]

There are 4 groups
Start of Multiple Alignment

Aligning...
Group 1:                     Delayed
Group 2:                     Delayed
Group 3:                     Delayed
Group 4:                     Delayed
Alignment Score 238

CLUSTAL-Alignment file created  [aligns\1.A.81_0_align.aln]

