


 CLUSTAL 2.1 Multiple Sequence Alignments


Sequence format is Pearson
Sequence 1: 1.A.114.1.1_g0_0    54 aa
Sequence 2: 1.A.114.1.3_g0_1   145 aa
Sequence 3: 1.A.114.1.5_g0_2    59 aa
Sequence 4: 1.A.114.1.6_g0_3    56 aa
Start of Pairwise alignments
Aligning...

Sequences (1:2) Aligned. Score:  9
Sequences (1:3) Aligned. Score:  27
Sequences (1:4) Aligned. Score:  29
Sequences (2:3) Aligned. Score:  5
Sequences (2:4) Aligned. Score:  10
Sequences (3:4) Aligned. Score:  7
Guide tree file created:   [holes\1.A.114_0_holes.dnd]

There are 3 groups
Start of Multiple Alignment

Aligning...
Group 1:                     Delayed
Group 2:                     Delayed
Group 3:                     Delayed
Alignment Score 16

CLUSTAL-Alignment file created  [aligns\1.A.114_0_align.aln]

