


 CLUSTAL 2.1 Multiple Sequence Alignments


Sequence format is Pearson
Sequence 1: 1.A.131.1.7_g2_0    70 aa
Sequence 2: 1.A.131.1.8_g2_1    51 aa
Sequence 3: 1.A.131.1.5_g2_2    77 aa
Sequence 4: 1.A.131.1.6_g2_3   127 aa
Start of Pairwise alignments
Aligning...

Sequences (1:2) Aligned. Score:  23
Sequences (1:3) Aligned. Score:  7
Sequences (1:4) Aligned. Score:  10
Sequences (2:3) Aligned. Score:  5
Sequences (2:4) Aligned. Score:  9
Sequences (3:4) Aligned. Score:  15
Guide tree file created:   [holes\1.A.131_2_holes.dnd]

There are 3 groups
Start of Multiple Alignment

Aligning...
Group 1:                     Delayed
Group 2:                     Delayed
Group 3:                     Delayed
Alignment Score -91

CLUSTAL-Alignment file created  [aligns\1.A.131_2_align.aln]

