


 CLUSTAL 2.1 Multiple Sequence Alignments


Sequence format is Pearson
Sequence 1: 1.B.18.1.2_g0_0    87 aa
Sequence 2: 1.B.18.3.4_g0_1    64 aa
Sequence 3: 1.B.18.3.6_g0_2   403 aa
Sequence 4: 1.B.18.3.7_g0_3    65 aa
Start of Pairwise alignments
Aligning...

Sequences (1:2) Aligned. Score:  6
Sequences (1:3) Aligned. Score:  6
Sequences (1:4) Aligned. Score:  12
Sequences (2:3) Aligned. Score:  7
Sequences (2:4) Aligned. Score:  4
Sequences (3:4) Aligned. Score:  7
Guide tree file created:   [holes\1.B.18_0_holes.dnd]

There are 3 groups
Start of Multiple Alignment

Aligning...
Group 1:                     Delayed
Group 2:                     Delayed
Group 3:                     Delayed
Alignment Score -254

CLUSTAL-Alignment file created  [aligns\1.B.18_0_align.aln]

