


 CLUSTAL 2.1 Multiple Sequence Alignments


Sequence format is Pearson
Sequence 1: 1.B.84.1.4_g0_0   163 aa
Sequence 2: 1.B.84.1.5_g0_1   145 aa
Sequence 3: 1.B.84.1.6_g0_2   168 aa
Sequence 4: 1.B.84.1.7_g0_3    60 aa
Start of Pairwise alignments
Aligning...

Sequences (1:2) Aligned. Score:  5
Sequences (1:3) Aligned. Score:  17
Sequences (1:4) Aligned. Score:  13
Sequences (2:3) Aligned. Score:  14
Sequences (2:4) Aligned. Score:  15
Sequences (3:4) Aligned. Score:  11
Guide tree file created:   [holes\1.B.84_0_holes.dnd]

There are 3 groups
Start of Multiple Alignment

Aligning...
Group 1:                     Delayed
Group 2:                     Delayed
Group 3:                     Delayed
Alignment Score -129

CLUSTAL-Alignment file created  [aligns\1.B.84_0_align.aln]

