


 CLUSTAL 2.1 Multiple Sequence Alignments


Sequence format is Pearson
Sequence 1: 1.B.60.1.1_g0_0    108 aa
Sequence 2: 1.B.60.1.10_g0_1    80 aa
Sequence 3: 1.B.60.1.4_g0_2    173 aa
Sequence 4: 1.B.60.1.5_g0_3    185 aa
Sequence 5: 1.B.60.1.6_g0_4    190 aa
Sequence 6: 1.B.60.1.7_g0_5     97 aa
Sequence 7: 1.B.60.1.8_g0_6    108 aa
Sequence 8: 1.B.60.1.9_g0_7    144 aa
Start of Pairwise alignments
Aligning...

Sequences (1:2) Aligned. Score:  11
Sequences (1:3) Aligned. Score:  10
Sequences (1:4) Aligned. Score:  11
Sequences (1:5) Aligned. Score:  12
Sequences (1:6) Aligned. Score:  10
Sequences (1:7) Aligned. Score:  17
Sequences (1:8) Aligned. Score:  11
Sequences (2:3) Aligned. Score:  7
Sequences (2:4) Aligned. Score:  8
Sequences (2:5) Aligned. Score:  7
Sequences (2:6) Aligned. Score:  5
Sequences (2:7) Aligned. Score:  5
Sequences (2:8) Aligned. Score:  18
Sequences (3:4) Aligned. Score:  39
Sequences (3:5) Aligned. Score:  8
Sequences (3:6) Aligned. Score:  34
Sequences (3:7) Aligned. Score:  14
Sequences (3:8) Aligned. Score:  6
Sequences (4:5) Aligned. Score:  16
Sequences (4:6) Aligned. Score:  43
Sequences (4:7) Aligned. Score:  13
Sequences (4:8) Aligned. Score:  10
Sequences (5:6) Aligned. Score:  14
Sequences (5:7) Aligned. Score:  27
Sequences (5:8) Aligned. Score:  4
Sequences (6:7) Aligned. Score:  16
Sequences (6:8) Aligned. Score:  8
Sequences (7:8) Aligned. Score:  8
Guide tree file created:   [holes\1.B.60_0_holes.dnd]

There are 7 groups
Start of Multiple Alignment

Aligning...
Group 1:                     Delayed
Group 2: Sequences:   2      Score:1489
Group 3: Sequences:   3      Score:1661
Group 4:                     Delayed
Group 5:                     Delayed
Group 6:                     Delayed
Group 7:                     Delayed
Alignment Score 76

CLUSTAL-Alignment file created  [aligns\1.B.60_0_align.aln]

