


 CLUSTAL 2.1 Multiple Sequence Alignments


Sequence format is Pearson
Sequence 1: 1.B.92_g2_0   175 aa
Sequence 2: 1.B.92_g2_1   196 aa
Sequence 3: 1.B.92_g2_2   124 aa
Sequence 4: 1.B.92_g2_3   168 aa
Sequence 5: 1.B.92_g2_4   189 aa
Start of Pairwise alignments
Aligning...

Sequences (1:2) Aligned. Score:  11
Sequences (1:3) Aligned. Score:  26
Sequences (1:4) Aligned. Score:  14
Sequences (1:5) Aligned. Score:  4
Sequences (2:3) Aligned. Score:  17
Sequences (2:4) Aligned. Score:  19
Sequences (2:5) Aligned. Score:  8
Sequences (3:4) Aligned. Score:  12
Sequences (3:5) Aligned. Score:  5
Sequences (4:5) Aligned. Score:  6
Guide tree file created:   [holes\1.B.92_2_holes.dnd]

There are 4 groups
Start of Multiple Alignment

Aligning...
Group 1:                     Delayed
Group 2:                     Delayed
Group 3:                     Delayed
Group 4:                     Delayed
Alignment Score 95

CLUSTAL-Alignment file created  [aligns\1.B.92_2_align.aln]

