


 CLUSTAL 2.1 Multiple Sequence Alignments


Sequence format is Pearson
Sequence 1: 1.B.57_g0_0    92 aa
Sequence 2: 1.B.57_g0_1    95 aa
Sequence 3: 1.B.57_g0_2   100 aa
Sequence 4: 1.B.57_g0_3   113 aa
Sequence 5: 1.B.57_g0_4   109 aa
Start of Pairwise alignments
Aligning...

Sequences (1:2) Aligned. Score:  11
Sequences (1:3) Aligned. Score:  10
Sequences (1:4) Aligned. Score:  7
Sequences (1:5) Aligned. Score:  19
Sequences (2:3) Aligned. Score:  5
Sequences (2:4) Aligned. Score:  10
Sequences (2:5) Aligned. Score:  12
Sequences (3:4) Aligned. Score:  15
Sequences (3:5) Aligned. Score:  15
Sequences (4:5) Aligned. Score:  10
Guide tree file created:   [holes\1.B.57_0_holes.dnd]

There are 4 groups
Start of Multiple Alignment

Aligning...
Group 1:                     Delayed
Group 2:                     Delayed
Group 3:                     Delayed
Group 4:                     Delayed
Alignment Score -414

CLUSTAL-Alignment file created  [aligns\1.B.57_0_align.aln]

