


 CLUSTAL 2.1 Multiple Sequence Alignments


Sequence format is Pearson
Sequence 1: 1.B.69_g0_0    82 aa
Sequence 2: 1.B.69_g0_1    80 aa
Sequence 3: 1.B.69_g0_2    88 aa
Sequence 4: 1.B.69_g0_3    99 aa
Sequence 5: 1.B.69_g0_4    90 aa
Sequence 6: 1.B.69_g0_5    86 aa
Sequence 7: 1.B.69_g0_6   107 aa
Start of Pairwise alignments
Aligning...

Sequences (1:2) Aligned. Score:  18
Sequences (1:3) Aligned. Score:  34
Sequences (1:4) Aligned. Score:  4
Sequences (1:5) Aligned. Score:  26
Sequences (1:6) Aligned. Score:  39
Sequences (1:7) Aligned. Score:  9
Sequences (2:3) Aligned. Score:  18
Sequences (2:4) Aligned. Score:  8
Sequences (2:5) Aligned. Score:  17
Sequences (2:6) Aligned. Score:  25
Sequences (2:7) Aligned. Score:  10
Sequences (3:4) Aligned. Score:  6
Sequences (3:5) Aligned. Score:  23
Sequences (3:6) Aligned. Score:  26
Sequences (3:7) Aligned. Score:  14
Sequences (4:5) Aligned. Score:  3
Sequences (4:6) Aligned. Score:  3
Sequences (4:7) Aligned. Score:  21
Sequences (5:6) Aligned. Score:  20
Sequences (5:7) Aligned. Score:  8
Sequences (6:7) Aligned. Score:  10
Guide tree file created:   [holes\1.B.69_0_holes.dnd]

There are 6 groups
Start of Multiple Alignment

Aligning...
Group 1: Sequences:   2      Score:1207
Group 2: Sequences:   3      Score:541
Group 3:                     Delayed
Group 4:                     Delayed
Group 5:                     Delayed
Group 6:                     Delayed
Alignment Score 489

CLUSTAL-Alignment file created  [aligns\1.B.69_0_align.aln]

