


 CLUSTAL 2.1 Multiple Sequence Alignments


Sequence format is Pearson
Sequence 1: 1.B.163_g0_0    67 aa
Sequence 2: 1.B.163_g0_1    61 aa
Sequence 3: 1.B.163_g0_2    92 aa
Sequence 4: 1.B.163_g0_3    57 aa
Start of Pairwise alignments
Aligning...

Sequences (1:2) Aligned. Score:  24
Sequences (1:3) Aligned. Score:  26
Sequences (1:4) Aligned. Score:  8
Sequences (2:3) Aligned. Score:  26
Sequences (2:4) Aligned. Score:  8
Sequences (3:4) Aligned. Score:  7
Guide tree file created:   [holes\1.B.163_0_holes.dnd]

There are 3 groups
Start of Multiple Alignment

Aligning...
Group 1:                     Delayed
Group 2:                     Delayed
Group 3:                     Delayed
Alignment Score -16

CLUSTAL-Alignment file created  [aligns\1.B.163_0_align.aln]

