


 CLUSTAL 2.1 Multiple Sequence Alignments


Sequence format is Pearson
Sequence 1: 1.B.73.1.1_g0_0    84 aa
Sequence 2: 1.B.73.1.2_g0_1   121 aa
Sequence 3: 1.B.73.1.3_g0_2   174 aa
Sequence 4: 1.B.73.1.4_g0_3   145 aa
Sequence 5: 1.B.73.1.5_g0_4   201 aa
Sequence 6: 1.B.73.2.1_g0_5    59 aa
Sequence 7: 1.B.73.2.2_g0_6    55 aa
Start of Pairwise alignments
Aligning...

Sequences (1:2) Aligned. Score:  25
Sequences (1:3) Aligned. Score:  20
Sequences (1:4) Aligned. Score:  5
Sequences (1:5) Aligned. Score:  4
Sequences (1:6) Aligned. Score:  3
Sequences (1:7) Aligned. Score:  9
Sequences (2:3) Aligned. Score:  27
Sequences (2:4) Aligned. Score:  8
Sequences (2:5) Aligned. Score:  8
Sequences (2:6) Aligned. Score:  6
Sequences (2:7) Aligned. Score:  5
Sequences (3:4) Aligned. Score:  6
Sequences (3:5) Aligned. Score:  7
Sequences (3:6) Aligned. Score:  6
Sequences (3:7) Aligned. Score:  7
Sequences (4:5) Aligned. Score:  9
Sequences (4:6) Aligned. Score:  8
Sequences (4:7) Aligned. Score:  10
Sequences (5:6) Aligned. Score:  8
Sequences (5:7) Aligned. Score:  14
Sequences (6:7) Aligned. Score:  27
Guide tree file created:   [holes\1.B.73_0_holes.dnd]

There are 6 groups
Start of Multiple Alignment

Aligning...
Group 1:                     Delayed
Group 2:                     Delayed
Group 3:                     Delayed
Group 4:                     Delayed
Group 5:                     Delayed
Group 6:                     Delayed
Alignment Score -906

CLUSTAL-Alignment file created  [aligns\1.B.73_0_align.aln]

