


 CLUSTAL 2.1 Multiple Sequence Alignments


Sequence format is Pearson
Sequence 1: 1.B.19_g0_0    58 aa
Sequence 2: 1.B.19_g0_1    61 aa
Sequence 3: 1.B.19_g0_2    91 aa
Sequence 4: 1.B.19_g0_3   111 aa
Start of Pairwise alignments
Aligning...

Sequences (1:2) Aligned. Score:  10
Sequences (1:3) Aligned. Score:  12
Sequences (1:4) Aligned. Score:  6
Sequences (2:3) Aligned. Score:  11
Sequences (2:4) Aligned. Score:  6
Sequences (3:4) Aligned. Score:  7
Guide tree file created:   [holes\1.B.19_0_holes.dnd]

There are 3 groups
Start of Multiple Alignment

Aligning...
Group 1:                     Delayed
Group 2:                     Delayed
Group 3:                     Delayed
Alignment Score -280

CLUSTAL-Alignment file created  [aligns\1.B.19_0_align.aln]

