


 CLUSTAL 2.1 Multiple Sequence Alignments


Sequence format is Pearson
Sequence 1: 1.B.165_g0_0   191 aa
Sequence 2: 1.B.165_g0_1    54 aa
Sequence 3: 1.B.165_g0_2   333 aa
Sequence 4: 1.B.165_g0_3   131 aa
Sequence 5: 1.B.165_g0_4   121 aa
Start of Pairwise alignments
Aligning...

Sequences (1:2) Aligned. Score:  48
Sequences (1:3) Aligned. Score:  18
Sequences (1:4) Aligned. Score:  5
Sequences (1:5) Aligned. Score:  8
Sequences (2:3) Aligned. Score:  14
Sequences (2:4) Aligned. Score:  5
Sequences (2:5) Aligned. Score:  22
Sequences (3:4) Aligned. Score:  7
Sequences (3:5) Aligned. Score:  9
Sequences (4:5) Aligned. Score:  10
Guide tree file created:   [holes\1.B.165_0_holes.dnd]

There are 4 groups
Start of Multiple Alignment

Aligning...
Group 1: Sequences:   2      Score:848
Group 2:                     Delayed
Group 3:                     Delayed
Group 4:                     Delayed
Alignment Score -200

CLUSTAL-Alignment file created  [aligns\1.B.165_0_align.aln]

