


 CLUSTAL 2.1 Multiple Sequence Alignments


Sequence format is Pearson
Sequence 1: 1.B.5.1.10_g0_0   157 aa
Sequence 2: 1.B.5.1.11_g0_1   110 aa
Sequence 3: 1.B.5.1.14_g0_2   207 aa
Sequence 4: 1.B.5.1.15_g0_3    62 aa
Sequence 5: 1.B.5.1.3_g0_4    119 aa
Sequence 6: 1.B.5.1.7_g0_5    131 aa
Sequence 7: 1.B.5.1.9_g0_6     72 aa
Start of Pairwise alignments
Aligning...

Sequences (1:2) Aligned. Score:  7
Sequences (1:3) Aligned. Score:  8
Sequences (1:4) Aligned. Score:  24
Sequences (1:5) Aligned. Score:  4
Sequences (1:6) Aligned. Score:  5
Sequences (1:7) Aligned. Score:  18
Sequences (2:3) Aligned. Score:  8
Sequences (2:4) Aligned. Score:  9
Sequences (2:5) Aligned. Score:  5
Sequences (2:6) Aligned. Score:  7
Sequences (2:7) Aligned. Score:  12
Sequences (3:4) Aligned. Score:  17
Sequences (3:5) Aligned. Score:  11
Sequences (3:6) Aligned. Score:  11
Sequences (3:7) Aligned. Score:  12
Sequences (4:5) Aligned. Score:  12
Sequences (4:6) Aligned. Score:  8
Sequences (4:7) Aligned. Score:  12
Sequences (5:6) Aligned. Score:  5
Sequences (5:7) Aligned. Score:  16
Sequences (6:7) Aligned. Score:  5
Guide tree file created:   [holes\1.B.5_0_holes.dnd]

There are 6 groups
Start of Multiple Alignment

Aligning...
Group 1:                     Delayed
Group 2:                     Delayed
Group 3:                     Delayed
Group 4:                     Delayed
Group 5:                     Delayed
Group 6:                     Delayed
Alignment Score -1155

CLUSTAL-Alignment file created  [aligns\1.B.5_0_align.aln]

