


 CLUSTAL 2.1 Multiple Sequence Alignments


Sequence format is Pearson
Sequence 1: 1.B.77.1.4_g0_0    86 aa
Sequence 2: 1.B.77.1.9_g0_1    67 aa
Sequence 3: 1.B.77.2.1_g0_2    75 aa
Sequence 4: 1.B.77.2.2_g0_3   165 aa
Sequence 5: 1.B.77.2.4_g0_4   147 aa
Start of Pairwise alignments
Aligning...

Sequences (1:2) Aligned. Score:  8
Sequences (1:3) Aligned. Score:  14
Sequences (1:4) Aligned. Score:  8
Sequences (1:5) Aligned. Score:  6
Sequences (2:3) Aligned. Score:  5
Sequences (2:4) Aligned. Score:  8
Sequences (2:5) Aligned. Score:  16
Sequences (3:4) Aligned. Score:  26
Sequences (3:5) Aligned. Score:  13
Sequences (4:5) Aligned. Score:  8
Guide tree file created:   [holes\1.B.77_0_holes.dnd]

There are 4 groups
Start of Multiple Alignment

Aligning...
Group 1:                     Delayed
Group 2:                     Delayed
Group 3:                     Delayed
Group 4:                     Delayed
Alignment Score -538

CLUSTAL-Alignment file created  [aligns\1.B.77_0_align.aln]

