


 CLUSTAL 2.1 Multiple Sequence Alignments


Sequence format is Pearson
Sequence 1: 1.B.85_g0_0    51 aa
Sequence 2: 1.B.85_g0_1    52 aa
Sequence 3: 1.B.85_g0_2   270 aa
Sequence 4: 1.B.85_g0_3   343 aa
Start of Pairwise alignments
Aligning...

Sequences (1:2) Aligned. Score:  13
Sequences (1:3) Aligned. Score:  19
Sequences (1:4) Aligned. Score:  19
Sequences (2:3) Aligned. Score:  30
Sequences (2:4) Aligned. Score:  28
Sequences (3:4) Aligned. Score:  17
Guide tree file created:   [holes\1.B.85_0_holes.dnd]

There are 3 groups
Start of Multiple Alignment

Aligning...
Group 1:                     Delayed
Group 2:                     Delayed
Group 3:                     Delayed
Alignment Score 323

CLUSTAL-Alignment file created  [aligns\1.B.85_0_align.aln]

