


 CLUSTAL 2.1 Multiple Sequence Alignments


Sequence format is Pearson
Sequence 1: 1.C.113_g0_0   115 aa
Sequence 2: 1.C.113_g0_1    69 aa
Sequence 3: 1.C.113_g0_2    59 aa
Sequence 4: 1.C.113_g0_3    62 aa
Sequence 5: 1.C.113_g0_4   104 aa
Sequence 6: 1.C.113_g0_5   152 aa
Start of Pairwise alignments
Aligning...

Sequences (1:2) Aligned. Score:  13
Sequences (1:3) Aligned. Score:  8
Sequences (1:4) Aligned. Score:  3
Sequences (1:5) Aligned. Score:  43
Sequences (1:6) Aligned. Score:  3
Sequences (2:3) Aligned. Score:  5
Sequences (2:4) Aligned. Score:  8
Sequences (2:5) Aligned. Score:  10
Sequences (2:6) Aligned. Score:  8
Sequences (3:4) Aligned. Score:  5
Sequences (3:5) Aligned. Score:  8
Sequences (3:6) Aligned. Score:  6
Sequences (4:5) Aligned. Score:  3
Sequences (4:6) Aligned. Score:  20
Sequences (5:6) Aligned. Score:  6
Guide tree file created:   [holes\1.C.113_0_holes.dnd]

There are 5 groups
Start of Multiple Alignment

Aligning...
Group 1: Sequences:   2      Score:1555
Group 2:                     Delayed
Group 3:                     Delayed
Group 4:                     Delayed
Group 5:                     Delayed
Alignment Score -651

CLUSTAL-Alignment file created  [aligns\1.C.113_0_align.aln]

