


 CLUSTAL 2.1 Multiple Sequence Alignments


Sequence format is Pearson
Sequence 1: 1.C.81_g1_0   115 aa
Sequence 2: 1.C.81_g1_1   132 aa
Sequence 3: 1.C.81_g1_2    52 aa
Sequence 4: 1.C.81_g1_3   159 aa
Start of Pairwise alignments
Aligning...

Sequences (1:2) Aligned. Score:  2
Sequences (1:3) Aligned. Score:  9
Sequences (1:4) Aligned. Score:  2
Sequences (2:3) Aligned. Score:  15
Sequences (2:4) Aligned. Score:  55
Sequences (3:4) Aligned. Score:  13
Guide tree file created:   [holes\1.C.81_1_holes.dnd]

There are 3 groups
Start of Multiple Alignment

Aligning...
Group 1: Sequences:   2      Score:2271
Group 2:                     Delayed
Group 3:                     Delayed
Alignment Score 347

CLUSTAL-Alignment file created  [aligns\1.C.81_1_align.aln]

