


 CLUSTAL 2.1 Multiple Sequence Alignments


Sequence format is Pearson
Sequence 1: 1.C.75_g0_0   454 aa
Sequence 2: 1.C.75_g0_1    93 aa
Sequence 3: 1.C.75_g0_2   467 aa
Sequence 4: 1.C.75_g0_3   237 aa
Sequence 5: 1.C.75_g0_4   954 aa
Start of Pairwise alignments
Aligning...

Sequences (1:2) Aligned. Score:  18
Sequences (1:3) Aligned. Score:  42
Sequences (1:4) Aligned. Score:  27
Sequences (1:5) Aligned. Score:  10
Sequences (2:3) Aligned. Score:  22
Sequences (2:4) Aligned. Score:  21
Sequences (2:5) Aligned. Score:  20
Sequences (3:4) Aligned. Score:  27
Sequences (3:5) Aligned. Score:  13
Sequences (4:5) Aligned. Score:  20
Guide tree file created:   [holes\1.C.75_0_holes.dnd]

There are 4 groups
Start of Multiple Alignment

Aligning...
Group 1:                     Delayed
Group 2: Sequences:   2      Score:6981
Group 3:                     Delayed
Group 4:                     Delayed
Alignment Score 1750

CLUSTAL-Alignment file created  [aligns\1.C.75_0_align.aln]

