


 CLUSTAL 2.1 Multiple Sequence Alignments


Sequence format is Pearson
Sequence 1: 1.C.59_g3_0    85 aa
Sequence 2: 1.C.59_g3_1   362 aa
Sequence 3: 1.C.59_g3_2    72 aa
Sequence 4: 1.C.59_g3_3    55 aa
Sequence 5: 1.C.59_g3_4    79 aa
Sequence 6: 1.C.59_g3_5    64 aa
Start of Pairwise alignments
Aligning...

Sequences (1:2) Aligned. Score:  9
Sequences (1:3) Aligned. Score:  11
Sequences (1:4) Aligned. Score:  9
Sequences (1:5) Aligned. Score:  20
Sequences (1:6) Aligned. Score:  17
Sequences (2:3) Aligned. Score:  9
Sequences (2:4) Aligned. Score:  21
Sequences (2:5) Aligned. Score:  13
Sequences (2:6) Aligned. Score:  9
Sequences (3:4) Aligned. Score:  5
Sequences (3:5) Aligned. Score:  9
Sequences (3:6) Aligned. Score:  7
Sequences (4:5) Aligned. Score:  12
Sequences (4:6) Aligned. Score:  7
Sequences (5:6) Aligned. Score:  6
Guide tree file created:   [holes\1.C.59_3_holes.dnd]

There are 5 groups
Start of Multiple Alignment

Aligning...
Group 1:                     Delayed
Group 2:                     Delayed
Group 3:                     Delayed
Group 4:                     Delayed
Group 5:                     Delayed
Alignment Score -889

CLUSTAL-Alignment file created  [aligns\1.C.59_3_align.aln]

