


 CLUSTAL 2.1 Multiple Sequence Alignments


Sequence format is Pearson
Sequence 1: 1.C.47.1.1_g0_0     53 aa
Sequence 2: 1.C.47.1.11_g0_1    63 aa
Sequence 3: 1.C.47.1.2_g0_2     55 aa
Sequence 4: 1.C.47.1.3_g0_3     55 aa
Sequence 5: 1.C.47.1.9_g0_4     63 aa
Sequence 6: 1.C.47.2.1_g0_5     55 aa
Start of Pairwise alignments
Aligning...

Sequences (1:2) Aligned. Score:  9
Sequences (1:3) Aligned. Score:  20
Sequences (1:4) Aligned. Score:  15
Sequences (1:5) Aligned. Score:  15
Sequences (1:6) Aligned. Score:  15
Sequences (2:3) Aligned. Score:  7
Sequences (2:4) Aligned. Score:  9
Sequences (2:5) Aligned. Score:  6
Sequences (2:6) Aligned. Score:  10
Sequences (3:4) Aligned. Score:  65
Sequences (3:5) Aligned. Score:  12
Sequences (3:6) Aligned. Score:  9
Sequences (4:5) Aligned. Score:  10
Sequences (4:6) Aligned. Score:  10
Sequences (5:6) Aligned. Score:  14
Guide tree file created:   [holes\1.C.47_0_holes.dnd]

There are 5 groups
Start of Multiple Alignment

Aligning...
Group 1: Sequences:   2      Score:997
Group 2:                     Delayed
Group 3:                     Delayed
Group 4:                     Delayed
Group 5:                     Delayed
Alignment Score 91

CLUSTAL-Alignment file created  [aligns\1.C.47_0_align.aln]

