


 CLUSTAL 2.1 Multiple Sequence Alignments


Sequence format is Pearson
Sequence 1: 1.C.37.1.10_g0_0    54 aa
Sequence 2: 1.C.37.1.11_g0_1   112 aa
Sequence 3: 1.C.37.1.12_g0_2    57 aa
Sequence 4: 1.C.37.1.2_g0_3     62 aa
Start of Pairwise alignments
Aligning...

Sequences (1:2) Aligned. Score:  16
Sequences (1:3) Aligned. Score:  12
Sequences (1:4) Aligned. Score:  7
Sequences (2:3) Aligned. Score:  15
Sequences (2:4) Aligned. Score:  11
Sequences (3:4) Aligned. Score:  8
Guide tree file created:   [holes\1.C.37_0_holes.dnd]

There are 3 groups
Start of Multiple Alignment

Aligning...
Group 1:                     Delayed
Group 2:                     Delayed
Group 3:                     Delayed
Alignment Score -204

CLUSTAL-Alignment file created  [aligns\1.C.37_0_align.aln]

