


 CLUSTAL 2.1 Multiple Sequence Alignments


Sequence format is Pearson
Sequence 1: 1.C.75_g1_0   181 aa
Sequence 2: 1.C.75_g1_1    99 aa
Sequence 3: 1.C.75_g1_2    51 aa
Sequence 4: 1.C.75_g1_3    93 aa
Sequence 5: 1.C.75_g1_4   142 aa
Start of Pairwise alignments
Aligning...

Sequences (1:2) Aligned. Score:  9
Sequences (1:3) Aligned. Score:  39
Sequences (1:4) Aligned. Score:  19
Sequences (1:5) Aligned. Score:  38
Sequences (2:3) Aligned. Score:  13
Sequences (2:4) Aligned. Score:  9
Sequences (2:5) Aligned. Score:  18
Sequences (3:4) Aligned. Score:  13
Sequences (3:5) Aligned. Score:  19
Sequences (4:5) Aligned. Score:  18
Guide tree file created:   [holes\1.C.75_1_holes.dnd]

There are 4 groups
Start of Multiple Alignment

Aligning...
Group 1: Sequences:   2      Score:744
Group 2: Sequences:   3      Score:1016
Group 3:                     Delayed
Group 4:                     Delayed
Alignment Score 239

CLUSTAL-Alignment file created  [aligns\1.C.75_1_align.aln]

