


 CLUSTAL 2.1 Multiple Sequence Alignments


Sequence format is Pearson
Sequence 1: 1.C.5.1.1_g0_0    94 aa
Sequence 2: 1.C.5.1.2_g0_1    78 aa
Sequence 3: 1.C.5.1.3_g0_2    61 aa
Sequence 4: 1.C.5.2.1_g0_3    78 aa
Sequence 5: 1.C.5.2.2_g0_4    59 aa
Sequence 6: 1.C.5.2.3_g0_5    90 aa
Sequence 7: 1.C.5.3.1_g0_6    79 aa
Start of Pairwise alignments
Aligning...

Sequences (1:2) Aligned. Score:  10
Sequences (1:3) Aligned. Score:  8
Sequences (1:4) Aligned. Score:  7
Sequences (1:5) Aligned. Score:  6
Sequences (1:6) Aligned. Score:  5
Sequences (1:7) Aligned. Score:  6
Sequences (2:3) Aligned. Score:  6
Sequences (2:4) Aligned. Score:  10
Sequences (2:5) Aligned. Score:  11
Sequences (2:6) Aligned. Score:  7
Sequences (2:7) Aligned. Score:  6
Sequences (3:4) Aligned. Score:  13
Sequences (3:5) Aligned. Score:  8
Sequences (3:6) Aligned. Score:  6
Sequences (3:7) Aligned. Score:  6
Sequences (4:5) Aligned. Score:  3
Sequences (4:6) Aligned. Score:  10
Sequences (4:7) Aligned. Score:  6
Sequences (5:6) Aligned. Score:  18
Sequences (5:7) Aligned. Score:  6
Sequences (6:7) Aligned. Score:  6
Guide tree file created:   [holes\1.C.5_0_holes.dnd]

There are 6 groups
Start of Multiple Alignment

Aligning...
Group 1:                     Delayed
Group 2:                     Delayed
Group 3:                     Delayed
Group 4:                     Delayed
Group 5:                     Delayed
Group 6:                     Delayed
Alignment Score -1203

CLUSTAL-Alignment file created  [aligns\1.C.5_0_align.aln]

