


 CLUSTAL 2.1 Multiple Sequence Alignments


Sequence format is Pearson
Sequence 1: 1.C.2_g2_0   156 aa
Sequence 2: 1.C.2_g2_1   188 aa
Sequence 3: 1.C.2_g2_2   290 aa
Sequence 4: 1.C.2_g2_3   404 aa
Sequence 5: 1.C.2_g2_4   511 aa
Start of Pairwise alignments
Aligning...

Sequences (1:2) Aligned. Score:  6
Sequences (1:3) Aligned. Score:  7
Sequences (1:4) Aligned. Score:  7
Sequences (1:5) Aligned. Score:  9
Sequences (2:3) Aligned. Score:  3
Sequences (2:4) Aligned. Score:  14
Sequences (2:5) Aligned. Score:  5
Sequences (3:4) Aligned. Score:  2
Sequences (3:5) Aligned. Score:  5
Sequences (4:5) Aligned. Score:  59
Guide tree file created:   [holes\1.C.2_2_holes.dnd]

There are 4 groups
Start of Multiple Alignment

Aligning...
Group 1:                     Delayed
Group 2: Sequences:   2      Score:6976
Group 3:                     Delayed
Group 4:                     Delayed
Alignment Score 719

CLUSTAL-Alignment file created  [aligns\1.C.2_2_align.aln]

