


 CLUSTAL 2.1 Multiple Sequence Alignments


Sequence format is Pearson
Sequence 1: 1.C.42_g0_0   154 aa
Sequence 2: 1.C.42_g0_1   141 aa
Sequence 3: 1.C.42_g0_2   271 aa
Sequence 4: 1.C.42_g0_3   168 aa
Sequence 5: 1.C.42_g0_4   271 aa
Start of Pairwise alignments
Aligning...

Sequences (1:2) Aligned. Score:  8
Sequences (1:3) Aligned. Score:  12
Sequences (1:4) Aligned. Score:  5
Sequences (1:5) Aligned. Score:  11
Sequences (2:3) Aligned. Score:  14
Sequences (2:4) Aligned. Score:  3
Sequences (2:5) Aligned. Score:  17
Sequences (3:4) Aligned. Score:  10
Sequences (3:5) Aligned. Score:  80
Sequences (4:5) Aligned. Score:  12
Guide tree file created:   [holes\1.C.42_0_holes.dnd]

There are 4 groups
Start of Multiple Alignment

Aligning...
Group 1: Sequences:   2      Score:5399
Group 2:                     Delayed
Group 3:                     Delayed
Group 4:                     Delayed
Alignment Score 1064

CLUSTAL-Alignment file created  [aligns\1.C.42_0_align.aln]

