


 CLUSTAL 2.1 Multiple Sequence Alignments


Sequence format is Pearson
Sequence 1: 1.C.2_g6_0   131 aa
Sequence 2: 1.C.2_g6_1   131 aa
Sequence 3: 1.C.2_g6_2    75 aa
Sequence 4: 1.C.2_g6_3    51 aa
Sequence 5: 1.C.2_g6_4    74 aa
Start of Pairwise alignments
Aligning...

Sequences (1:2) Aligned. Score:  82
Sequences (1:3) Aligned. Score:  38
Sequences (1:4) Aligned. Score:  29
Sequences (1:5) Aligned. Score:  35
Sequences (2:3) Aligned. Score:  36
Sequences (2:4) Aligned. Score:  31
Sequences (2:5) Aligned. Score:  33
Sequences (3:4) Aligned. Score:  58
Sequences (3:5) Aligned. Score:  56
Sequences (4:5) Aligned. Score:  82
Guide tree file created:   [holes\1.C.2_6_holes.dnd]

There are 4 groups
Start of Multiple Alignment

Aligning...
Group 1: Sequences:   2      Score:987
Group 2: Sequences:   3      Score:934
Group 3: Sequences:   2      Score:2673
Group 4: Sequences:   5      Score:401
Alignment Score 1915

CLUSTAL-Alignment file created  [aligns\1.C.2_6_align.aln]

