


 CLUSTAL 2.1 Multiple Sequence Alignments


Sequence format is Pearson
Sequence 1: 1.C.57.1.1_g0_0   106 aa
Sequence 2: 1.C.57.1.2_g0_1   109 aa
Sequence 3: 1.C.57.1.3_g0_2   108 aa
Sequence 4: 1.C.57.1.4_g0_3    98 aa
Sequence 5: 1.C.57.1.5_g0_4   110 aa
Start of Pairwise alignments
Aligning...

Sequences (1:2) Aligned. Score:  46
Sequences (1:3) Aligned. Score:  66
Sequences (1:4) Aligned. Score:  25
Sequences (1:5) Aligned. Score:  39
Sequences (2:3) Aligned. Score:  45
Sequences (2:4) Aligned. Score:  28
Sequences (2:5) Aligned. Score:  39
Sequences (3:4) Aligned. Score:  23
Sequences (3:5) Aligned. Score:  39
Sequences (4:5) Aligned. Score:  30
Guide tree file created:   [holes\1.C.57_0_holes.dnd]

There are 4 groups
Start of Multiple Alignment

Aligning...
Group 1: Sequences:   2      Score:1954
Group 2: Sequences:   3      Score:1711
Group 3: Sequences:   4      Score:1640
Group 4:                     Delayed
Alignment Score 2283

CLUSTAL-Alignment file created  [aligns\1.C.57_0_align.aln]

