


 CLUSTAL 2.1 Multiple Sequence Alignments


Sequence format is Pearson
Sequence 1: 1.C.127.1.2_g1_0    53 aa
Sequence 2: 1.C.127.1.3_g1_1   134 aa
Sequence 3: 1.C.127.1.4_g1_2   783 aa
Sequence 4: 1.C.127.1.7_g1_3   196 aa
Sequence 5: 1.C.127.1.8_g1_4   209 aa
Sequence 6: 1.C.127.2.1_g1_5   407 aa
Start of Pairwise alignments
Aligning...

Sequences (1:2) Aligned. Score:  15
Sequences (1:3) Aligned. Score:  11
Sequences (1:4) Aligned. Score:  26
Sequences (1:5) Aligned. Score:  7
Sequences (1:6) Aligned. Score:  5
Sequences (2:3) Aligned. Score:  11
Sequences (2:4) Aligned. Score:  12
Sequences (2:5) Aligned. Score:  4
Sequences (2:6) Aligned. Score:  11
Sequences (3:4) Aligned. Score:  9
Sequences (3:5) Aligned. Score:  11
Sequences (3:6) Aligned. Score:  5
Sequences (4:5) Aligned. Score:  11
Sequences (4:6) Aligned. Score:  2
Sequences (5:6) Aligned. Score:  6
Guide tree file created:   [holes\1.C.127_1_holes.dnd]

There are 5 groups
Start of Multiple Alignment

Aligning...
Group 1:                     Delayed
Group 2:                     Delayed
Group 3:                     Delayed
Group 4:                     Delayed
Group 5:                     Delayed
Alignment Score -1024

CLUSTAL-Alignment file created  [aligns\1.C.127_1_align.aln]

