


 CLUSTAL 2.1 Multiple Sequence Alignments


Sequence format is Pearson
Sequence 1: 1.C.46_g0_0    95 aa
Sequence 2: 1.C.46_g0_1   234 aa
Sequence 3: 1.C.46_g0_2   118 aa
Sequence 4: 1.C.46_g0_3    99 aa
Sequence 5: 1.C.46_g0_4   115 aa
Start of Pairwise alignments
Aligning...

Sequences (1:2) Aligned. Score:  38
Sequences (1:3) Aligned. Score:  7
Sequences (1:4) Aligned. Score:  5
Sequences (1:5) Aligned. Score:  16
Sequences (2:3) Aligned. Score:  11
Sequences (2:4) Aligned. Score:  6
Sequences (2:5) Aligned. Score:  19
Sequences (3:4) Aligned. Score:  36
Sequences (3:5) Aligned. Score:  17
Sequences (4:5) Aligned. Score:  24
Guide tree file created:   [holes\1.C.46_0_holes.dnd]

There are 4 groups
Start of Multiple Alignment

Aligning...
Group 1: Sequences:   2      Score:1336
Group 2:                     Delayed
Group 3: Sequences:   2      Score:1316
Group 4: Sequences:   4      Score:620
Alignment Score -58

CLUSTAL-Alignment file created  [aligns\1.C.46_0_align.aln]

