


 CLUSTAL 2.1 Multiple Sequence Alignments


Sequence format is Pearson
Sequence 1: 1.G.4.1.1_g0_0   111 aa
Sequence 2: 1.G.4.1.2_g0_1   114 aa
Sequence 3: 1.G.4.1.3_g0_2    97 aa
Sequence 4: 1.G.4.1.4_g0_3   106 aa
Sequence 5: 1.G.4.1.5_g0_4   134 aa
Start of Pairwise alignments
Aligning...

Sequences (1:2) Aligned. Score:  55
Sequences (1:3) Aligned. Score:  48
Sequences (1:4) Aligned. Score:  29
Sequences (1:5) Aligned. Score:  14
Sequences (2:3) Aligned. Score:  43
Sequences (2:4) Aligned. Score:  33
Sequences (2:5) Aligned. Score:  20
Sequences (3:4) Aligned. Score:  39
Sequences (3:5) Aligned. Score:  27
Sequences (4:5) Aligned. Score:  25
Guide tree file created:   [holes\1.G.4_0_holes.dnd]

There are 4 groups
Start of Multiple Alignment

Aligning...
Group 1: Sequences:   2      Score:1877
Group 2: Sequences:   3      Score:1489
Group 3: Sequences:   4      Score:1045
Group 4:                     Delayed
Alignment Score 1430

CLUSTAL-Alignment file created  [aligns\1.G.4_0_align.aln]

