


 CLUSTAL 2.1 Multiple Sequence Alignments


Sequence format is Pearson
Sequence 1: 1.N.5.1.1_g0_0   244 aa
Sequence 2: 1.N.5.1.2_g0_1   252 aa
Sequence 3: 1.N.5.1.3_g0_2   682 aa
Sequence 4: 1.N.5.1.7_g0_3   236 aa
Start of Pairwise alignments
Aligning...

Sequences (1:2) Aligned. Score:  40
Sequences (1:3) Aligned. Score:  10
Sequences (1:4) Aligned. Score:  53
Sequences (2:3) Aligned. Score:  7
Sequences (2:4) Aligned. Score:  38
Sequences (3:4) Aligned. Score:  14
Guide tree file created:   [holes\1.N.5_0_holes.dnd]

There are 3 groups
Start of Multiple Alignment

Aligning...
Group 1: Sequences:   2      Score:3953
Group 2: Sequences:   3      Score:3702
Group 3:                     Delayed
Alignment Score 2127

CLUSTAL-Alignment file created  [aligns\1.N.5_0_align.aln]

