


 CLUSTAL 2.1 Multiple Sequence Alignments


Sequence format is Pearson
Sequence 1: 1.N.4.1.1_g1_0   111 aa
Sequence 2: 1.N.4.1.3_g1_1   334 aa
Sequence 3: 1.N.4.1.4_g1_2    71 aa
Sequence 4: 1.N.4.1.5_g1_3    53 aa
Start of Pairwise alignments
Aligning...

Sequences (1:2) Aligned. Score:  12
Sequences (1:3) Aligned. Score:  28
Sequences (1:4) Aligned. Score:  16
Sequences (2:3) Aligned. Score:  8
Sequences (2:4) Aligned. Score:  15
Sequences (3:4) Aligned. Score:  9
Guide tree file created:   [holes\1.N.4_1_holes.dnd]

There are 3 groups
Start of Multiple Alignment

Aligning...
Group 1:                     Delayed
Group 2:                     Delayed
Group 3:                     Delayed
Alignment Score -50

CLUSTAL-Alignment file created  [aligns\1.N.4_1_align.aln]

