


 CLUSTAL 2.1 Multiple Sequence Alignments


Sequence format is Pearson
Sequence 1: 1.W.1_g1_0    57 aa
Sequence 2: 1.W.1_g1_1    84 aa
Sequence 3: 1.W.1_g1_2    51 aa
Sequence 4: 1.W.1_g1_3   498 aa
Sequence 5: 1.W.1_g1_4    96 aa
Sequence 6: 1.W.1_g1_5   313 aa
Start of Pairwise alignments
Aligning...

Sequences (1:2) Aligned. Score:  12
Sequences (1:3) Aligned. Score:  9
Sequences (1:4) Aligned. Score:  12
Sequences (1:5) Aligned. Score:  14
Sequences (1:6) Aligned. Score:  19
Sequences (2:3) Aligned. Score:  7
Sequences (2:4) Aligned. Score:  17
Sequences (2:5) Aligned. Score:  7
Sequences (2:6) Aligned. Score:  11
Sequences (3:4) Aligned. Score:  21
Sequences (3:5) Aligned. Score:  19
Sequences (3:6) Aligned. Score:  23
Sequences (4:5) Aligned. Score:  13
Sequences (4:6) Aligned. Score:  4
Sequences (5:6) Aligned. Score:  7
Guide tree file created:   [holes\1.W.1_1_holes.dnd]

There are 5 groups
Start of Multiple Alignment

Aligning...
Group 1:                     Delayed
Group 2:                     Delayed
Group 3:                     Delayed
Group 4:                     Delayed
Group 5:                     Delayed
Alignment Score -714

CLUSTAL-Alignment file created  [aligns\1.W.1_1_align.aln]

