


 CLUSTAL 2.1 Multiple Sequence Alignments


Sequence format is Pearson
Sequence 1: 1.W.8_g1_0   130 aa
Sequence 2: 1.W.8_g1_1    62 aa
Sequence 3: 1.W.8_g1_2   110 aa
Sequence 4: 1.W.8_g1_3    77 aa
Sequence 5: 1.W.8_g1_4    71 aa
Start of Pairwise alignments
Aligning...

Sequences (1:2) Aligned. Score:  4
Sequences (1:3) Aligned. Score:  3
Sequences (1:4) Aligned. Score:  15
Sequences (1:5) Aligned. Score:  5
Sequences (2:3) Aligned. Score:  11
Sequences (2:4) Aligned. Score:  12
Sequences (2:5) Aligned. Score:  8
Sequences (3:4) Aligned. Score:  6
Sequences (3:5) Aligned. Score:  4
Sequences (4:5) Aligned. Score:  12
Guide tree file created:   [holes\1.W.8_1_holes.dnd]

There are 4 groups
Start of Multiple Alignment

Aligning...
Group 1:                     Delayed
Group 2:                     Delayed
Group 3:                     Delayed
Group 4:                     Delayed
Alignment Score -384

CLUSTAL-Alignment file created  [aligns\1.W.8_1_align.aln]

