


 CLUSTAL 2.1 Multiple Sequence Alignments


Sequence format is Pearson
Sequence 1: 1.W.1_g0_0    54 aa
Sequence 2: 1.W.1_g0_1   225 aa
Sequence 3: 1.W.1_g0_2   437 aa
Sequence 4: 1.W.1_g0_3    58 aa
Start of Pairwise alignments
Aligning...

Sequences (1:2) Aligned. Score:  11
Sequences (1:3) Aligned. Score:  11
Sequences (1:4) Aligned. Score:  14
Sequences (2:3) Aligned. Score:  9
Sequences (2:4) Aligned. Score:  10
Sequences (3:4) Aligned. Score:  6
Guide tree file created:   [holes\1.W.1_0_holes.dnd]

There are 3 groups
Start of Multiple Alignment

Aligning...
Group 1:                     Delayed
Group 2:                     Delayed
Group 3:                     Delayed
Alignment Score -166

CLUSTAL-Alignment file created  [aligns\1.W.1_0_align.aln]

