


 CLUSTAL 2.1 Multiple Sequence Alignments


Sequence format is Pearson
Sequence 1: 2.A.122.2.1_g0_0   335 aa
Sequence 2: 2.A.122.2.2_g0_1   342 aa
Sequence 3: 2.A.122.2.3_g0_2   269 aa
Sequence 4: 2.A.122.2.4_g0_3   255 aa
Sequence 5: 2.A.122.2.5_g0_4   277 aa
Sequence 6: 2.A.122.2.6_g0_5   213 aa
Sequence 7: 2.A.122.3.1_g0_6   396 aa
Start of Pairwise alignments
Aligning...

Sequences (1:2) Aligned. Score:  51
Sequences (1:3) Aligned. Score:  56
Sequences (1:4) Aligned. Score:  25
Sequences (1:5) Aligned. Score:  17
Sequences (1:6) Aligned. Score:  23
Sequences (1:7) Aligned. Score:  5
Sequences (2:3) Aligned. Score:  73
Sequences (2:4) Aligned. Score:  32
Sequences (2:5) Aligned. Score:  18
Sequences (2:6) Aligned. Score:  23
Sequences (2:7) Aligned. Score:  7
Sequences (3:4) Aligned. Score:  26
Sequences (3:5) Aligned. Score:  15
Sequences (3:6) Aligned. Score:  23
Sequences (3:7) Aligned. Score:  12
Sequences (4:5) Aligned. Score:  14
Sequences (4:6) Aligned. Score:  16
Sequences (4:7) Aligned. Score:  6
Sequences (5:6) Aligned. Score:  22
Sequences (5:7) Aligned. Score:  12
Sequences (6:7) Aligned. Score:  10
Guide tree file created:   [holes\2.A.122_0_holes.dnd]

There are 6 groups
Start of Multiple Alignment

Aligning...
Group 1: Sequences:   2      Score:5111
Group 2: Sequences:   3      Score:5116
Group 3:                     Delayed
Group 4:                     Delayed
Group 5:                     Delayed
Group 6:                     Delayed
Alignment Score 4886

CLUSTAL-Alignment file created  [aligns\2.A.122_0_align.aln]

