


 CLUSTAL 2.1 Multiple Sequence Alignments


Sequence format is Pearson
Sequence 1: 2.A.97_g0_0   152 aa
Sequence 2: 2.A.97_g0_1    82 aa
Sequence 3: 2.A.97_g0_2   180 aa
Sequence 4: 2.A.97_g0_3    81 aa
Sequence 5: 2.A.97_g0_4    78 aa
Sequence 6: 2.A.97_g0_5   319 aa
Start of Pairwise alignments
Aligning...

Sequences (1:2) Aligned. Score:  7
Sequences (1:3) Aligned. Score:  5
Sequences (1:4) Aligned. Score:  16
Sequences (1:5) Aligned. Score:  11
Sequences (1:6) Aligned. Score:  3
Sequences (2:3) Aligned. Score:  8
Sequences (2:4) Aligned. Score:  8
Sequences (2:5) Aligned. Score:  7
Sequences (2:6) Aligned. Score:  4
Sequences (3:4) Aligned. Score:  11
Sequences (3:5) Aligned. Score:  5
Sequences (3:6) Aligned. Score:  6
Sequences (4:5) Aligned. Score:  6
Sequences (4:6) Aligned. Score:  8
Sequences (5:6) Aligned. Score:  5
Guide tree file created:   [holes\2.A.97_0_holes.dnd]

There are 5 groups
Start of Multiple Alignment

Aligning...
Group 1:                     Delayed
Group 2:                     Delayed
Group 3:                     Delayed
Group 4:                     Delayed
Group 5:                     Delayed
Alignment Score -1140

CLUSTAL-Alignment file created  [aligns\2.A.97_0_align.aln]

