


 CLUSTAL 2.1 Multiple Sequence Alignments


Sequence format is Pearson
Sequence 1: 2.A.97_g1_0   322 aa
Sequence 2: 2.A.97_g1_1   220 aa
Sequence 3: 2.A.97_g1_2   111 aa
Sequence 4: 2.A.97_g1_3   187 aa
Sequence 5: 2.A.97_g1_4   106 aa
Sequence 6: 2.A.97_g1_5   212 aa
Start of Pairwise alignments
Aligning...

Sequences (1:2) Aligned. Score:  11
Sequences (1:3) Aligned. Score:  22
Sequences (1:4) Aligned. Score:  9
Sequences (1:5) Aligned. Score:  12
Sequences (1:6) Aligned. Score:  10
Sequences (2:3) Aligned. Score:  19
Sequences (2:4) Aligned. Score:  3
Sequences (2:5) Aligned. Score:  12
Sequences (2:6) Aligned. Score:  7
Sequences (3:4) Aligned. Score:  7
Sequences (3:5) Aligned. Score:  3
Sequences (3:6) Aligned. Score:  7
Sequences (4:5) Aligned. Score:  10
Sequences (4:6) Aligned. Score:  7
Sequences (5:6) Aligned. Score:  3
Guide tree file created:   [holes\2.A.97_1_holes.dnd]

There are 5 groups
Start of Multiple Alignment

Aligning...
Group 1:                     Delayed
Group 2:                     Delayed
Group 3:                     Delayed
Group 4:                     Delayed
Group 5:                     Delayed
Alignment Score -911

CLUSTAL-Alignment file created  [aligns\2.A.97_1_align.aln]

