


 CLUSTAL 2.1 Multiple Sequence Alignments


Sequence format is Pearson
Sequence 1: 2.A.41_g1_0    72 aa
Sequence 2: 2.A.41_g1_1    58 aa
Sequence 3: 2.A.41_g1_2    57 aa
Sequence 4: 2.A.41_g1_3    58 aa
Sequence 5: 2.A.41_g1_4    72 aa
Sequence 6: 2.A.41_g1_5    75 aa
Sequence 7: 2.A.41_g1_6    76 aa
Sequence 8: 2.A.41_g1_7    79 aa
Start of Pairwise alignments
Aligning...

Sequences (1:2) Aligned. Score:  50
Sequences (1:3) Aligned. Score:  50
Sequences (1:4) Aligned. Score:  50
Sequences (1:5) Aligned. Score:  75
Sequences (1:6) Aligned. Score:  18
Sequences (1:7) Aligned. Score:  25
Sequences (1:8) Aligned. Score:  22
Sequences (2:3) Aligned. Score:  71
Sequences (2:4) Aligned. Score:  100
Sequences (2:5) Aligned. Score:  55
Sequences (2:6) Aligned. Score:  17
Sequences (2:7) Aligned. Score:  24
Sequences (2:8) Aligned. Score:  17
Sequences (3:4) Aligned. Score:  71
Sequences (3:5) Aligned. Score:  59
Sequences (3:6) Aligned. Score:  19
Sequences (3:7) Aligned. Score:  33
Sequences (3:8) Aligned. Score:  26
Sequences (4:5) Aligned. Score:  55
Sequences (4:6) Aligned. Score:  17
Sequences (4:7) Aligned. Score:  24
Sequences (4:8) Aligned. Score:  17
Sequences (5:6) Aligned. Score:  16
Sequences (5:7) Aligned. Score:  25
Sequences (5:8) Aligned. Score:  20
Sequences (6:7) Aligned. Score:  24
Sequences (6:8) Aligned. Score:  26
Sequences (7:8) Aligned. Score:  65
Guide tree file created:   [holes\2.A.41_1_holes.dnd]

There are 7 groups
Start of Multiple Alignment

Aligning...
Group 1: Sequences:   2      Score:1391
Group 2: Sequences:   2      Score:1294
Group 3: Sequences:   3      Score:1120
Group 4: Sequences:   5      Score:960
Group 5: Sequences:   2      Score:1405
Group 6: Sequences:   7      Score:274
Group 7:                     Delayed
Alignment Score 4087

CLUSTAL-Alignment file created  [aligns\2.A.41_1_align.aln]

