


 CLUSTAL 2.1 Multiple Sequence Alignments


Sequence format is Pearson
Sequence 1: 2.A.41.2.1_g0_0    174 aa
Sequence 2: 2.A.41.2.12_g0_1   183 aa
Sequence 3: 2.A.41.2.13_g0_2   178 aa
Sequence 4: 2.A.41.2.2_g0_3    178 aa
Sequence 5: 2.A.41.2.3_g0_4    178 aa
Sequence 6: 2.A.41.2.4_g0_5    173 aa
Sequence 7: 2.A.41.2.6_g0_6    213 aa
Sequence 8: 2.A.41.2.7_g0_7    188 aa
Sequence 9: 2.A.41.2.8_g0_8    200 aa
Start of Pairwise alignments
Aligning...

Sequences (1:2) Aligned. Score:  8
Sequences (1:3) Aligned. Score:  42
Sequences (1:4) Aligned. Score:  44
Sequences (1:5) Aligned. Score:  42
Sequences (1:6) Aligned. Score:  67
Sequences (1:7) Aligned. Score:  22
Sequences (1:8) Aligned. Score:  6
Sequences (1:9) Aligned. Score:  24
Sequences (2:3) Aligned. Score:  10
Sequences (2:4) Aligned. Score:  6
Sequences (2:5) Aligned. Score:  10
Sequences (2:6) Aligned. Score:  10
Sequences (2:7) Aligned. Score:  9
Sequences (2:8) Aligned. Score:  9
Sequences (2:9) Aligned. Score:  8
Sequences (3:4) Aligned. Score:  66
Sequences (3:5) Aligned. Score:  100
Sequences (3:6) Aligned. Score:  45
Sequences (3:7) Aligned. Score:  20
Sequences (3:8) Aligned. Score:  1
Sequences (3:9) Aligned. Score:  17
Sequences (4:5) Aligned. Score:  66
Sequences (4:6) Aligned. Score:  43
Sequences (4:7) Aligned. Score:  17
Sequences (4:8) Aligned. Score:  5
Sequences (4:9) Aligned. Score:  24
Sequences (5:6) Aligned. Score:  45
Sequences (5:7) Aligned. Score:  20
Sequences (5:8) Aligned. Score:  1
Sequences (5:9) Aligned. Score:  17
Sequences (6:7) Aligned. Score:  20
Sequences (6:8) Aligned. Score:  6
Sequences (6:9) Aligned. Score:  21
Sequences (7:8) Aligned. Score:  6
Sequences (7:9) Aligned. Score:  60
Sequences (8:9) Aligned. Score:  11
Guide tree file created:   [holes\2.A.41_0_holes.dnd]

There are 8 groups
Start of Multiple Alignment

Aligning...
Group 1:                     Delayed
Group 2: Sequences:   2      Score:3106
Group 3: Sequences:   2      Score:3874
Group 4: Sequences:   3      Score:3208
Group 5: Sequences:   5      Score:2599
Group 6: Sequences:   2      Score:3588
Group 7: Sequences:   7      Score:1510
Group 8:                     Delayed
Alignment Score 6549

CLUSTAL-Alignment file created  [aligns\2.A.41_0_align.aln]

