


 CLUSTAL 2.1 Multiple Sequence Alignments


Sequence format is Pearson
Sequence 1: 2.A.106_g0_0   158 aa
Sequence 2: 2.A.106_g0_1   131 aa
Sequence 3: 2.A.106_g0_2   145 aa
Sequence 4: 2.A.106_g0_3    95 aa
Sequence 5: 2.A.106_g0_4    80 aa
Sequence 6: 2.A.106_g0_5   235 aa
Start of Pairwise alignments
Aligning...

Sequences (1:2) Aligned. Score:  10
Sequences (1:3) Aligned. Score:  11
Sequences (1:4) Aligned. Score:  9
Sequences (1:5) Aligned. Score:  11
Sequences (1:6) Aligned. Score:  7
Sequences (2:3) Aligned. Score:  7
Sequences (2:4) Aligned. Score:  11
Sequences (2:5) Aligned. Score:  10
Sequences (2:6) Aligned. Score:  9
Sequences (3:4) Aligned. Score:  12
Sequences (3:5) Aligned. Score:  12
Sequences (3:6) Aligned. Score:  9
Sequences (4:5) Aligned. Score:  77
Sequences (4:6) Aligned. Score:  9
Sequences (5:6) Aligned. Score:  20
Guide tree file created:   [holes\2.A.106_0_holes.dnd]

There are 5 groups
Start of Multiple Alignment

Aligning...
Group 1: Sequences:   2      Score:1539
Group 2:                     Delayed
Group 3:                     Delayed
Group 4:                     Delayed
Group 5:                     Delayed
Alignment Score -445

CLUSTAL-Alignment file created  [aligns\2.A.106_0_align.aln]

