


 CLUSTAL 2.1 Multiple Sequence Alignments


Sequence format is Pearson
Sequence 1: 2.A.92_g0_0   292 aa
Sequence 2: 2.A.92_g0_1   325 aa
Sequence 3: 2.A.92_g0_2   317 aa
Sequence 4: 2.A.92_g0_3   288 aa
Sequence 5: 2.A.92_g0_4   336 aa
Sequence 6: 2.A.92_g0_5   329 aa
Sequence 7: 2.A.92_g0_6   293 aa
Sequence 8: 2.A.92_g0_7   313 aa
Sequence 9: 2.A.92_g0_8   186 aa
Sequence 10: 2.A.92_g0_9   204 aa
Start of Pairwise alignments
Aligning...

Sequences (1:2) Aligned. Score:  14
Sequences (1:3) Aligned. Score:  19
Sequences (1:4) Aligned. Score:  41
Sequences (1:5) Aligned. Score:  18
Sequences (1:6) Aligned. Score:  19
Sequences (1:7) Aligned. Score:  92
Sequences (1:8) Aligned. Score:  16
Sequences (1:9) Aligned. Score:  9
Sequences (1:10) Aligned. Score:  18
Sequences (2:3) Aligned. Score:  13
Sequences (2:4) Aligned. Score:  15
Sequences (2:5) Aligned. Score:  13
Sequences (2:6) Aligned. Score:  15
Sequences (2:7) Aligned. Score:  17
Sequences (2:8) Aligned. Score:  15
Sequences (2:9) Aligned. Score:  13
Sequences (2:10) Aligned. Score:  13
Sequences (3:4) Aligned. Score:  18
Sequences (3:5) Aligned. Score:  86
Sequences (3:6) Aligned. Score:  47
Sequences (3:7) Aligned. Score:  19
Sequences (3:8) Aligned. Score:  42
Sequences (3:9) Aligned. Score:  16
Sequences (3:10) Aligned. Score:  14
Sequences (4:5) Aligned. Score:  18
Sequences (4:6) Aligned. Score:  17
Sequences (4:7) Aligned. Score:  43
Sequences (4:8) Aligned. Score:  19
Sequences (4:9) Aligned. Score:  12
Sequences (4:10) Aligned. Score:  14
Sequences (5:6) Aligned. Score:  46
Sequences (5:7) Aligned. Score:  20
Sequences (5:8) Aligned. Score:  42
Sequences (5:9) Aligned. Score:  14
Sequences (5:10) Aligned. Score:  16
Sequences (6:7) Aligned. Score:  21
Sequences (6:8) Aligned. Score:  39
Sequences (6:9) Aligned. Score:  16
Sequences (6:10) Aligned. Score:  16
Sequences (7:8) Aligned. Score:  16
Sequences (7:9) Aligned. Score:  11
Sequences (7:10) Aligned. Score:  17
Sequences (8:9) Aligned. Score:  15
Sequences (8:10) Aligned. Score:  17
Sequences (9:10) Aligned. Score:  16
Guide tree file created:   [holes\2.A.92_0_holes.dnd]

There are 9 groups
Start of Multiple Alignment

Aligning...
Group 1: Sequences:   2      Score:6221
Group 2: Sequences:   3      Score:4536
Group 3: Sequences:   2      Score:6627
Group 4: Sequences:   3      Score:5363
Group 5: Sequences:   4      Score:4706
Group 6: Sequences:   7      Score:2110
Group 7:                     Delayed
Group 8:                     Delayed
Group 9:                     Delayed
Alignment Score 10677

CLUSTAL-Alignment file created  [aligns\2.A.92_0_align.aln]

