


 CLUSTAL 2.1 Multiple Sequence Alignments


Sequence format is Pearson
Sequence 1: 2.A.32.1.10_g0_0   141 aa
Sequence 2: 2.A.32.1.11_g0_1   158 aa
Sequence 3: 2.A.32.1.15_g0_2   236 aa
Sequence 4: 2.A.32.1.8_g0_3    188 aa
Sequence 5: 2.A.32.1.9_g0_4    132 aa
Start of Pairwise alignments
Aligning...

Sequences (1:2) Aligned. Score:  4
Sequences (1:3) Aligned. Score:  4
Sequences (1:4) Aligned. Score:  14
Sequences (1:5) Aligned. Score:  21
Sequences (2:3) Aligned. Score:  8
Sequences (2:4) Aligned. Score:  10
Sequences (2:5) Aligned. Score:  11
Sequences (3:4) Aligned. Score:  4
Sequences (3:5) Aligned. Score:  5
Sequences (4:5) Aligned. Score:  34
Guide tree file created:   [holes\2.A.32_0_holes.dnd]

There are 4 groups
Start of Multiple Alignment

Aligning...
Group 1: Sequences:   2      Score:1603
Group 2:                     Delayed
Group 3:                     Delayed
Group 4:                     Delayed
Alignment Score 193

CLUSTAL-Alignment file created  [aligns\2.A.32_0_align.aln]

