


 CLUSTAL 2.1 Multiple Sequence Alignments


Sequence format is Pearson
Sequence 1: 2.A.71.1.4_g0_0    95 aa
Sequence 2: 2.A.71.2.2_g0_1   114 aa
Sequence 3: 2.A.71.2.5_g0_2    59 aa
Sequence 4: 2.A.71.2.7_g0_3    54 aa
Start of Pairwise alignments
Aligning...

Sequences (1:2) Aligned. Score:  9
Sequences (1:3) Aligned. Score:  3
Sequences (1:4) Aligned. Score:  5
Sequences (2:3) Aligned. Score:  10
Sequences (2:4) Aligned. Score:  5
Sequences (3:4) Aligned. Score:  5
Guide tree file created:   [holes\2.A.71_0_holes.dnd]

There are 3 groups
Start of Multiple Alignment

Aligning...
Group 1:                     Delayed
Group 2:                     Delayed
Group 3:                     Delayed
Alignment Score -324

CLUSTAL-Alignment file created  [aligns\2.A.71_0_align.aln]

