


 CLUSTAL 2.1 Multiple Sequence Alignments


Sequence format is Pearson
Sequence 1: 2.A.110_g0_0    71 aa
Sequence 2: 2.A.110_g0_1   106 aa
Sequence 3: 2.A.110_g0_2    71 aa
Sequence 4: 2.A.110_g0_3    73 aa
Start of Pairwise alignments
Aligning...

Sequences (1:2) Aligned. Score:  15
Sequences (1:3) Aligned. Score:  29
Sequences (1:4) Aligned. Score:  11
Sequences (2:3) Aligned. Score:  18
Sequences (2:4) Aligned. Score:  19
Sequences (3:4) Aligned. Score:  15
Guide tree file created:   [holes\2.A.110_0_holes.dnd]

There are 3 groups
Start of Multiple Alignment

Aligning...
Group 1:                     Delayed
Group 2:                     Delayed
Group 3:                     Delayed
Alignment Score 305

CLUSTAL-Alignment file created  [aligns\2.A.110_0_align.aln]

