


 CLUSTAL 2.1 Multiple Sequence Alignments


Sequence format is Pearson
Sequence 1: 2.A.100_g0_0   145 aa
Sequence 2: 2.A.100_g0_1    62 aa
Sequence 3: 2.A.100_g0_2    91 aa
Sequence 4: 2.A.100_g0_3   109 aa
Start of Pairwise alignments
Aligning...

Sequences (1:2) Aligned. Score:  6
Sequences (1:3) Aligned. Score:  3
Sequences (1:4) Aligned. Score:  9
Sequences (2:3) Aligned. Score:  4
Sequences (2:4) Aligned. Score:  6
Sequences (3:4) Aligned. Score:  5
Guide tree file created:   [holes\2.A.100_0_holes.dnd]

There are 3 groups
Start of Multiple Alignment

Aligning...
Group 1:                     Delayed
Group 2:                     Delayed
Group 3:                     Delayed
Alignment Score -328

CLUSTAL-Alignment file created  [aligns\2.A.100_0_align.aln]

