


 CLUSTAL 2.1 Multiple Sequence Alignments


Sequence format is Pearson
Sequence 1: 2.A.96_g0_0   103 aa
Sequence 2: 2.A.96_g0_1    54 aa
Sequence 3: 2.A.96_g0_2    64 aa
Sequence 4: 2.A.96_g0_3    59 aa
Sequence 5: 2.A.96_g0_4    54 aa
Sequence 6: 2.A.96_g0_5    63 aa
Sequence 7: 2.A.96_g0_6    58 aa
Sequence 8: 2.A.96_g0_7    88 aa
Start of Pairwise alignments
Aligning...

Sequences (1:2) Aligned. Score:  18
Sequences (1:3) Aligned. Score:  4
Sequences (1:4) Aligned. Score:  15
Sequences (1:5) Aligned. Score:  5
Sequences (1:6) Aligned. Score:  6
Sequences (1:7) Aligned. Score:  13
Sequences (1:8) Aligned. Score:  10
Sequences (2:3) Aligned. Score:  9
Sequences (2:4) Aligned. Score:  31
Sequences (2:5) Aligned. Score:  5
Sequences (2:6) Aligned. Score:  5
Sequences (2:7) Aligned. Score:  24
Sequences (2:8) Aligned. Score:  9
Sequences (3:4) Aligned. Score:  11
Sequences (3:5) Aligned. Score:  7
Sequences (3:6) Aligned. Score:  4
Sequences (3:7) Aligned. Score:  12
Sequences (3:8) Aligned. Score:  4
Sequences (4:5) Aligned. Score:  12
Sequences (4:6) Aligned. Score:  5
Sequences (4:7) Aligned. Score:  53
Sequences (4:8) Aligned. Score:  11
Sequences (5:6) Aligned. Score:  12
Sequences (5:7) Aligned. Score:  12
Sequences (5:8) Aligned. Score:  11
Sequences (6:7) Aligned. Score:  6
Sequences (6:8) Aligned. Score:  6
Sequences (7:8) Aligned. Score:  8
Guide tree file created:   [holes\2.A.96_0_holes.dnd]

There are 7 groups
Start of Multiple Alignment

Aligning...
Group 1: Sequences:   2      Score:947
Group 2:                     Delayed
Group 3:                     Delayed
Group 4:                     Delayed
Group 5:                     Delayed
Group 6:                     Delayed
Group 7:                     Delayed
Alignment Score -731

CLUSTAL-Alignment file created  [aligns\2.A.96_0_align.aln]

