


 CLUSTAL 2.1 Multiple Sequence Alignments


Sequence format is Pearson
Sequence 1: 2.A.52_g0_0    78 aa
Sequence 2: 2.A.52_g0_1    80 aa
Sequence 3: 2.A.52_g0_2   167 aa
Sequence 4: 2.A.52_g0_3   172 aa
Sequence 5: 2.A.52_g0_4    90 aa
Sequence 6: 2.A.52_g0_5   171 aa
Start of Pairwise alignments
Aligning...

Sequences (1:2) Aligned. Score:  26
Sequences (1:3) Aligned. Score:  12
Sequences (1:4) Aligned. Score:  23
Sequences (1:5) Aligned. Score:  6
Sequences (1:6) Aligned. Score:  17
Sequences (2:3) Aligned. Score:  17
Sequences (2:4) Aligned. Score:  15
Sequences (2:5) Aligned. Score:  13
Sequences (2:6) Aligned. Score:  16
Sequences (3:4) Aligned. Score:  44
Sequences (3:5) Aligned. Score:  3
Sequences (3:6) Aligned. Score:  49
Sequences (4:5) Aligned. Score:  7
Sequences (4:6) Aligned. Score:  36
Sequences (5:6) Aligned. Score:  3
Guide tree file created:   [holes\2.A.52_0_holes.dnd]

There are 5 groups
Start of Multiple Alignment

Aligning...
Group 1: Sequences:   2      Score:2524
Group 2: Sequences:   3      Score:2477
Group 3:                     Delayed
Group 4:                     Delayed
Group 5:                     Delayed
Alignment Score 751

CLUSTAL-Alignment file created  [aligns\2.A.52_0_align.aln]

