


 CLUSTAL 2.1 Multiple Sequence Alignments


Sequence format is Pearson
Sequence 1: 2.D.1_g2_0    55 aa
Sequence 2: 2.D.1_g2_1   162 aa
Sequence 3: 2.D.1_g2_2   143 aa
Sequence 4: 2.D.1_g2_3   136 aa
Start of Pairwise alignments
Aligning...

Sequences (1:2) Aligned. Score:  9
Sequences (1:3) Aligned. Score:  21
Sequences (1:4) Aligned. Score:  9
Sequences (2:3) Aligned. Score:  11
Sequences (2:4) Aligned. Score:  23
Sequences (3:4) Aligned. Score:  5
Guide tree file created:   [holes\2.D.1_2_holes.dnd]

There are 3 groups
Start of Multiple Alignment

Aligning...
Group 1:                     Delayed
Group 2:                     Delayed
Group 3:                     Delayed
Alignment Score -22

CLUSTAL-Alignment file created  [aligns\2.D.1_2_align.aln]

