


 CLUSTAL 2.1 Multiple Sequence Alignments


Sequence format is Pearson
Sequence 1: 4.E.1_g0_0   106 aa
Sequence 2: 4.E.1_g0_1   111 aa
Sequence 3: 4.E.1_g0_2    95 aa
Sequence 4: 4.E.1_g0_3   269 aa
Sequence 5: 4.E.1_g0_4   493 aa
Start of Pairwise alignments
Aligning...

Sequences (1:2) Aligned. Score:  39
Sequences (1:3) Aligned. Score:  7
Sequences (1:4) Aligned. Score:  11
Sequences (1:5) Aligned. Score:  6
Sequences (2:3) Aligned. Score:  6
Sequences (2:4) Aligned. Score:  4
Sequences (2:5) Aligned. Score:  3
Sequences (3:4) Aligned. Score:  10
Sequences (3:5) Aligned. Score:  9
Sequences (4:5) Aligned. Score:  3
Guide tree file created:   [holes\4.E.1_0_holes.dnd]

There are 4 groups
Start of Multiple Alignment

Aligning...
Group 1:                     Delayed
Group 2: Sequences:   2      Score:1564
Group 3:                     Delayed
Group 4:                     Delayed
Alignment Score -245

CLUSTAL-Alignment file created  [aligns\4.E.1_0_align.aln]

