


 CLUSTAL 2.1 Multiple Sequence Alignments


Sequence format is Pearson
Sequence 1: 5.B.2.3.3_g1_0    98 aa
Sequence 2: 5.B.2.2.3_g1_1    94 aa
Sequence 3: 5.B.2.2.5_g1_2    97 aa
Sequence 4: 5.B.2.3.4_g1_3    75 aa
Start of Pairwise alignments
Aligning...

Sequences (1:2) Aligned. Score:  4
Sequences (1:3) Aligned. Score:  6
Sequences (1:4) Aligned. Score:  5
Sequences (2:3) Aligned. Score:  4
Sequences (2:4) Aligned. Score:  5
Sequences (3:4) Aligned. Score:  8
Guide tree file created:   [holes\5.B.2_1_holes.dnd]

There are 3 groups
Start of Multiple Alignment

Aligning...
Group 1:                     Delayed
Group 2:                     Delayed
Group 3:                     Delayed
Alignment Score -395

CLUSTAL-Alignment file created  [aligns\5.B.2_1_align.aln]

