


 CLUSTAL 2.1 Multiple Sequence Alignments


Sequence format is Pearson
Sequence 1: 8.A.175.1.1_g0_0    57 aa
Sequence 2: 8.A.175.1.2_g0_1    59 aa
Sequence 3: 8.A.175.2.1_g0_2   112 aa
Sequence 4: 8.A.175.2.2_g0_3    97 aa
Sequence 5: 8.A.175.2.3_g0_4    59 aa
Sequence 6: 8.A.175.2.4_g0_5    81 aa
Sequence 7: 8.A.175.2.5_g0_6    54 aa
Start of Pairwise alignments
Aligning...

Sequences (1:2) Aligned. Score:  28
Sequences (1:3) Aligned. Score:  28
Sequences (1:4) Aligned. Score:  28
Sequences (1:5) Aligned. Score:  12
Sequences (1:6) Aligned. Score:  7
Sequences (1:7) Aligned. Score:  11
Sequences (2:3) Aligned. Score:  32
Sequences (2:4) Aligned. Score:  32
Sequences (2:5) Aligned. Score:  20
Sequences (2:6) Aligned. Score:  16
Sequences (2:7) Aligned. Score:  7
Sequences (3:4) Aligned. Score:  32
Sequences (3:5) Aligned. Score:  20
Sequences (3:6) Aligned. Score:  7
Sequences (3:7) Aligned. Score:  16
Sequences (4:5) Aligned. Score:  10
Sequences (4:6) Aligned. Score:  4
Sequences (4:7) Aligned. Score:  20
Sequences (5:6) Aligned. Score:  18
Sequences (5:7) Aligned. Score:  14
Sequences (6:7) Aligned. Score:  11
Guide tree file created:   [holes\8.A.175_0_holes.dnd]

There are 6 groups
Start of Multiple Alignment

Aligning...
Group 1:                     Delayed
Group 2: Sequences:   2      Score:373
Group 3: Sequences:   3      Score:440
Group 4:                     Delayed
Group 5:                     Delayed
Group 6:                     Delayed
Alignment Score 426

CLUSTAL-Alignment file created  [aligns\8.A.175_0_align.aln]

