


 CLUSTAL 2.1 Multiple Sequence Alignments


Sequence format is Pearson
Sequence 1: 8.A.129.1.1_g0_0    93 aa
Sequence 2: 8.A.129.1.2_g0_1    54 aa
Sequence 3: 8.A.129.1.5_g0_2   195 aa
Sequence 4: 8.A.129.1.7_g0_3   204 aa
Start of Pairwise alignments
Aligning...

Sequences (1:2) Aligned. Score:  7
Sequences (1:3) Aligned. Score:  6
Sequences (1:4) Aligned. Score:  8
Sequences (2:3) Aligned. Score:  16
Sequences (2:4) Aligned. Score:  7
Sequences (3:4) Aligned. Score:  3
Guide tree file created:   [holes\8.A.129_0_holes.dnd]

There are 3 groups
Start of Multiple Alignment

Aligning...
Group 1:                     Delayed
Group 2:                     Delayed
Group 3:                     Delayed
Alignment Score -259

CLUSTAL-Alignment file created  [aligns\8.A.129_0_align.aln]

