


 CLUSTAL 2.1 Multiple Sequence Alignments


Sequence format is Pearson
Sequence 1: 8.A.192_g1_0   136 aa
Sequence 2: 8.A.192_g1_1   144 aa
Sequence 3: 8.A.192_g1_2   169 aa
Sequence 4: 8.A.192_g1_3   136 aa
Start of Pairwise alignments
Aligning...

Sequences (1:2) Aligned. Score:  44
Sequences (1:3) Aligned. Score:  27
Sequences (1:4) Aligned. Score:  37
Sequences (2:3) Aligned. Score:  32
Sequences (2:4) Aligned. Score:  53
Sequences (3:4) Aligned. Score:  29
Guide tree file created:   [holes\8.A.192_1_holes.dnd]

There are 3 groups
Start of Multiple Alignment

Aligning...
Group 1: Sequences:   2      Score:2294
Group 2: Sequences:   3      Score:1980
Group 3: Sequences:   4      Score:1470
Alignment Score 1580

CLUSTAL-Alignment file created  [aligns\8.A.192_1_align.aln]

