


 CLUSTAL 2.1 Multiple Sequence Alignments


Sequence format is Pearson
Sequence 1: 8.A.44_g1_0   146 aa
Sequence 2: 8.A.44_g1_1   133 aa
Sequence 3: 8.A.44_g1_2   143 aa
Sequence 4: 8.A.44_g1_3   164 aa
Start of Pairwise alignments
Aligning...

Sequences (1:2) Aligned. Score:  11
Sequences (1:3) Aligned. Score:  2
Sequences (1:4) Aligned. Score:  15
Sequences (2:3) Aligned. Score:  6
Sequences (2:4) Aligned. Score:  38
Sequences (3:4) Aligned. Score:  4
Guide tree file created:   [holes\8.A.44_1_holes.dnd]

There are 3 groups
Start of Multiple Alignment

Aligning...
Group 1: Sequences:   2      Score:1930
Group 2:                     Delayed
Group 3:                     Delayed
Alignment Score -212

CLUSTAL-Alignment file created  [aligns\8.A.44_1_align.aln]

