


 CLUSTAL 2.1 Multiple Sequence Alignments


Sequence format is Pearson
Sequence 1: 8.A.85.1.1_g1_0    71 aa
Sequence 2: 8.A.85.1.7_g1_1    76 aa
Sequence 3: 8.A.85.1.8_g1_2   140 aa
Sequence 4: 8.A.85.1.9_g1_3    79 aa
Sequence 5: 8.A.85.2.1_g1_4    59 aa
Start of Pairwise alignments
Aligning...

Sequences (1:2) Aligned. Score:  2
Sequences (1:3) Aligned. Score:  8
Sequences (1:4) Aligned. Score:  5
Sequences (1:5) Aligned. Score:  8
Sequences (2:3) Aligned. Score:  18
Sequences (2:4) Aligned. Score:  5
Sequences (2:5) Aligned. Score:  5
Sequences (3:4) Aligned. Score:  12
Sequences (3:5) Aligned. Score:  5
Sequences (4:5) Aligned. Score:  3
Guide tree file created:   [holes\8.A.85_1_holes.dnd]

There are 4 groups
Start of Multiple Alignment

Aligning...
Group 1:                     Delayed
Group 2:                     Delayed
Group 3:                     Delayed
Group 4:                     Delayed
Alignment Score -620

CLUSTAL-Alignment file created  [aligns\8.A.85_1_align.aln]

