


 CLUSTAL 2.1 Multiple Sequence Alignments


Sequence format is Pearson
Sequence 1: 8.A.178_g0_0   196 aa
Sequence 2: 8.A.178_g0_1    73 aa
Sequence 3: 8.A.178_g0_2   104 aa
Sequence 4: 8.A.178_g0_3   132 aa
Sequence 5: 8.A.178_g0_4    71 aa
Start of Pairwise alignments
Aligning...

Sequences (1:2) Aligned. Score:  12
Sequences (1:3) Aligned. Score:  9
Sequences (1:4) Aligned. Score:  5
Sequences (1:5) Aligned. Score:  8
Sequences (2:3) Aligned. Score:  4
Sequences (2:4) Aligned. Score:  6
Sequences (2:5) Aligned. Score:  4
Sequences (3:4) Aligned. Score:  4
Sequences (3:5) Aligned. Score:  8
Sequences (4:5) Aligned. Score:  7
Guide tree file created:   [holes\8.A.178_0_holes.dnd]

There are 4 groups
Start of Multiple Alignment

Aligning...
Group 1:                     Delayed
Group 2:                     Delayed
Group 3:                     Delayed
Group 4:                     Delayed
Alignment Score -631

CLUSTAL-Alignment file created  [aligns\8.A.178_0_align.aln]

