


 CLUSTAL 2.1 Multiple Sequence Alignments


Sequence format is Pearson
Sequence 1: 8.A.156_g1_0    61 aa
Sequence 2: 8.A.156_g1_1   128 aa
Sequence 3: 8.A.156_g1_2    78 aa
Sequence 4: 8.A.156_g1_3    82 aa
Start of Pairwise alignments
Aligning...

Sequences (1:2) Aligned. Score:  13
Sequences (1:3) Aligned. Score:  3
Sequences (1:4) Aligned. Score:  4
Sequences (2:3) Aligned. Score:  8
Sequences (2:4) Aligned. Score:  7
Sequences (3:4) Aligned. Score:  6
Guide tree file created:   [holes\8.A.156_1_holes.dnd]

There are 3 groups
Start of Multiple Alignment

Aligning...
Group 1:                     Delayed
Group 2:                     Delayed
Group 3:                     Delayed
Alignment Score -91

CLUSTAL-Alignment file created  [aligns\8.A.156_1_align.aln]

