


 CLUSTAL 2.1 Multiple Sequence Alignments


Sequence format is Pearson
Sequence 1: 8.A.84_g0_0    78 aa
Sequence 2: 8.A.84_g0_1    61 aa
Sequence 3: 8.A.84_g0_2    57 aa
Sequence 4: 8.A.84_g0_3    71 aa
Start of Pairwise alignments
Aligning...

Sequences (1:2) Aligned. Score:  14
Sequences (1:3) Aligned. Score:  10
Sequences (1:4) Aligned. Score:  16
Sequences (2:3) Aligned. Score:  31
Sequences (2:4) Aligned. Score:  34
Sequences (3:4) Aligned. Score:  40
Guide tree file created:   [holes\8.A.84_0_holes.dnd]

There are 3 groups
Start of Multiple Alignment

Aligning...
Group 1: Sequences:   2      Score:857
Group 2: Sequences:   3      Score:406
Group 3:                     Delayed
Alignment Score 520

CLUSTAL-Alignment file created  [aligns\8.A.84_0_align.aln]

