


 CLUSTAL 2.1 Multiple Sequence Alignments


Sequence format is Pearson
Sequence 1: 8.A.196_g1_0    56 aa
Sequence 2: 8.A.196_g1_1    72 aa
Sequence 3: 8.A.196_g1_2    76 aa
Sequence 4: 8.A.196_g1_3   108 aa
Start of Pairwise alignments
Aligning...

Sequences (1:2) Aligned. Score:  12
Sequences (1:3) Aligned. Score:  16
Sequences (1:4) Aligned. Score:  7
Sequences (2:3) Aligned. Score:  6
Sequences (2:4) Aligned. Score:  4
Sequences (3:4) Aligned. Score:  5
Guide tree file created:   [holes\8.A.196_1_holes.dnd]

There are 3 groups
Start of Multiple Alignment

Aligning...
Group 1:                     Delayed
Group 2:                     Delayed
Group 3:                     Delayed
Alignment Score -263

CLUSTAL-Alignment file created  [aligns\8.A.196_1_align.aln]

