


 CLUSTAL 2.1 Multiple Sequence Alignments


Sequence format is Pearson
Sequence 1: 8.A.66.1.4_g6_0    53 aa
Sequence 2: 8.A.66.1.4_g6_1    90 aa
Sequence 3: 8.A.66.1.4_g6_2    99 aa
Sequence 4: 8.A.66.1.5_g6_3    89 aa
Sequence 5: 8.A.66.1.6_g6_4    62 aa
Sequence 6: 8.A.66.1.6_g6_5    90 aa
Sequence 7: 8.A.66.1.6_g6_6   107 aa
Start of Pairwise alignments
Aligning...

Sequences (1:2) Aligned. Score:  7
Sequences (1:3) Aligned. Score:  9
Sequences (1:4) Aligned. Score:  7
Sequences (1:5) Aligned. Score:  37
Sequences (1:6) Aligned. Score:  7
Sequences (1:7) Aligned. Score:  11
Sequences (2:3) Aligned. Score:  32
Sequences (2:4) Aligned. Score:  65
Sequences (2:5) Aligned. Score:  17
Sequences (2:6) Aligned. Score:  58
Sequences (2:7) Aligned. Score:  13
Sequences (3:4) Aligned. Score:  32
Sequences (3:5) Aligned. Score:  9
Sequences (3:6) Aligned. Score:  36
Sequences (3:7) Aligned. Score:  27
Sequences (4:5) Aligned. Score:  8
Sequences (4:6) Aligned. Score:  65
Sequences (4:7) Aligned. Score:  14
Sequences (5:6) Aligned. Score:  8
Sequences (5:7) Aligned. Score:  6
Sequences (6:7) Aligned. Score:  7
Guide tree file created:   [holes\8.A.66_6_holes.dnd]

There are 6 groups
Start of Multiple Alignment

Aligning...
Group 1: Sequences:   2      Score:1619
Group 2: Sequences:   3      Score:1617
Group 3: Sequences:   4      Score:603
Group 4:                     Delayed
Group 5: Sequences:   2      Score:743
Group 6: Sequences:   6      Score:220
Alignment Score 1454

CLUSTAL-Alignment file created  [aligns\8.A.66_6_align.aln]

