


 CLUSTAL 2.1 Multiple Sequence Alignments


Sequence format is Pearson
Sequence 1: 8.A.165_g1_0   152 aa
Sequence 2: 8.A.165_g1_1    85 aa
Sequence 3: 8.A.165_g1_2   121 aa
Sequence 4: 8.A.165_g1_3   155 aa
Sequence 5: 8.A.165_g1_4   233 aa
Start of Pairwise alignments
Aligning...

Sequences (1:2) Aligned. Score:  31
Sequences (1:3) Aligned. Score:  14
Sequences (1:4) Aligned. Score:  3
Sequences (1:5) Aligned. Score:  10
Sequences (2:3) Aligned. Score:  10
Sequences (2:4) Aligned. Score:  8
Sequences (2:5) Aligned. Score:  9
Sequences (3:4) Aligned. Score:  14
Sequences (3:5) Aligned. Score:  30
Sequences (4:5) Aligned. Score:  5
Guide tree file created:   [holes\8.A.165_1_holes.dnd]

There are 4 groups
Start of Multiple Alignment

Aligning...
Group 1: Sequences:   2      Score:575
Group 2:                     Delayed
Group 3:                     Delayed
Group 4:                     Delayed
Alignment Score -133

CLUSTAL-Alignment file created  [aligns\8.A.165_1_align.aln]

