


 CLUSTAL 2.1 Multiple Sequence Alignments


Sequence format is Pearson
Sequence 1: 8.A.41.1.1_g0_0    98 aa
Sequence 2: 8.A.41.1.2_g0_1   228 aa
Sequence 3: 8.A.41.1.3_g0_2   108 aa
Sequence 4: 8.A.41.1.4_g0_3   138 aa
Sequence 5: 8.A.41.1.5_g0_4   151 aa
Sequence 6: 8.A.41.1.6_g0_5   193 aa
Sequence 7: 8.A.41.1.7_g0_6    59 aa
Sequence 8: 8.A.41.1.8_g0_7   106 aa
Start of Pairwise alignments
Aligning...

Sequences (1:2) Aligned. Score:  3
Sequences (1:3) Aligned. Score:  9
Sequences (1:4) Aligned. Score:  1
Sequences (1:5) Aligned. Score:  13
Sequences (1:6) Aligned. Score:  13
Sequences (1:7) Aligned. Score:  8
Sequences (1:8) Aligned. Score:  17
Sequences (2:3) Aligned. Score:  12
Sequences (2:4) Aligned. Score:  11
Sequences (2:5) Aligned. Score:  10
Sequences (2:6) Aligned. Score:  4
Sequences (2:7) Aligned. Score:  5
Sequences (2:8) Aligned. Score:  12
Sequences (3:4) Aligned. Score:  6
Sequences (3:5) Aligned. Score:  11
Sequences (3:6) Aligned. Score:  6
Sequences (3:7) Aligned. Score:  18
Sequences (3:8) Aligned. Score:  79
Sequences (4:5) Aligned. Score:  26
Sequences (4:6) Aligned. Score:  17
Sequences (4:7) Aligned. Score:  11
Sequences (4:8) Aligned. Score:  10
Sequences (5:6) Aligned. Score:  25
Sequences (5:7) Aligned. Score:  6
Sequences (5:8) Aligned. Score:  14
Sequences (6:7) Aligned. Score:  8
Sequences (6:8) Aligned. Score:  6
Sequences (7:8) Aligned. Score:  8
Guide tree file created:   [holes\8.A.41_0_holes.dnd]

There are 7 groups
Start of Multiple Alignment

Aligning...
Group 1:                     Delayed
Group 2:                     Delayed
Group 3:                     Delayed
Group 4:                     Delayed
Group 5: Sequences:   2      Score:1983
Group 6:                     Delayed
Group 7:                     Delayed
Alignment Score -850

CLUSTAL-Alignment file created  [aligns\8.A.41_0_align.aln]

