


 CLUSTAL 2.1 Multiple Sequence Alignments


Sequence format is Pearson
Sequence 1: 8.A.205.1.1_g0_0   119 aa
Sequence 2: 8.A.205.1.2_g0_1   273 aa
Sequence 3: 8.A.205.1.4_g0_2   142 aa
Sequence 4: 8.A.205.1.6_g0_3    99 aa
Sequence 5: 8.A.205.1.8_g0_4   188 aa
Start of Pairwise alignments
Aligning...

Sequences (1:2) Aligned. Score:  8
Sequences (1:3) Aligned. Score:  10
Sequences (1:4) Aligned. Score:  15
Sequences (1:5) Aligned. Score:  3
Sequences (2:3) Aligned. Score:  7
Sequences (2:4) Aligned. Score:  11
Sequences (2:5) Aligned. Score:  2
Sequences (3:4) Aligned. Score:  4
Sequences (3:5) Aligned. Score:  2
Sequences (4:5) Aligned. Score:  4
Guide tree file created:   [holes\8.A.205_0_holes.dnd]

There are 4 groups
Start of Multiple Alignment

Aligning...
Group 1:                     Delayed
Group 2:                     Delayed
Group 3:                     Delayed
Group 4:                     Delayed
Alignment Score -781

CLUSTAL-Alignment file created  [aligns\8.A.205_0_align.aln]

