


 CLUSTAL 2.1 Multiple Sequence Alignments


Sequence format is Pearson
Sequence 1: 8.A.46_g0_0    61 aa
Sequence 2: 8.A.46_g0_1    77 aa
Sequence 3: 8.A.46_g0_2    62 aa
Sequence 4: 8.A.46_g0_3    52 aa
Start of Pairwise alignments
Aligning...

Sequences (1:2) Aligned. Score:  4
Sequences (1:3) Aligned. Score:  9
Sequences (1:4) Aligned. Score:  19
Sequences (2:3) Aligned. Score:  11
Sequences (2:4) Aligned. Score:  5
Sequences (3:4) Aligned. Score:  7
Guide tree file created:   [holes\8.A.46_0_holes.dnd]

There are 3 groups
Start of Multiple Alignment

Aligning...
Group 1:                     Delayed
Group 2:                     Delayed
Group 3:                     Delayed
Alignment Score -61

CLUSTAL-Alignment file created  [aligns\8.A.46_0_align.aln]

