


 CLUSTAL 2.1 Multiple Sequence Alignments


Sequence format is Pearson
Sequence 1: 8.A.144.1.1_g0_0   126 aa
Sequence 2: 8.A.144.1.2_g0_1   125 aa
Sequence 3: 8.A.144.1.3_g0_2   111 aa
Sequence 4: 8.A.144.1.4_g0_3   113 aa
Start of Pairwise alignments
Aligning...

Sequences (1:2) Aligned. Score:  8
Sequences (1:3) Aligned. Score:  5
Sequences (1:4) Aligned. Score:  5
Sequences (2:3) Aligned. Score:  5
Sequences (2:4) Aligned. Score:  14
Sequences (3:4) Aligned. Score:  4
Guide tree file created:   [holes\8.A.144_0_holes.dnd]

There are 3 groups
Start of Multiple Alignment

Aligning...
Group 1:                     Delayed
Group 2:                     Delayed
Group 3:                     Delayed
Alignment Score -112

CLUSTAL-Alignment file created  [aligns\8.A.144_0_align.aln]

