


 CLUSTAL 2.1 Multiple Sequence Alignments


Sequence format is Pearson
Sequence 1: 8.A.226_g2_0   126 aa
Sequence 2: 8.A.226_g2_1   224 aa
Sequence 3: 8.A.226_g2_2   114 aa
Sequence 4: 8.A.226_g2_3   269 aa
Sequence 5: 8.A.226_g2_4   129 aa
Start of Pairwise alignments
Aligning...

Sequences (1:2) Aligned. Score:  14
Sequences (1:3) Aligned. Score:  3
Sequences (1:4) Aligned. Score:  8
Sequences (1:5) Aligned. Score:  6
Sequences (2:3) Aligned. Score:  13
Sequences (2:4) Aligned. Score:  14
Sequences (2:5) Aligned. Score:  7
Sequences (3:4) Aligned. Score:  4
Sequences (3:5) Aligned. Score:  15
Sequences (4:5) Aligned. Score:  14
Guide tree file created:   [holes\8.A.226_2_holes.dnd]

There are 4 groups
Start of Multiple Alignment

Aligning...
Group 1:                     Delayed
Group 2:                     Delayed
Group 3:                     Delayed
Group 4:                     Delayed
Alignment Score -549

CLUSTAL-Alignment file created  [aligns\8.A.226_2_align.aln]

