


 CLUSTAL 2.1 Multiple Sequence Alignments


Sequence format is Pearson
Sequence 1: 8.A.24_g4_0   245 aa
Sequence 2: 8.A.24_g4_1    92 aa
Sequence 3: 8.A.24_g4_2   106 aa
Sequence 4: 8.A.24_g4_3   110 aa
Sequence 5: 8.A.24_g4_4   201 aa
Sequence 6: 8.A.24_g4_5    86 aa
Sequence 7: 8.A.24_g4_6    91 aa
Sequence 8: 8.A.24_g4_7    58 aa
Sequence 9: 8.A.24_g4_8    66 aa
Start of Pairwise alignments
Aligning...

Sequences (1:2) Aligned. Score:  10
Sequences (1:3) Aligned. Score:  16
Sequences (1:4) Aligned. Score:  11
Sequences (1:5) Aligned. Score:  32
Sequences (1:6) Aligned. Score:  6
Sequences (1:7) Aligned. Score:  17
Sequences (1:8) Aligned. Score:  15
Sequences (1:9) Aligned. Score:  25
Sequences (2:3) Aligned. Score:  6
Sequences (2:4) Aligned. Score:  14
Sequences (2:5) Aligned. Score:  5
Sequences (2:6) Aligned. Score:  6
Sequences (2:7) Aligned. Score:  6
Sequences (2:8) Aligned. Score:  12
Sequences (2:9) Aligned. Score:  13
Sequences (3:4) Aligned. Score:  14
Sequences (3:5) Aligned. Score:  18
Sequences (3:6) Aligned. Score:  18
Sequences (3:7) Aligned. Score:  17
Sequences (3:8) Aligned. Score:  25
Sequences (3:9) Aligned. Score:  12
Sequences (4:5) Aligned. Score:  15
Sequences (4:6) Aligned. Score:  6
Sequences (4:7) Aligned. Score:  7
Sequences (4:8) Aligned. Score:  12
Sequences (4:9) Aligned. Score:  12
Sequences (5:6) Aligned. Score:  13
Sequences (5:7) Aligned. Score:  9
Sequences (5:8) Aligned. Score:  12
Sequences (5:9) Aligned. Score:  19
Sequences (6:7) Aligned. Score:  12
Sequences (6:8) Aligned. Score:  12
Sequences (6:9) Aligned. Score:  9
Sequences (7:8) Aligned. Score:  15
Sequences (7:9) Aligned. Score:  7
Sequences (8:9) Aligned. Score:  12
Guide tree file created:   [holes\8.A.24_4_holes.dnd]

There are 8 groups
Start of Multiple Alignment

Aligning...
Group 1: Sequences:   2      Score:2156
Group 2:                     Delayed
Group 3:                     Delayed
Group 4:                     Delayed
Group 5:                     Delayed
Group 6:                     Delayed
Group 7:                     Delayed
Group 8:                     Delayed
Alignment Score -1836

CLUSTAL-Alignment file created  [aligns\8.A.24_4_align.aln]

