


 CLUSTAL 2.1 Multiple Sequence Alignments


Sequence format is Pearson
Sequence 1: 8.A.107.1.1_g0_0   320 aa
Sequence 2: 8.A.107.1.2_g0_1   307 aa
Sequence 3: 8.A.107.1.3_g0_2   243 aa
Sequence 4: 8.A.107.1.4_g0_3   285 aa
Sequence 5: 8.A.107.1.5_g0_4   304 aa
Sequence 6: 8.A.107.2.1_g0_5   236 aa
Sequence 7: 8.A.107.3.2_g0_6   253 aa
Start of Pairwise alignments
Aligning...

Sequences (1:2) Aligned. Score:  41
Sequences (1:3) Aligned. Score:  9
Sequences (1:4) Aligned. Score:  11
Sequences (1:5) Aligned. Score:  8
Sequences (1:6) Aligned. Score:  8
Sequences (1:7) Aligned. Score:  15
Sequences (2:3) Aligned. Score:  10
Sequences (2:4) Aligned. Score:  6
Sequences (2:5) Aligned. Score:  12
Sequences (2:6) Aligned. Score:  8
Sequences (2:7) Aligned. Score:  3
Sequences (3:4) Aligned. Score:  4
Sequences (3:5) Aligned. Score:  12
Sequences (3:6) Aligned. Score:  5
Sequences (3:7) Aligned. Score:  5
Sequences (4:5) Aligned. Score:  4
Sequences (4:6) Aligned. Score:  8
Sequences (4:7) Aligned. Score:  9
Sequences (5:6) Aligned. Score:  2
Sequences (5:7) Aligned. Score:  5
Sequences (6:7) Aligned. Score:  3
Guide tree file created:   [holes\8.A.107_0_holes.dnd]

There are 6 groups
Start of Multiple Alignment

Aligning...
Group 1: Sequences:   2      Score:4630
Group 2:                     Delayed
Group 3:                     Delayed
Group 4:                     Delayed
Group 5:                     Delayed
Group 6:                     Delayed
Alignment Score -992

CLUSTAL-Alignment file created  [aligns\8.A.107_0_align.aln]

