


 CLUSTAL 2.1 Multiple Sequence Alignments


Sequence format is Pearson
Sequence 1: 8.A.66.1.8_g10_0    74 aa
Sequence 2: 8.A.66.1.8_g10_1   445 aa
Sequence 3: 8.A.66.1.8_g10_2    64 aa
Sequence 4: 8.A.66.1.8_g10_3    73 aa
Sequence 5: 8.A.66.1.9_g10_4    88 aa
Sequence 6: 8.A.66.1.9_g10_5    57 aa
Sequence 7: 8.A.66.1.9_g10_6   114 aa
Start of Pairwise alignments
Aligning...

Sequences (1:2) Aligned. Score:  20
Sequences (1:3) Aligned. Score:  10
Sequences (1:4) Aligned. Score:  17
Sequences (1:5) Aligned. Score:  18
Sequences (1:6) Aligned. Score:  29
Sequences (1:7) Aligned. Score:  12
Sequences (2:3) Aligned. Score:  15
Sequences (2:4) Aligned. Score:  13
Sequences (2:5) Aligned. Score:  7
Sequences (2:6) Aligned. Score:  24
Sequences (2:7) Aligned. Score:  6
Sequences (3:4) Aligned. Score:  7
Sequences (3:5) Aligned. Score:  12
Sequences (3:6) Aligned. Score:  15
Sequences (3:7) Aligned. Score:  10
Sequences (4:5) Aligned. Score:  19
Sequences (4:6) Aligned. Score:  17
Sequences (4:7) Aligned. Score:  12
Sequences (5:6) Aligned. Score:  36
Sequences (5:7) Aligned. Score:  6
Sequences (6:7) Aligned. Score:  10
Guide tree file created:   [holes\8.A.66_10_holes.dnd]

There are 6 groups
Start of Multiple Alignment

Aligning...
Group 1: Sequences:   2      Score:860
Group 2:                     Delayed
Group 3:                     Delayed
Group 4:                     Delayed
Group 5:                     Delayed
Group 6:                     Delayed
Alignment Score -211

CLUSTAL-Alignment file created  [aligns\8.A.66_10_align.aln]

