


 CLUSTAL 2.1 Multiple Sequence Alignments


Sequence format is Pearson
Sequence 1: 8.A.118_g0_0   459 aa
Sequence 2: 8.A.118_g0_1   406 aa
Sequence 3: 8.A.118_g0_2   319 aa
Sequence 4: 8.A.118_g0_3   458 aa
Sequence 5: 8.A.118_g0_4   226 aa
Start of Pairwise alignments
Aligning...

Sequences (1:2) Aligned. Score:  9
Sequences (1:3) Aligned. Score:  12
Sequences (1:4) Aligned. Score:  15
Sequences (1:5) Aligned. Score:  12
Sequences (2:3) Aligned. Score:  19
Sequences (2:4) Aligned. Score:  9
Sequences (2:5) Aligned. Score:  12
Sequences (3:4) Aligned. Score:  6
Sequences (3:5) Aligned. Score:  14
Sequences (4:5) Aligned. Score:  11
Guide tree file created:   [holes\8.A.118_0_holes.dnd]

There are 4 groups
Start of Multiple Alignment

Aligning...
Group 1:                     Delayed
Group 2:                     Delayed
Group 3:                     Delayed
Group 4:                     Delayed
Alignment Score -891

CLUSTAL-Alignment file created  [aligns\8.A.118_0_align.aln]

