


 CLUSTAL 2.1 Multiple Sequence Alignments


Sequence format is Pearson
Sequence 1: 8.A.68_g1_0   240 aa
Sequence 2: 8.A.68_g1_1    56 aa
Sequence 3: 8.A.68_g1_2    86 aa
Sequence 4: 8.A.68_g1_3    53 aa
Sequence 5: 8.A.68_g1_4    63 aa
Start of Pairwise alignments
Aligning...

Sequences (1:2) Aligned. Score:  16
Sequences (1:3) Aligned. Score:  18
Sequences (1:4) Aligned. Score:  5
Sequences (1:5) Aligned. Score:  20
Sequences (2:3) Aligned. Score:  14
Sequences (2:4) Aligned. Score:  20
Sequences (2:5) Aligned. Score:  17
Sequences (3:4) Aligned. Score:  9
Sequences (3:5) Aligned. Score:  15
Sequences (4:5) Aligned. Score:  13
Guide tree file created:   [holes\8.A.68_1_holes.dnd]

There are 4 groups
Start of Multiple Alignment

Aligning...
Group 1:                     Delayed
Group 2:                     Delayed
Group 3:                     Delayed
Group 4:                     Delayed
Alignment Score -65

CLUSTAL-Alignment file created  [aligns\8.A.68_1_align.aln]

