


 CLUSTAL 2.1 Multiple Sequence Alignments


Sequence format is Pearson
Sequence 1: 8.A.67_g0_0   109 aa
Sequence 2: 8.A.67_g0_1   120 aa
Sequence 3: 8.A.67_g0_2   110 aa
Sequence 4: 8.A.67_g0_3   157 aa
Sequence 5: 8.A.67_g0_4   115 aa
Start of Pairwise alignments
Aligning...

Sequences (1:2) Aligned. Score:  14
Sequences (1:3) Aligned. Score:  23
Sequences (1:4) Aligned. Score:  6
Sequences (1:5) Aligned. Score:  6
Sequences (2:3) Aligned. Score:  14
Sequences (2:4) Aligned. Score:  13
Sequences (2:5) Aligned. Score:  6
Sequences (3:4) Aligned. Score:  8
Sequences (3:5) Aligned. Score:  4
Sequences (4:5) Aligned. Score:  12
Guide tree file created:   [holes\8.A.67_0_holes.dnd]

There are 4 groups
Start of Multiple Alignment

Aligning...
Group 1:                     Delayed
Group 2:                     Delayed
Group 3:                     Delayed
Group 4:                     Delayed
Alignment Score -268

CLUSTAL-Alignment file created  [aligns\8.A.67_0_align.aln]

