


 CLUSTAL 2.1 Multiple Sequence Alignments


Sequence format is Pearson
Sequence 1: 8.A.125.1.1_g1_0   172 aa
Sequence 2: 8.A.125.1.3_g1_1   126 aa
Sequence 3: 8.A.125.1.4_g1_2   150 aa
Sequence 4: 8.A.125.1.5_g1_3   116 aa
Start of Pairwise alignments
Aligning...

Sequences (1:2) Aligned. Score:  61
Sequences (1:3) Aligned. Score:  48
Sequences (1:4) Aligned. Score:  58
Sequences (2:3) Aligned. Score:  60
Sequences (2:4) Aligned. Score:  61
Sequences (3:4) Aligned. Score:  57
Guide tree file created:   [holes\8.A.125_1_holes.dnd]

There are 3 groups
Start of Multiple Alignment

Aligning...
Group 1: Sequences:   2      Score:2303
Group 2: Sequences:   3      Score:2077
Group 3: Sequences:   4      Score:2219
Alignment Score 2922

CLUSTAL-Alignment file created  [aligns\8.A.125_1_align.aln]

