


 CLUSTAL 2.1 Multiple Sequence Alignments


Sequence format is Pearson
Sequence 1: 8.A.71.1.1_g0_0   204 aa
Sequence 2: 8.A.71.1.2_g0_1   281 aa
Sequence 3: 8.A.71.1.3_g0_2   288 aa
Sequence 4: 8.A.71.1.4_g0_3   182 aa
Start of Pairwise alignments
Aligning...

Sequences (1:2) Aligned. Score:  6
Sequences (1:3) Aligned. Score:  10
Sequences (1:4) Aligned. Score:  12
Sequences (2:3) Aligned. Score:  100
Sequences (2:4) Aligned. Score:  13
Sequences (3:4) Aligned. Score:  12
Guide tree file created:   [holes\8.A.71_0_holes.dnd]

There are 3 groups
Start of Multiple Alignment

Aligning...
Group 1: Sequences:   2      Score:5975
Group 2:                     Delayed
Group 3:                     Delayed
Alignment Score 1771

CLUSTAL-Alignment file created  [aligns\8.A.71_0_align.aln]

