


 CLUSTAL 2.1 Multiple Sequence Alignments


Sequence format is Pearson
Sequence 1: 8.A.143.1.3_g2_0   346 aa
Sequence 2: 8.A.143.1.1_g2_1   122 aa
Sequence 3: 8.A.143.1.2_g2_2   354 aa
Sequence 4: 8.A.143.1.5_g2_3   133 aa
Start of Pairwise alignments
Aligning...

Sequences (1:2) Aligned. Score:  16
Sequences (1:3) Aligned. Score:  7
Sequences (1:4) Aligned. Score:  11
Sequences (2:3) Aligned. Score:  8
Sequences (2:4) Aligned. Score:  21
Sequences (3:4) Aligned. Score:  7
Guide tree file created:   [holes\8.A.143_2_holes.dnd]

There are 3 groups
Start of Multiple Alignment

Aligning...
Group 1:                     Delayed
Group 2:                     Delayed
Group 3:                     Delayed
Alignment Score -47

CLUSTAL-Alignment file created  [aligns\8.A.143_2_align.aln]

