


 CLUSTAL 2.1 Multiple Sequence Alignments


Sequence format is Pearson
Sequence 1: 8.A.188_g2_0    68 aa
Sequence 2: 8.A.188_g2_1   189 aa
Sequence 3: 8.A.188_g2_2    67 aa
Sequence 4: 8.A.188_g2_3    57 aa
Sequence 5: 8.A.188_g2_4   130 aa
Sequence 6: 8.A.188_g2_5   280 aa
Start of Pairwise alignments
Aligning...

Sequences (1:2) Aligned. Score:  13
Sequences (1:3) Aligned. Score:  13
Sequences (1:4) Aligned. Score:  14
Sequences (1:5) Aligned. Score:  10
Sequences (1:6) Aligned. Score:  11
Sequences (2:3) Aligned. Score:  16
Sequences (2:4) Aligned. Score:  17
Sequences (2:5) Aligned. Score:  8
Sequences (2:6) Aligned. Score:  10
Sequences (3:4) Aligned. Score:  10
Sequences (3:5) Aligned. Score:  10
Sequences (3:6) Aligned. Score:  20
Sequences (4:5) Aligned. Score:  8
Sequences (4:6) Aligned. Score:  15
Sequences (5:6) Aligned. Score:  5
Guide tree file created:   [holes\8.A.188_2_holes.dnd]

There are 5 groups
Start of Multiple Alignment

Aligning...
Group 1:                     Delayed
Group 2:                     Delayed
Group 3:                     Delayed
Group 4:                     Delayed
Group 5:                     Delayed
Alignment Score -265

CLUSTAL-Alignment file created  [aligns\8.A.188_2_align.aln]

