


 CLUSTAL 2.1 Multiple Sequence Alignments


Sequence format is Pearson
Sequence 1: 8.A.65_g0_0    99 aa
Sequence 2: 8.A.65_g0_1    82 aa
Sequence 3: 8.A.65_g0_2   140 aa
Sequence 4: 8.A.65_g0_3    84 aa
Sequence 5: 8.A.65_g0_4   311 aa
Sequence 6: 8.A.65_g0_5   234 aa
Start of Pairwise alignments
Aligning...

Sequences (1:2) Aligned. Score:  29
Sequences (1:3) Aligned. Score:  21
Sequences (1:4) Aligned. Score:  23
Sequences (1:5) Aligned. Score:  17
Sequences (1:6) Aligned. Score:  21
Sequences (2:3) Aligned. Score:  30
Sequences (2:4) Aligned. Score:  25
Sequences (2:5) Aligned. Score:  28
Sequences (2:6) Aligned. Score:  26
Sequences (3:4) Aligned. Score:  34
Sequences (3:5) Aligned. Score:  19
Sequences (3:6) Aligned. Score:  14
Sequences (4:5) Aligned. Score:  21
Sequences (4:6) Aligned. Score:  16
Sequences (5:6) Aligned. Score:  18
Guide tree file created:   [holes\8.A.65_0_holes.dnd]

There are 5 groups
Start of Multiple Alignment

Aligning...
Group 1: Sequences:   2      Score:579
Group 2:                     Delayed
Group 3:                     Delayed
Group 4:                     Delayed
Group 5:                     Delayed
Alignment Score 1377

CLUSTAL-Alignment file created  [aligns\8.A.65_0_align.aln]

