


 CLUSTAL 2.1 Multiple Sequence Alignments


Sequence format is Pearson
Sequence 1: 8.A.192_g0_0    95 aa
Sequence 2: 8.A.192_g0_1    99 aa
Sequence 3: 8.A.192_g0_2  1049 aa
Sequence 4: 8.A.192_g0_3   947 aa
Start of Pairwise alignments
Aligning...

Sequences (1:2) Aligned. Score:  2
Sequences (1:3) Aligned. Score:  15
Sequences (1:4) Aligned. Score:  8
Sequences (2:3) Aligned. Score:  11
Sequences (2:4) Aligned. Score:  13
Sequences (3:4) Aligned. Score:  22
Guide tree file created:   [holes\8.A.192_0_holes.dnd]

There are 3 groups
Start of Multiple Alignment

Aligning...
Group 1:                     Delayed
Group 2:                     Delayed
Group 3:                     Delayed
Alignment Score 948

CLUSTAL-Alignment file created  [aligns\8.A.192_0_align.aln]

