


 CLUSTAL 2.1 Multiple Sequence Alignments


Sequence format is Pearson
Sequence 1: 8.A.218_g0_0   101 aa
Sequence 2: 8.A.218_g0_1    94 aa
Sequence 3: 8.A.218_g0_2   335 aa
Sequence 4: 8.A.218_g0_3    63 aa
Sequence 5: 8.A.218_g0_4   162 aa
Sequence 6: 8.A.218_g0_5   204 aa
Sequence 7: 8.A.218_g0_6   111 aa
Start of Pairwise alignments
Aligning...

Sequences (1:2) Aligned. Score:  8
Sequences (1:3) Aligned. Score:  10
Sequences (1:4) Aligned. Score:  4
Sequences (1:5) Aligned. Score:  9
Sequences (1:6) Aligned. Score:  4
Sequences (1:7) Aligned. Score:  6
Sequences (2:3) Aligned. Score:  13
Sequences (2:4) Aligned. Score:  9
Sequences (2:5) Aligned. Score:  7
Sequences (2:6) Aligned. Score:  11
Sequences (2:7) Aligned. Score:  12
Sequences (3:4) Aligned. Score:  6
Sequences (3:5) Aligned. Score:  6
Sequences (3:6) Aligned. Score:  12
Sequences (3:7) Aligned. Score:  23
Sequences (4:5) Aligned. Score:  6
Sequences (4:6) Aligned. Score:  7
Sequences (4:7) Aligned. Score:  11
Sequences (5:6) Aligned. Score:  3
Sequences (5:7) Aligned. Score:  9
Sequences (6:7) Aligned. Score:  9
Guide tree file created:   [holes\8.A.218_0_holes.dnd]

There are 6 groups
Start of Multiple Alignment

Aligning...
Group 1:                     Delayed
Group 2:                     Delayed
Group 3:                     Delayed
Group 4:                     Delayed
Group 5:                     Delayed
Group 6:                     Delayed
Alignment Score -1261

CLUSTAL-Alignment file created  [aligns\8.A.218_0_align.aln]

