


 CLUSTAL 2.1 Multiple Sequence Alignments


Sequence format is Pearson
Sequence 1: 8.B.13.1.5_g1_0    79 aa
Sequence 2: 8.B.13.2.1_g1_1    80 aa
Sequence 3: 8.B.13.2.2_g1_2    77 aa
Sequence 4: 8.B.13.2.3_g1_3    67 aa
Start of Pairwise alignments
Aligning...

Sequences (1:2) Aligned. Score:  3
Sequences (1:3) Aligned. Score:  29
Sequences (1:4) Aligned. Score:  11
Sequences (2:3) Aligned. Score:  7
Sequences (2:4) Aligned. Score:  10
Sequences (3:4) Aligned. Score:  7
Guide tree file created:   [holes\8.B.13_1_holes.dnd]

There are 3 groups
Start of Multiple Alignment

Aligning...
Group 1:                     Delayed
Group 2:                     Delayed
Group 3:                     Delayed
Alignment Score 53

CLUSTAL-Alignment file created  [aligns\8.B.13_1_align.aln]

