


 CLUSTAL 2.1 Multiple Sequence Alignments


Sequence format is Pearson
Sequence 1: 9.A.80_g1_0   293 aa
Sequence 2: 9.A.80_g1_1   415 aa
Sequence 3: 9.A.80_g1_2   317 aa
Sequence 4: 9.A.80_g1_3   307 aa
Start of Pairwise alignments
Aligning...

Sequences (1:2) Aligned. Score:  18
Sequences (1:3) Aligned. Score:  14
Sequences (1:4) Aligned. Score:  2
Sequences (2:3) Aligned. Score:  22
Sequences (2:4) Aligned. Score:  26
Sequences (3:4) Aligned. Score:  23
Guide tree file created:   [holes\9.A.80_1_holes.dnd]

There are 3 groups
Start of Multiple Alignment

Aligning...
Group 1:                     Delayed
Group 2:                     Delayed
Group 3:                     Delayed
Alignment Score 786

CLUSTAL-Alignment file created  [aligns\9.A.80_1_align.aln]

