


 CLUSTAL 2.1 Multiple Sequence Alignments


Sequence format is Pearson
Sequence 1: 9.A.43_g2_0    69 aa
Sequence 2: 9.A.43_g2_1    72 aa
Sequence 3: 9.A.43_g2_2    88 aa
Sequence 4: 9.A.43_g2_3   130 aa
Sequence 5: 9.A.43_g2_4   108 aa
Sequence 6: 9.A.43_g2_5    95 aa
Sequence 7: 9.A.43_g2_6   180 aa
Start of Pairwise alignments
Aligning...

Sequences (1:2) Aligned. Score:  7
Sequences (1:3) Aligned. Score:  5
Sequences (1:4) Aligned. Score:  18
Sequences (1:5) Aligned. Score:  5
Sequences (1:6) Aligned. Score:  8
Sequences (1:7) Aligned. Score:  23
Sequences (2:3) Aligned. Score:  29
Sequences (2:4) Aligned. Score:  6
Sequences (2:5) Aligned. Score:  4
Sequences (2:6) Aligned. Score:  12
Sequences (2:7) Aligned. Score:  6
Sequences (3:4) Aligned. Score:  4
Sequences (3:5) Aligned. Score:  5
Sequences (3:6) Aligned. Score:  18
Sequences (3:7) Aligned. Score:  13
Sequences (4:5) Aligned. Score:  1
Sequences (4:6) Aligned. Score:  8
Sequences (4:7) Aligned. Score:  16
Sequences (5:6) Aligned. Score:  4
Sequences (5:7) Aligned. Score:  8
Sequences (6:7) Aligned. Score:  8
Guide tree file created:   [holes\9.A.43_2_holes.dnd]

There are 6 groups
Start of Multiple Alignment

Aligning...
Group 1:                     Delayed
Group 2:                     Delayed
Group 3:                     Delayed
Group 4:                     Delayed
Group 5:                     Delayed
Group 6:                     Delayed
Alignment Score -1306

CLUSTAL-Alignment file created  [aligns\9.A.43_2_align.aln]

