


 CLUSTAL 2.1 Multiple Sequence Alignments


Sequence format is Pearson
Sequence 1: 9.A.36_g0_0    58 aa
Sequence 2: 9.A.36_g0_1    99 aa
Sequence 3: 9.A.36_g0_2    85 aa
Sequence 4: 9.A.36_g0_3    70 aa
Start of Pairwise alignments
Aligning...

Sequences (1:2) Aligned. Score:  6
Sequences (1:3) Aligned. Score:  5
Sequences (1:4) Aligned. Score:  5
Sequences (2:3) Aligned. Score:  15
Sequences (2:4) Aligned. Score:  7
Sequences (3:4) Aligned. Score:  7
Guide tree file created:   [holes\9.A.36_0_holes.dnd]

There are 3 groups
Start of Multiple Alignment

Aligning...
Group 1:                     Delayed
Group 2:                     Delayed
Group 3:                     Delayed
Alignment Score -309

CLUSTAL-Alignment file created  [aligns\9.A.36_0_align.aln]

