


 CLUSTAL 2.1 Multiple Sequence Alignments


Sequence format is Pearson
Sequence 1: 9.A.43_g0_0     94 aa
Sequence 2: 9.A.43_g0_1     72 aa
Sequence 3: 9.A.43_g0_2     66 aa
Sequence 4: 9.A.43_g0_3     60 aa
Sequence 5: 9.A.43_g0_4    323 aa
Sequence 6: 9.A.43_g0_5     83 aa
Sequence 7: 9.A.43_g0_6     69 aa
Sequence 8: 9.A.43_g0_7     70 aa
Sequence 9: 9.A.43_g0_8    329 aa
Sequence 10: 9.A.43_g0_9     98 aa
Sequence 11: 9.A.43_g0_10    69 aa
Start of Pairwise alignments
Aligning...

Sequences (1:2) Aligned. Score:  5
Sequences (1:3) Aligned. Score:  25
Sequences (1:4) Aligned. Score:  16
Sequences (1:5) Aligned. Score:  19
Sequences (1:6) Aligned. Score:  8
Sequences (1:7) Aligned. Score:  4
Sequences (1:8) Aligned. Score:  11
Sequences (1:9) Aligned. Score:  20
Sequences (1:10) Aligned. Score:  17
Sequences (1:11) Aligned. Score:  10
Sequences (2:3) Aligned. Score:  19
Sequences (2:4) Aligned. Score:  13
Sequences (2:5) Aligned. Score:  12
Sequences (2:6) Aligned. Score:  16
Sequences (2:7) Aligned. Score:  8
Sequences (2:8) Aligned. Score:  15
Sequences (2:9) Aligned. Score:  9
Sequences (2:10) Aligned. Score:  25
Sequences (2:11) Aligned. Score:  10
Sequences (3:4) Aligned. Score:  16
Sequences (3:5) Aligned. Score:  18
Sequences (3:6) Aligned. Score:  13
Sequences (3:7) Aligned. Score:  7
Sequences (3:8) Aligned. Score:  18
Sequences (3:9) Aligned. Score:  21
Sequences (3:10) Aligned. Score:  16
Sequences (3:11) Aligned. Score:  10
Sequences (4:5) Aligned. Score:  8
Sequences (4:6) Aligned. Score:  28
Sequences (4:7) Aligned. Score:  20
Sequences (4:8) Aligned. Score:  41
Sequences (4:9) Aligned. Score:  11
Sequences (4:10) Aligned. Score:  30
Sequences (4:11) Aligned. Score:  23
Sequences (5:6) Aligned. Score:  7
Sequences (5:7) Aligned. Score:  8
Sequences (5:8) Aligned. Score:  4
Sequences (5:9) Aligned. Score:  27
Sequences (5:10) Aligned. Score:  14
Sequences (5:11) Aligned. Score:  15
Sequences (6:7) Aligned. Score:  13
Sequences (6:8) Aligned. Score:  20
Sequences (6:9) Aligned. Score:  8
Sequences (6:10) Aligned. Score:  55
Sequences (6:11) Aligned. Score:  24
Sequences (7:8) Aligned. Score:  18
Sequences (7:9) Aligned. Score:  8
Sequences (7:10) Aligned. Score:  11
Sequences (7:11) Aligned. Score:  39
Sequences (8:9) Aligned. Score:  18
Sequences (8:10) Aligned. Score:  21
Sequences (8:11) Aligned. Score:  10
Sequences (9:10) Aligned. Score:  12
Sequences (9:11) Aligned. Score:  11
Sequences (10:11) Aligned. Score:  10
Guide tree file created:   [holes\9.A.43_0_holes.dnd]

There are 10 groups
Start of Multiple Alignment

Aligning...
Group 1: Sequences:   2      Score:947
Group 2: Sequences:   2      Score:1048
Group 3: Sequences:   4      Score:241
Group 4: Sequences:   2      Score:1423
Group 5:                     Delayed
Group 6: Sequences:   6      Score:266
Group 7:                     Delayed
Group 8:                     Delayed
Group 9:                     Delayed
Group 10:                     Delayed
Alignment Score -395

CLUSTAL-Alignment file created  [aligns\9.A.43_0_align.aln]

