


 CLUSTAL 2.1 Multiple Sequence Alignments


Sequence format is Pearson
Sequence 1: 9.A.49.1.2_g1_0    95 aa
Sequence 2: 9.A.49.1.7_g1_1    57 aa
Sequence 3: 9.A.49.1.8_g1_2    91 aa
Sequence 4: 9.A.49.1.9_g1_3    71 aa
Start of Pairwise alignments
Aligning...

Sequences (1:2) Aligned. Score:  7
Sequences (1:3) Aligned. Score:  3
Sequences (1:4) Aligned. Score:  7
Sequences (2:3) Aligned. Score:  8
Sequences (2:4) Aligned. Score:  5
Sequences (3:4) Aligned. Score:  4
Guide tree file created:   [holes\9.A.49_1_holes.dnd]

There are 3 groups
Start of Multiple Alignment

Aligning...
Group 1:                     Delayed
Group 2:                     Delayed
Group 3:                     Delayed
Alignment Score -222

CLUSTAL-Alignment file created  [aligns\9.A.49_1_align.aln]

