


 CLUSTAL 2.1 Multiple Sequence Alignments


Sequence format is Pearson
Sequence 1: 9.A.16_g0_0   220 aa
Sequence 2: 9.A.16_g0_1   217 aa
Sequence 3: 9.A.16_g0_2    90 aa
Sequence 4: 9.A.16_g0_3   219 aa
Sequence 5: 9.A.16_g0_4   105 aa
Sequence 6: 9.A.16_g0_5   223 aa
Start of Pairwise alignments
Aligning...

Sequences (1:2) Aligned. Score:  28
Sequences (1:3) Aligned. Score:  11
Sequences (1:4) Aligned. Score:  11
Sequences (1:5) Aligned. Score:  15
Sequences (1:6) Aligned. Score:  10
Sequences (2:3) Aligned. Score:  8
Sequences (2:4) Aligned. Score:  3
Sequences (2:5) Aligned. Score:  16
Sequences (2:6) Aligned. Score:  3
Sequences (3:4) Aligned. Score:  12
Sequences (3:5) Aligned. Score:  14
Sequences (3:6) Aligned. Score:  13
Sequences (4:5) Aligned. Score:  20
Sequences (4:6) Aligned. Score:  8
Sequences (5:6) Aligned. Score:  15
Guide tree file created:   [holes\9.A.16_0_holes.dnd]

There are 5 groups
Start of Multiple Alignment

Aligning...
Group 1:                     Delayed
Group 2:                     Delayed
Group 3:                     Delayed
Group 4:                     Delayed
Group 5:                     Delayed
Alignment Score -198

CLUSTAL-Alignment file created  [aligns\9.A.16_0_align.aln]

