


 CLUSTAL 2.1 Multiple Sequence Alignments


Sequence format is Pearson
Sequence 1: 9.A.26.1.1_g0_0    71 aa
Sequence 2: 9.A.26.1.2_g0_1    64 aa
Sequence 3: 9.A.26.1.3_g0_2    83 aa
Sequence 4: 9.A.26.1.4_g0_3   147 aa
Start of Pairwise alignments
Aligning...

Sequences (1:2) Aligned. Score:  4
Sequences (1:3) Aligned. Score:  23
Sequences (1:4) Aligned. Score:  8
Sequences (2:3) Aligned. Score:  14
Sequences (2:4) Aligned. Score:  12
Sequences (3:4) Aligned. Score:  8
Guide tree file created:   [holes\9.A.26_0_holes.dnd]

There are 3 groups
Start of Multiple Alignment

Aligning...
Group 1:                     Delayed
Group 2:                     Delayed
Group 3:                     Delayed
Alignment Score -98

CLUSTAL-Alignment file created  [aligns\9.A.26_0_align.aln]

