


 CLUSTAL 2.1 Multiple Sequence Alignments


Sequence format is Pearson
Sequence 1: 9.A.54_g0_0   139 aa
Sequence 2: 9.A.54_g0_1   459 aa
Sequence 3: 9.A.54_g0_2   365 aa
Sequence 4: 9.A.54_g0_3    69 aa
Sequence 5: 9.A.54_g0_4   109 aa
Sequence 6: 9.A.54_g0_5   103 aa
Sequence 7: 9.A.54_g0_6    57 aa
Sequence 8: 9.A.54_g0_7   110 aa
Sequence 9: 9.A.54_g0_8   146 aa
Start of Pairwise alignments
Aligning...

Sequences (1:2) Aligned. Score:  12
Sequences (1:3) Aligned. Score:  28
Sequences (1:4) Aligned. Score:  5
Sequences (1:5) Aligned. Score:  4
Sequences (1:6) Aligned. Score:  10
Sequences (1:7) Aligned. Score:  10
Sequences (1:8) Aligned. Score:  4
Sequences (1:9) Aligned. Score:  5
Sequences (2:3) Aligned. Score:  41
Sequences (2:4) Aligned. Score:  13
Sequences (2:5) Aligned. Score:  6
Sequences (2:6) Aligned. Score:  7
Sequences (2:7) Aligned. Score:  15
Sequences (2:8) Aligned. Score:  9
Sequences (2:9) Aligned. Score:  12
Sequences (3:4) Aligned. Score:  21
Sequences (3:5) Aligned. Score:  3
Sequences (3:6) Aligned. Score:  6
Sequences (3:7) Aligned. Score:  14
Sequences (3:8) Aligned. Score:  4
Sequences (3:9) Aligned. Score:  7
Sequences (4:5) Aligned. Score:  4
Sequences (4:6) Aligned. Score:  4
Sequences (4:7) Aligned. Score:  3
Sequences (4:8) Aligned. Score:  10
Sequences (4:9) Aligned. Score:  2
Sequences (5:6) Aligned. Score:  7
Sequences (5:7) Aligned. Score:  14
Sequences (5:8) Aligned. Score:  4
Sequences (5:9) Aligned. Score:  13
Sequences (6:7) Aligned. Score:  8
Sequences (6:8) Aligned. Score:  6
Sequences (6:9) Aligned. Score:  9
Sequences (7:8) Aligned. Score:  10
Sequences (7:9) Aligned. Score:  8
Sequences (8:9) Aligned. Score:  8
Guide tree file created:   [holes\9.A.54_0_holes.dnd]

There are 8 groups
Start of Multiple Alignment

Aligning...
Group 1:                     Delayed
Group 2:                     Delayed
Group 3:                     Delayed
Group 4: Sequences:   2      Score:5412
Group 5:                     Delayed
Group 6:                     Delayed
Group 7:                     Delayed
Group 8:                     Delayed
Alignment Score -2015

CLUSTAL-Alignment file created  [aligns\9.A.54_0_align.aln]

