


 CLUSTAL 2.1 Multiple Sequence Alignments


Sequence format is Pearson
Sequence 1: 9.B.174.1.4_g1_0    83 aa
Sequence 2: 9.B.174.2.2_g1_1   449 aa
Sequence 3: 9.B.174.2.4_g1_2   194 aa
Sequence 4: 9.B.174.2.5_g1_3   223 aa
Start of Pairwise alignments
Aligning...

Sequences (1:2) Aligned. Score:  18
Sequences (1:3) Aligned. Score:  4
Sequences (1:4) Aligned. Score:  4
Sequences (2:3) Aligned. Score:  9
Sequences (2:4) Aligned. Score:  5
Sequences (3:4) Aligned. Score:  7
Guide tree file created:   [holes\9.B.174_1_holes.dnd]

There are 3 groups
Start of Multiple Alignment

Aligning...
Group 1:                     Delayed
Group 2:                     Delayed
Group 3:                     Delayed
Alignment Score -368

CLUSTAL-Alignment file created  [aligns\9.B.174_1_align.aln]

