


 CLUSTAL 2.1 Multiple Sequence Alignments


Sequence format is Pearson
Sequence 1: 9.B.119.1.3_g1_0   655 aa
Sequence 2: 9.B.119.1.1_g1_1   398 aa
Sequence 3: 9.B.119.1.2_g1_2   602 aa
Sequence 4: 9.B.119.1.6_g1_3   339 aa
Start of Pairwise alignments
Aligning...

Sequences (1:2) Aligned. Score:  16
Sequences (1:3) Aligned. Score:  40
Sequences (1:4) Aligned. Score:  12
Sequences (2:3) Aligned. Score:  15
Sequences (2:4) Aligned. Score:  44
Sequences (3:4) Aligned. Score:  10
Guide tree file created:   [holes\9.B.119_1_holes.dnd]

There are 3 groups
Start of Multiple Alignment

Aligning...
Group 1: Sequences:   2      Score:5482
Group 2: Sequences:   2      Score:9228
Group 3: Sequences:   4      Score:2763
Alignment Score 2860

CLUSTAL-Alignment file created  [aligns\9.B.119_1_align.aln]

