


 CLUSTAL 2.1 Multiple Sequence Alignments


Sequence format is Pearson
Sequence 1: 9.B.232_g0_0    69 aa
Sequence 2: 9.B.232_g0_1    60 aa
Sequence 3: 9.B.232_g0_2    56 aa
Sequence 4: 9.B.232_g0_3   116 aa
Start of Pairwise alignments
Aligning...

Sequences (1:2) Aligned. Score:  81
Sequences (1:3) Aligned. Score:  12
Sequences (1:4) Aligned. Score:  8
Sequences (2:3) Aligned. Score:  12
Sequences (2:4) Aligned. Score:  10
Sequences (3:4) Aligned. Score:  8
Guide tree file created:   [holes\9.B.232_0_holes.dnd]

There are 3 groups
Start of Multiple Alignment

Aligning...
Group 1: Sequences:   2      Score:1183
Group 2:                     Delayed
Group 3:                     Delayed
Alignment Score 135

CLUSTAL-Alignment file created  [aligns\9.B.232_0_align.aln]

