


 CLUSTAL 2.1 Multiple Sequence Alignments


Sequence format is Pearson
Sequence 1: 9.B.441_g0_0   100 aa
Sequence 2: 9.B.441_g0_1    81 aa
Sequence 3: 9.B.441_g0_2   142 aa
Sequence 4: 9.B.441_g0_3   113 aa
Sequence 5: 9.B.441_g0_4    92 aa
Sequence 6: 9.B.441_g0_5    88 aa
Start of Pairwise alignments
Aligning...

Sequences (1:2) Aligned. Score:  12
Sequences (1:3) Aligned. Score:  8
Sequences (1:4) Aligned. Score:  19
Sequences (1:5) Aligned. Score:  7
Sequences (1:6) Aligned. Score:  19
Sequences (2:3) Aligned. Score:  14
Sequences (2:4) Aligned. Score:  16
Sequences (2:5) Aligned. Score:  18
Sequences (2:6) Aligned. Score:  23
Sequences (3:4) Aligned. Score:  8
Sequences (3:5) Aligned. Score:  18
Sequences (3:6) Aligned. Score:  15
Sequences (4:5) Aligned. Score:  11
Sequences (4:6) Aligned. Score:  17
Sequences (5:6) Aligned. Score:  27
Guide tree file created:   [holes\9.B.441_0_holes.dnd]

There are 5 groups
Start of Multiple Alignment

Aligning...
Group 1:                     Delayed
Group 2:                     Delayed
Group 3:                     Delayed
Group 4:                     Delayed
Group 5:                     Delayed
Alignment Score 224

CLUSTAL-Alignment file created  [aligns\9.B.441_0_align.aln]

