


 CLUSTAL 2.1 Multiple Sequence Alignments


Sequence format is Pearson
Sequence 1: 9.B.198.2.6_g7_0   169 aa
Sequence 2: 9.B.198.2.7_g7_1   150 aa
Sequence 3: 9.B.198.1.4_g7_2   152 aa
Sequence 4: 9.B.198.2.1_g7_3    95 aa
Sequence 5: 9.B.198.2.2_g7_4   101 aa
Sequence 6: 9.B.198.2.3_g7_5   110 aa
Sequence 7: 9.B.198.2.4_g7_6   130 aa
Sequence 8: 9.B.198.2.5_g7_7   169 aa
Start of Pairwise alignments
Aligning...

Sequences (1:2) Aligned. Score:  22
Sequences (1:3) Aligned. Score:  13
Sequences (1:4) Aligned. Score:  12
Sequences (1:5) Aligned. Score:  15
Sequences (1:6) Aligned. Score:  10
Sequences (1:7) Aligned. Score:  8
Sequences (1:8) Aligned. Score:  26
Sequences (2:3) Aligned. Score:  9
Sequences (2:4) Aligned. Score:  3
Sequences (2:5) Aligned. Score:  7
Sequences (2:6) Aligned. Score:  10
Sequences (2:7) Aligned. Score:  5
Sequences (2:8) Aligned. Score:  20
Sequences (3:4) Aligned. Score:  12
Sequences (3:5) Aligned. Score:  20
Sequences (3:6) Aligned. Score:  10
Sequences (3:7) Aligned. Score:  10
Sequences (3:8) Aligned. Score:  12
Sequences (4:5) Aligned. Score:  22
Sequences (4:6) Aligned. Score:  13
Sequences (4:7) Aligned. Score:  14
Sequences (4:8) Aligned. Score:  11
Sequences (5:6) Aligned. Score:  20
Sequences (5:7) Aligned. Score:  10
Sequences (5:8) Aligned. Score:  11
Sequences (6:7) Aligned. Score:  23
Sequences (6:8) Aligned. Score:  14
Sequences (7:8) Aligned. Score:  7
Guide tree file created:   [holes\9.B.198_7_holes.dnd]

There are 7 groups
Start of Multiple Alignment

Aligning...
Group 1:                     Delayed
Group 2:                     Delayed
Group 3:                     Delayed
Group 4:                     Delayed
Group 5:                     Delayed
Group 6:                     Delayed
Group 7:                     Delayed
Alignment Score -830

CLUSTAL-Alignment file created  [aligns\9.B.198_7_align.aln]

