


 CLUSTAL 2.1 Multiple Sequence Alignments


Sequence format is Pearson
Sequence 1: 9.B.394.1.5_g2_0   223 aa
Sequence 2: 9.B.394.1.1_g2_1   314 aa
Sequence 3: 9.B.394.1.2_g2_2   209 aa
Sequence 4: 9.B.394.1.3_g2_3   291 aa
Start of Pairwise alignments
Aligning...

Sequences (1:2) Aligned. Score:  4
Sequences (1:3) Aligned. Score:  16
Sequences (1:4) Aligned. Score:  4
Sequences (2:3) Aligned. Score:  3
Sequences (2:4) Aligned. Score:  23
Sequences (3:4) Aligned. Score:  2
Guide tree file created:   [holes\9.B.394_2_holes.dnd]

There are 3 groups
Start of Multiple Alignment

Aligning...
Group 1:                     Delayed
Group 2:                     Delayed
Group 3:                     Delayed
Alignment Score -161

CLUSTAL-Alignment file created  [aligns\9.B.394_2_align.aln]

