


 CLUSTAL 2.1 Multiple Sequence Alignments


Sequence format is Pearson
Sequence 1: 9.B.1_g3_0   142 aa
Sequence 2: 9.B.1_g3_1   136 aa
Sequence 3: 9.B.1_g3_2   114 aa
Sequence 4: 9.B.1_g3_3   138 aa
Sequence 5: 9.B.1_g3_4   150 aa
Sequence 6: 9.B.1_g3_5    99 aa
Start of Pairwise alignments
Aligning...

Sequences (1:2) Aligned. Score:  15
Sequences (1:3) Aligned. Score:  5
Sequences (1:4) Aligned. Score:  16
Sequences (1:5) Aligned. Score:  13
Sequences (1:6) Aligned. Score:  13
Sequences (2:3) Aligned. Score:  14
Sequences (2:4) Aligned. Score:  13
Sequences (2:5) Aligned. Score:  22
Sequences (2:6) Aligned. Score:  8
Sequences (3:4) Aligned. Score:  15
Sequences (3:5) Aligned. Score:  7
Sequences (3:6) Aligned. Score:  14
Sequences (4:5) Aligned. Score:  7
Sequences (4:6) Aligned. Score:  3
Sequences (5:6) Aligned. Score:  8
Guide tree file created:   [holes\9.B.1_3_holes.dnd]

There are 5 groups
Start of Multiple Alignment

Aligning...
Group 1:                     Delayed
Group 2:                     Delayed
Group 3:                     Delayed
Group 4:                     Delayed
Group 5:                     Delayed
Alignment Score -752

CLUSTAL-Alignment file created  [aligns\9.B.1_3_align.aln]

