


 CLUSTAL 2.1 Multiple Sequence Alignments


Sequence format is Pearson
Sequence 1: 9.B.254.1.1_g0_0   440 aa
Sequence 2: 9.B.254.1.2_g0_1   412 aa
Sequence 3: 9.B.254.1.3_g0_2   402 aa
Sequence 4: 9.B.254.1.4_g0_3   336 aa
Start of Pairwise alignments
Aligning...

Sequences (1:2) Aligned. Score:  16
Sequences (1:3) Aligned. Score:  17
Sequences (1:4) Aligned. Score:  5
Sequences (2:3) Aligned. Score:  20
Sequences (2:4) Aligned. Score:  7
Sequences (3:4) Aligned. Score:  15
Guide tree file created:   [holes\9.B.254_0_holes.dnd]

There are 3 groups
Start of Multiple Alignment

Aligning...
Group 1:                     Delayed
Group 2:                     Delayed
Group 3:                     Delayed
Alignment Score 699

CLUSTAL-Alignment file created  [aligns\9.B.254_0_align.aln]

