


 CLUSTAL 2.1 Multiple Sequence Alignments


Sequence format is Pearson
Sequence 1: 9.B.314_g0_0   119 aa
Sequence 2: 9.B.314_g0_1   293 aa
Sequence 3: 9.B.314_g0_2   110 aa
Sequence 4: 9.B.314_g0_3   699 aa
Sequence 5: 9.B.314_g0_4   276 aa
Start of Pairwise alignments
Aligning...

Sequences (1:2) Aligned. Score:  7
Sequences (1:3) Aligned. Score:  13
Sequences (1:4) Aligned. Score:  8
Sequences (1:5) Aligned. Score:  6
Sequences (2:3) Aligned. Score:  20
Sequences (2:4) Aligned. Score:  14
Sequences (2:5) Aligned. Score:  7
Sequences (3:4) Aligned. Score:  20
Sequences (3:5) Aligned. Score:  17
Sequences (4:5) Aligned. Score:  13
Guide tree file created:   [holes\9.B.314_0_holes.dnd]

There are 4 groups
Start of Multiple Alignment

Aligning...
Group 1:                     Delayed
Group 2:                     Delayed
Group 3:                     Delayed
Group 4:                     Delayed
Alignment Score -142

CLUSTAL-Alignment file created  [aligns\9.B.314_0_align.aln]

