


 CLUSTAL 2.1 Multiple Sequence Alignments


Sequence format is Pearson
Sequence 1: 9.B.130_g1_0    69 aa
Sequence 2: 9.B.130_g1_1    77 aa
Sequence 3: 9.B.130_g1_2    84 aa
Sequence 4: 9.B.130_g1_3    92 aa
Sequence 5: 9.B.130_g1_4    70 aa
Sequence 6: 9.B.130_g1_5   191 aa
Sequence 7: 9.B.130_g1_6    59 aa
Sequence 8: 9.B.130_g1_7    67 aa
Start of Pairwise alignments
Aligning...

Sequences (1:2) Aligned. Score:  26
Sequences (1:3) Aligned. Score:  40
Sequences (1:4) Aligned. Score:  40
Sequences (1:5) Aligned. Score:  13
Sequences (1:6) Aligned. Score:  13
Sequences (1:7) Aligned. Score:  11
Sequences (1:8) Aligned. Score:  8
Sequences (2:3) Aligned. Score:  50
Sequences (2:4) Aligned. Score:  61
Sequences (2:5) Aligned. Score:  11
Sequences (2:6) Aligned. Score:  11
Sequences (2:7) Aligned. Score:  13
Sequences (2:8) Aligned. Score:  10
Sequences (3:4) Aligned. Score:  52
Sequences (3:5) Aligned. Score:  12
Sequences (3:6) Aligned. Score:  7
Sequences (3:7) Aligned. Score:  11
Sequences (3:8) Aligned. Score:  16
Sequences (4:5) Aligned. Score:  8
Sequences (4:6) Aligned. Score:  3
Sequences (4:7) Aligned. Score:  11
Sequences (4:8) Aligned. Score:  17
Sequences (5:6) Aligned. Score:  8
Sequences (5:7) Aligned. Score:  16
Sequences (5:8) Aligned. Score:  8
Sequences (6:7) Aligned. Score:  18
Sequences (6:8) Aligned. Score:  13
Sequences (7:8) Aligned. Score:  28
Guide tree file created:   [holes\9.B.130_1_holes.dnd]

There are 7 groups
Start of Multiple Alignment

Aligning...
Group 1: Sequences:   2      Score:1346
Group 2: Sequences:   3      Score:1227
Group 3: Sequences:   4      Score:895
Group 4:                     Delayed
Group 5:                     Delayed
Group 6:                     Delayed
Group 7:                     Delayed
Alignment Score -91

CLUSTAL-Alignment file created  [aligns\9.B.130_1_align.aln]

