


 CLUSTAL 2.1 Multiple Sequence Alignments


Sequence format is Pearson
Sequence 1: 9.B.441_g2_0    56 aa
Sequence 2: 9.B.441_g2_1   125 aa
Sequence 3: 9.B.441_g2_2    56 aa
Sequence 4: 9.B.441_g2_3    56 aa
Start of Pairwise alignments
Aligning...

Sequences (1:2) Aligned. Score:  14
Sequences (1:3) Aligned. Score:  3
Sequences (1:4) Aligned. Score:  10
Sequences (2:3) Aligned. Score:  8
Sequences (2:4) Aligned. Score:  10
Sequences (3:4) Aligned. Score:  16
Guide tree file created:   [holes\9.B.441_2_holes.dnd]

There are 3 groups
Start of Multiple Alignment

Aligning...
Group 1:                     Delayed
Group 2:                     Delayed
Group 3:                     Delayed
Alignment Score -203

CLUSTAL-Alignment file created  [aligns\9.B.441_2_align.aln]

