


 CLUSTAL 2.1 Multiple Sequence Alignments


Sequence format is Pearson
Sequence 1: 9.B.17.1.1_g0_0   119 aa
Sequence 2: 9.B.17.1.2_g0_1   104 aa
Sequence 3: 9.B.17.1.3_g0_2    81 aa
Sequence 4: 9.B.17.1.4_g0_3   103 aa
Sequence 5: 9.B.17.1.5_g0_4   115 aa
Sequence 6: 9.B.17.1.6_g0_5   202 aa
Sequence 7: 9.B.17.1.7_g0_6    80 aa
Start of Pairwise alignments
Aligning...

Sequences (1:2) Aligned. Score:  13
Sequences (1:3) Aligned. Score:  16
Sequences (1:4) Aligned. Score:  10
Sequences (1:5) Aligned. Score:  13
Sequences (1:6) Aligned. Score:  18
Sequences (1:7) Aligned. Score:  17
Sequences (2:3) Aligned. Score:  14
Sequences (2:4) Aligned. Score:  14
Sequences (2:5) Aligned. Score:  10
Sequences (2:6) Aligned. Score:  11
Sequences (2:7) Aligned. Score:  8
Sequences (3:4) Aligned. Score:  9
Sequences (3:5) Aligned. Score:  6
Sequences (3:6) Aligned. Score:  13
Sequences (3:7) Aligned. Score:  3
Sequences (4:5) Aligned. Score:  4
Sequences (4:6) Aligned. Score:  7
Sequences (4:7) Aligned. Score:  6
Sequences (5:6) Aligned. Score:  11
Sequences (5:7) Aligned. Score:  8
Sequences (6:7) Aligned. Score:  16
Guide tree file created:   [holes\9.B.17_0_holes.dnd]

There are 6 groups
Start of Multiple Alignment

Aligning...
Group 1:                     Delayed
Group 2:                     Delayed
Group 3:                     Delayed
Group 4:                     Delayed
Group 5:                     Delayed
Group 6:                     Delayed
Alignment Score -958

CLUSTAL-Alignment file created  [aligns\9.B.17_0_align.aln]

