


 CLUSTAL 2.1 Multiple Sequence Alignments


Sequence format is Pearson
Sequence 1: 9.B.144_g1_0   827 aa
Sequence 2: 9.B.144_g1_1   712 aa
Sequence 3: 9.B.144_g1_2   704 aa
Sequence 4: 9.B.144_g1_3    74 aa
Start of Pairwise alignments
Aligning...

Sequences (1:2) Aligned. Score:  14
Sequences (1:3) Aligned. Score:  20
Sequences (1:4) Aligned. Score:  24
Sequences (2:3) Aligned. Score:  13
Sequences (2:4) Aligned. Score:  24
Sequences (3:4) Aligned. Score:  21
Guide tree file created:   [holes\9.B.144_1_holes.dnd]

There are 3 groups
Start of Multiple Alignment

Aligning...
Group 1:                     Delayed
Group 2:                     Delayed
Group 3:                     Delayed
Alignment Score -356

CLUSTAL-Alignment file created  [aligns\9.B.144_1_align.aln]

