


 CLUSTAL 2.1 Multiple Sequence Alignments


Sequence format is Pearson
Sequence 1: 9.B.119_g2_0   245 aa
Sequence 2: 9.B.119_g2_1   135 aa
Sequence 3: 9.B.119_g2_2   141 aa
Sequence 4: 9.B.119_g2_3   135 aa
Sequence 5: 9.B.119_g2_4   203 aa
Start of Pairwise alignments
Aligning...

Sequences (1:2) Aligned. Score:  16
Sequences (1:3) Aligned. Score:  13
Sequences (1:4) Aligned. Score:  15
Sequences (1:5) Aligned. Score:  40
Sequences (2:3) Aligned. Score:  48
Sequences (2:4) Aligned. Score:  43
Sequences (2:5) Aligned. Score:  11
Sequences (3:4) Aligned. Score:  40
Sequences (3:5) Aligned. Score:  9
Sequences (4:5) Aligned. Score:  15
Guide tree file created:   [holes\9.B.119_2_holes.dnd]

There are 4 groups
Start of Multiple Alignment

Aligning...
Group 1: Sequences:   2      Score:2229
Group 2: Sequences:   3      Score:2082
Group 3: Sequences:   2      Score:3158
Group 4: Sequences:   5      Score:1003
Alignment Score 1730

CLUSTAL-Alignment file created  [aligns\9.B.119_2_align.aln]

