


 CLUSTAL 2.1 Multiple Sequence Alignments


Sequence format is Pearson
Sequence 1: 9.B.270_g1_0   379 aa
Sequence 2: 9.B.270_g1_1   376 aa
Sequence 3: 9.B.270_g1_2   418 aa
Sequence 4: 9.B.270_g1_3   330 aa
Start of Pairwise alignments
Aligning...

Sequences (1:2) Aligned. Score:  5
Sequences (1:3) Aligned. Score:  17
Sequences (1:4) Aligned. Score:  15
Sequences (2:3) Aligned. Score:  9
Sequences (2:4) Aligned. Score:  9
Sequences (3:4) Aligned. Score:  19
Guide tree file created:   [holes\9.B.270_1_holes.dnd]

There are 3 groups
Start of Multiple Alignment

Aligning...
Group 1:                     Delayed
Group 2:                     Delayed
Group 3:                     Delayed
Alignment Score -104

CLUSTAL-Alignment file created  [aligns\9.B.270_1_align.aln]

