


 CLUSTAL 2.1 Multiple Sequence Alignments


Sequence format is Pearson
Sequence 1: 9.B.315.1.1_g0_0   122 aa
Sequence 2: 9.B.315.1.2_g0_1   122 aa
Sequence 3: 9.B.315.1.3_g0_2   336 aa
Sequence 4: 9.B.315.1.4_g0_3    58 aa
Sequence 5: 9.B.315.1.6_g0_4   355 aa
Start of Pairwise alignments
Aligning...

Sequences (1:2) Aligned. Score:  4
Sequences (1:3) Aligned. Score:  6
Sequences (1:4) Aligned. Score:  27
Sequences (1:5) Aligned. Score:  7
Sequences (2:3) Aligned. Score:  3
Sequences (2:4) Aligned. Score:  10
Sequences (2:5) Aligned. Score:  9
Sequences (3:4) Aligned. Score:  13
Sequences (3:5) Aligned. Score:  10
Sequences (4:5) Aligned. Score:  10
Guide tree file created:   [holes\9.B.315_0_holes.dnd]

There are 4 groups
Start of Multiple Alignment

Aligning...
Group 1:                     Delayed
Group 2:                     Delayed
Group 3:                     Delayed
Group 4:                     Delayed
Alignment Score -585

CLUSTAL-Alignment file created  [aligns\9.B.315_0_align.aln]

