


 CLUSTAL 2.1 Multiple Sequence Alignments


Sequence format is Pearson
Sequence 1: 9.B.393_g0_0   145 aa
Sequence 2: 9.B.393_g0_1   149 aa
Sequence 3: 9.B.393_g0_2   139 aa
Sequence 4: 9.B.393_g0_3   171 aa
Start of Pairwise alignments
Aligning...

Sequences (1:2) Aligned. Score:  25
Sequences (1:3) Aligned. Score:  20
Sequences (1:4) Aligned. Score:  17
Sequences (2:3) Aligned. Score:  19
Sequences (2:4) Aligned. Score:  18
Sequences (3:4) Aligned. Score:  23
Guide tree file created:   [holes\9.B.393_0_holes.dnd]

There are 3 groups
Start of Multiple Alignment

Aligning...
Group 1:                     Delayed
Group 2:                     Delayed
Group 3:                     Delayed
Alignment Score 644

CLUSTAL-Alignment file created  [aligns\9.B.393_0_align.aln]

