


 CLUSTAL 2.1 Multiple Sequence Alignments


Sequence format is Pearson
Sequence 1: 9.B.219_g0_0   175 aa
Sequence 2: 9.B.219_g0_1   151 aa
Sequence 3: 9.B.219_g0_2   169 aa
Sequence 4: 9.B.219_g0_3   177 aa
Sequence 5: 9.B.219_g0_4   108 aa
Sequence 6: 9.B.219_g0_5    62 aa
Sequence 7: 9.B.219_g0_6    76 aa
Start of Pairwise alignments
Aligning...

Sequences (1:2) Aligned. Score:  23
Sequences (1:3) Aligned. Score:  28
Sequences (1:4) Aligned. Score:  1
Sequences (1:5) Aligned. Score:  2
Sequences (1:6) Aligned. Score:  6
Sequences (1:7) Aligned. Score:  9
Sequences (2:3) Aligned. Score:  21
Sequences (2:4) Aligned. Score:  2
Sequences (2:5) Aligned. Score:  7
Sequences (2:6) Aligned. Score:  17
Sequences (2:7) Aligned. Score:  5
Sequences (3:4) Aligned. Score:  3
Sequences (3:5) Aligned. Score:  7
Sequences (3:6) Aligned. Score:  9
Sequences (3:7) Aligned. Score:  5
Sequences (4:5) Aligned. Score:  7
Sequences (4:6) Aligned. Score:  6
Sequences (4:7) Aligned. Score:  6
Sequences (5:6) Aligned. Score:  24
Sequences (5:7) Aligned. Score:  10
Sequences (6:7) Aligned. Score:  8
Guide tree file created:   [holes\9.B.219_0_holes.dnd]

There are 6 groups
Start of Multiple Alignment

Aligning...
Group 1:                     Delayed
Group 2:                     Delayed
Group 3:                     Delayed
Group 4:                     Delayed
Group 5:                     Delayed
Group 6:                     Delayed
Alignment Score -858

CLUSTAL-Alignment file created  [aligns\9.B.219_0_align.aln]

