


 CLUSTAL 2.1 Multiple Sequence Alignments


Sequence format is Pearson
Sequence 1: 9.B.247_g10_0    53 aa
Sequence 2: 9.B.247_g10_1   487 aa
Sequence 3: 9.B.247_g10_2   295 aa
Sequence 4: 9.B.247_g10_3   333 aa
Start of Pairwise alignments
Aligning...

Sequences (1:2) Aligned. Score:  43
Sequences (1:3) Aligned. Score:  13
Sequences (1:4) Aligned. Score:  22
Sequences (2:3) Aligned. Score:  17
Sequences (2:4) Aligned. Score:  2
Sequences (3:4) Aligned. Score:  6
Guide tree file created:   [holes\9.B.247_10_holes.dnd]

There are 3 groups
Start of Multiple Alignment

Aligning...
Group 1: Sequences:   2      Score:836
Group 2:                     Delayed
Group 3:                     Delayed
Alignment Score -233

CLUSTAL-Alignment file created  [aligns\9.B.247_10_align.aln]

