


 CLUSTAL 2.1 Multiple Sequence Alignments


Sequence format is Pearson
Sequence 1: 9.B.392_g1_0   101 aa
Sequence 2: 9.B.392_g1_1   218 aa
Sequence 3: 9.B.392_g1_2   123 aa
Sequence 4: 9.B.392_g1_3   330 aa
Sequence 5: 9.B.392_g1_4   227 aa
Sequence 6: 9.B.392_g1_5    58 aa
Sequence 7: 9.B.392_g1_6   110 aa
Start of Pairwise alignments
Aligning...

Sequences (1:2) Aligned. Score:  17
Sequences (1:3) Aligned. Score:  20
Sequences (1:4) Aligned. Score:  12
Sequences (1:5) Aligned. Score:  17
Sequences (1:6) Aligned. Score:  8
Sequences (1:7) Aligned. Score:  5
Sequences (2:3) Aligned. Score:  13
Sequences (2:4) Aligned. Score:  16
Sequences (2:5) Aligned. Score:  11
Sequences (2:6) Aligned. Score:  12
Sequences (2:7) Aligned. Score:  5
Sequences (3:4) Aligned. Score:  19
Sequences (3:5) Aligned. Score:  15
Sequences (3:6) Aligned. Score:  20
Sequences (3:7) Aligned. Score:  3
Sequences (4:5) Aligned. Score:  17
Sequences (4:6) Aligned. Score:  10
Sequences (4:7) Aligned. Score:  4
Sequences (5:6) Aligned. Score:  5
Sequences (5:7) Aligned. Score:  4
Sequences (6:7) Aligned. Score:  10
Guide tree file created:   [holes\9.B.392_1_holes.dnd]

There are 6 groups
Start of Multiple Alignment

Aligning...
Group 1:                     Delayed
Group 2:                     Delayed
Group 3:                     Delayed
Group 4:                     Delayed
Group 5:                     Delayed
Group 6:                     Delayed
Alignment Score -594

CLUSTAL-Alignment file created  [aligns\9.B.392_1_align.aln]

