


 CLUSTAL 2.1 Multiple Sequence Alignments


Sequence format is Pearson
Sequence 1: 9.B.198_g11_0    90 aa
Sequence 2: 9.B.198_g11_1    72 aa
Sequence 3: 9.B.198_g11_2   646 aa
Sequence 4: 9.B.198_g11_3   549 aa
Sequence 5: 9.B.198_g11_4   197 aa
Sequence 6: 9.B.198_g11_5   163 aa
Sequence 7: 9.B.198_g11_6    95 aa
Start of Pairwise alignments
Aligning...

Sequences (1:2) Aligned. Score:  23
Sequences (1:3) Aligned. Score:  12
Sequences (1:4) Aligned. Score:  11
Sequences (1:5) Aligned. Score:  10
Sequences (1:6) Aligned. Score:  8
Sequences (1:7) Aligned. Score:  50
Sequences (2:3) Aligned. Score:  13
Sequences (2:4) Aligned. Score:  4
Sequences (2:5) Aligned. Score:  4
Sequences (2:6) Aligned. Score:  12
Sequences (2:7) Aligned. Score:  5
Sequences (3:4) Aligned. Score:  19
Sequences (3:5) Aligned. Score:  12
Sequences (3:6) Aligned. Score:  11
Sequences (3:7) Aligned. Score:  8
Sequences (4:5) Aligned. Score:  12
Sequences (4:6) Aligned. Score:  8
Sequences (4:7) Aligned. Score:  13
Sequences (5:6) Aligned. Score:  13
Sequences (5:7) Aligned. Score:  15
Sequences (6:7) Aligned. Score:  11
Guide tree file created:   [holes\9.B.198_11_holes.dnd]

There are 6 groups
Start of Multiple Alignment

Aligning...
Group 1:                     Delayed
Group 2:                     Delayed
Group 3:                     Delayed
Group 4: Sequences:   2      Score:1356
Group 5:                     Delayed
Group 6:                     Delayed
Alignment Score -744

CLUSTAL-Alignment file created  [aligns\9.B.198_11_align.aln]

