


 CLUSTAL 2.1 Multiple Sequence Alignments


Sequence format is Pearson
Sequence 1: 1.A.88.1.1_g0_0   231 aa
Sequence 2: 1.A.88.1.2_g0_1   121 aa
Sequence 3: 1.A.88.1.3_g0_2   383 aa
Sequence 4: 1.A.88.1.5_g0_3   164 aa
Sequence 5: 1.A.88.1.8_g0_4   345 aa
Sequence 6: 1.A.88.1.9_g0_5   295 aa
Start of Pairwise alignments
Aligning...

Sequences (1:2) Aligned. Score:  17
Sequences (1:3) Aligned. Score:  10
Sequences (1:4) Aligned. Score:  4
Sequences (1:5) Aligned. Score:  12
Sequences (1:6) Aligned. Score:  8
Sequences (2:3) Aligned. Score:  9
Sequences (2:4) Aligned. Score:  7
Sequences (2:5) Aligned. Score:  9
Sequences (2:6) Aligned. Score:  8
Sequences (3:4) Aligned. Score:  10
Sequences (3:5) Aligned. Score:  8
Sequences (3:6) Aligned. Score:  14
Sequences (4:5) Aligned. Score:  4
Sequences (4:6) Aligned. Score:  6
Sequences (5:6) Aligned. Score:  11
Guide tree file created:   [holes\1.A.88_0_holes.dnd]

There are 5 groups
Start of Multiple Alignment

Aligning...
Group 1:                     Delayed
Group 2:                     Delayed
Group 3:                     Delayed
Group 4:                     Delayed
Group 5:                     Delayed
Alignment Score -1167

CLUSTAL-Alignment file created  [aligns\1.A.88_0_align.aln]

