


 CLUSTAL 2.1 Multiple Sequence Alignments


Sequence format is Pearson
Sequence 1: 1.A.119.1.10_g0_0    51 aa
Sequence 2: 1.A.119.1.11_g0_1   109 aa
Sequence 3: 1.A.119.1.6_g0_2     76 aa
Sequence 4: 1.A.119.1.8_g0_3    103 aa
Start of Pairwise alignments
Aligning...

Sequences (1:2) Aligned. Score:  9
Sequences (1:3) Aligned. Score:  13
Sequences (1:4) Aligned. Score:  7
Sequences (2:3) Aligned. Score:  5
Sequences (2:4) Aligned. Score:  28
Sequences (3:4) Aligned. Score:  9
Guide tree file created:   [holes\1.A.119_0_holes.dnd]

There are 3 groups
Start of Multiple Alignment

Aligning...
Group 1:                     Delayed
Group 2:                     Delayed
Group 3:                     Delayed
Alignment Score -84

CLUSTAL-Alignment file created  [aligns\1.A.119_0_align.aln]

