


 CLUSTAL 2.1 Multiple Sequence Alignments


Sequence format is Pearson
Sequence 1: 1.A.37.1.1_g0_0    81 aa
Sequence 2: 1.A.37.2.1_g0_1    74 aa
Sequence 3: 1.A.37.3.1_g0_2   538 aa
Sequence 4: 1.A.37.3.3_g0_3    62 aa
Sequence 5: 1.A.37.4.2_g0_4  1144 aa
Start of Pairwise alignments
Aligning...

Sequences (1:2) Aligned. Score:  6
Sequences (1:3) Aligned. Score:  17
Sequences (1:4) Aligned. Score:  8
Sequences (1:5) Aligned. Score:  14
Sequences (2:3) Aligned. Score:  14
Sequences (2:4) Aligned. Score:  9
Sequences (2:5) Aligned. Score:  10
Sequences (3:4) Aligned. Score:  14
Sequences (3:5) Aligned. Score:  13
Sequences (4:5) Aligned. Score:  11
Guide tree file created:   [holes\1.A.37_0_holes.dnd]

There are 4 groups
Start of Multiple Alignment

Aligning...
Group 1:                     Delayed
Group 2:                     Delayed
Group 3:                     Delayed
Group 4:                     Delayed
Alignment Score -44

CLUSTAL-Alignment file created  [aligns\1.A.37_0_align.aln]

