


 CLUSTAL 2.1 Multiple Sequence Alignments


Sequence format is Pearson
Sequence 1: 1.A.26.2.1_g0_0   136 aa
Sequence 2: 1.A.26.2.2_g0_1   197 aa
Sequence 3: 1.A.26.2.3_g0_2    69 aa
Sequence 4: 1.A.26.2.4_g0_3    89 aa
Start of Pairwise alignments
Aligning...

Sequences (1:2) Aligned. Score:  30
Sequences (1:3) Aligned. Score:  15
Sequences (1:4) Aligned. Score:  8
Sequences (2:3) Aligned. Score:  7
Sequences (2:4) Aligned. Score:  3
Sequences (3:4) Aligned. Score:  5
Guide tree file created:   [holes\1.A.26_0_holes.dnd]

There are 3 groups
Start of Multiple Alignment

Aligning...
Group 1:                     Delayed
Group 2:                     Delayed
Group 3:                     Delayed
Alignment Score 77

CLUSTAL-Alignment file created  [aligns\1.A.26_0_align.aln]

