


 CLUSTAL 2.1 Multiple Sequence Alignments


Sequence format is Pearson
Sequence 1: 1.A.126.1.1_g0_0    108 aa
Sequence 2: 1.A.126.1.10_g0_1   226 aa
Sequence 3: 1.A.126.1.2_g0_2    114 aa
Sequence 4: 1.A.126.1.3_g0_3    129 aa
Sequence 5: 1.A.126.1.4_g0_4    109 aa
Sequence 6: 1.A.126.1.5_g0_5    108 aa
Sequence 7: 1.A.126.1.6_g0_6    189 aa
Sequence 8: 1.A.126.1.7_g0_7    153 aa
Sequence 9: 1.A.126.1.8_g0_8    171 aa
Sequence 10: 1.A.126.1.9_g0_9    194 aa
Start of Pairwise alignments
Aligning...

Sequences (1:2) Aligned. Score:  23
Sequences (1:3) Aligned. Score:  25
Sequences (1:4) Aligned. Score:  26
Sequences (1:5) Aligned. Score:  65
Sequences (1:6) Aligned. Score:  93
Sequences (1:7) Aligned. Score:  16
Sequences (1:8) Aligned. Score:  25
Sequences (1:9) Aligned. Score:  11
Sequences (1:10) Aligned. Score:  25
Sequences (2:3) Aligned. Score:  14
Sequences (2:4) Aligned. Score:  24
Sequences (2:5) Aligned. Score:  22
Sequences (2:6) Aligned. Score:  21
Sequences (2:7) Aligned. Score:  11
Sequences (2:8) Aligned. Score:  19
Sequences (2:9) Aligned. Score:  15
Sequences (2:10) Aligned. Score:  23
Sequences (3:4) Aligned. Score:  24
Sequences (3:5) Aligned. Score:  26
Sequences (3:6) Aligned. Score:  27
Sequences (3:7) Aligned. Score:  21
Sequences (3:8) Aligned. Score:  21
Sequences (3:9) Aligned. Score:  8
Sequences (3:10) Aligned. Score:  22
Sequences (4:5) Aligned. Score:  23
Sequences (4:6) Aligned. Score:  26
Sequences (4:7) Aligned. Score:  21
Sequences (4:8) Aligned. Score:  19
Sequences (4:9) Aligned. Score:  17
Sequences (4:10) Aligned. Score:  24
Sequences (5:6) Aligned. Score:  68
Sequences (5:7) Aligned. Score:  22
Sequences (5:8) Aligned. Score:  22
Sequences (5:9) Aligned. Score:  11
Sequences (5:10) Aligned. Score:  23
Sequences (6:7) Aligned. Score:  19
Sequences (6:8) Aligned. Score:  23
Sequences (6:9) Aligned. Score:  11
Sequences (6:10) Aligned. Score:  25
Sequences (7:8) Aligned. Score:  19
Sequences (7:9) Aligned. Score:  8
Sequences (7:10) Aligned. Score:  14
Sequences (8:9) Aligned. Score:  13
Sequences (8:10) Aligned. Score:  26
Sequences (9:10) Aligned. Score:  14
Guide tree file created:   [holes\1.A.126_0_holes.dnd]

There are 9 groups
Start of Multiple Alignment

Aligning...
Group 1: Sequences:   2      Score:2303
Group 2: Sequences:   3      Score:1995
Group 3:                     Delayed
Group 4:                     Delayed
Group 5:                     Delayed
Group 6:                     Delayed
Group 7:                     Delayed
Group 8:                     Delayed
Group 9:                     Delayed
Alignment Score 4762

CLUSTAL-Alignment file created  [aligns\1.A.126_0_align.aln]

