


 CLUSTAL 2.1 Multiple Sequence Alignments


Sequence format is Pearson
Sequence 1: 1.A.74.1.1_g0_0    56 aa
Sequence 2: 1.A.74.1.2_g0_1    56 aa
Sequence 3: 1.A.74.2.1_g0_2    65 aa
Sequence 4: 1.A.74.3.1_g0_3    61 aa
Start of Pairwise alignments
Aligning...

Sequences (1:2) Aligned. Score:  58
Sequences (1:3) Aligned. Score:  16
Sequences (1:4) Aligned. Score:  16
Sequences (2:3) Aligned. Score:  16
Sequences (2:4) Aligned. Score:  12
Sequences (3:4) Aligned. Score:  19
Guide tree file created:   [holes\1.A.74_0_holes.dnd]

There are 3 groups
Start of Multiple Alignment

Aligning...
Group 1:                     Delayed
Group 2: Sequences:   2      Score:991
Group 3:                     Delayed
Alignment Score 232

CLUSTAL-Alignment file created  [aligns\1.A.74_0_align.aln]

