


 CLUSTAL 2.1 Multiple Sequence Alignments


Sequence format is Pearson
Sequence 1: 1.B.27.1.5_g1_0    185 aa
Sequence 2: 1.B.27.1.10_g1_1   191 aa
Sequence 3: 1.B.27.1.11_g1_2   128 aa
Sequence 4: 1.B.27.1.12_g1_3   188 aa
Start of Pairwise alignments
Aligning...

Sequences (1:2) Aligned. Score:  51
Sequences (1:3) Aligned. Score:  50
Sequences (1:4) Aligned. Score:  91
Sequences (2:3) Aligned. Score:  50
Sequences (2:4) Aligned. Score:  50
Sequences (3:4) Aligned. Score:  50
Guide tree file created:   [holes\1.B.27_1_holes.dnd]

There are 3 groups
Start of Multiple Alignment

Aligning...
Group 1: Sequences:   2      Score:3842
Group 2: Sequences:   3      Score:3035
Group 3: Sequences:   4      Score:1954
Alignment Score 3211

CLUSTAL-Alignment file created  [aligns\1.B.27_1_align.aln]

