


 CLUSTAL 2.1 Multiple Sequence Alignments


Sequence format is Pearson
Sequence 1: 1.B.85.1.7_g3_0   339 aa
Sequence 2: 1.B.85.1.2_g3_1   525 aa
Sequence 3: 1.B.85.1.4_g3_2   168 aa
Sequence 4: 1.B.85.1.6_g3_3   489 aa
Start of Pairwise alignments
Aligning...

Sequences (1:2) Aligned. Score:  10
Sequences (1:3) Aligned. Score:  5
Sequences (1:4) Aligned. Score:  7
Sequences (2:3) Aligned. Score:  13
Sequences (2:4) Aligned. Score:  25
Sequences (3:4) Aligned. Score:  13
Guide tree file created:   [holes\1.B.85_3_holes.dnd]

There are 3 groups
Start of Multiple Alignment

Aligning...
Group 1:                     Delayed
Group 2:                     Delayed
Group 3:                     Delayed
Alignment Score 224

CLUSTAL-Alignment file created  [aligns\1.B.85_3_align.aln]

