


 CLUSTAL 2.1 Multiple Sequence Alignments


Sequence format is Pearson
Sequence 1: 1.B.55.2.1_g1_0   308 aa
Sequence 2: 1.B.55.2.2_g1_1   295 aa
Sequence 3: 1.B.55.2.3_g1_2   281 aa
Sequence 4: 1.B.55.3.2_g1_3   209 aa
Start of Pairwise alignments
Aligning...

Sequences (1:2) Aligned. Score:  13
Sequences (1:3) Aligned. Score:  15
Sequences (1:4) Aligned. Score:  6
Sequences (2:3) Aligned. Score:  16
Sequences (2:4) Aligned. Score:  9
Sequences (3:4) Aligned. Score:  7
Guide tree file created:   [holes\1.B.55_1_holes.dnd]

There are 3 groups
Start of Multiple Alignment

Aligning...
Group 1:                     Delayed
Group 2:                     Delayed
Group 3:                     Delayed
Alignment Score -17

CLUSTAL-Alignment file created  [aligns\1.B.55_1_align.aln]

