


 CLUSTAL 2.1 Multiple Sequence Alignments


Sequence format is Pearson
Sequence 1: 1.B.75.1.2_g0_0   142 aa
Sequence 2: 1.B.75.1.7_g0_1    92 aa
Sequence 3: 1.B.75.2.1_g0_2    68 aa
Sequence 4: 1.B.75.3.1_g0_3    88 aa
Sequence 5: 1.B.75.3.2_g0_4    80 aa
Start of Pairwise alignments
Aligning...

Sequences (1:2) Aligned. Score:  9
Sequences (1:3) Aligned. Score:  16
Sequences (1:4) Aligned. Score:  5
Sequences (1:5) Aligned. Score:  6
Sequences (2:3) Aligned. Score:  8
Sequences (2:4) Aligned. Score:  7
Sequences (2:5) Aligned. Score:  3
Sequences (3:4) Aligned. Score:  11
Sequences (3:5) Aligned. Score:  8
Sequences (4:5) Aligned. Score:  40
Guide tree file created:   [holes\1.B.75_0_holes.dnd]

There are 4 groups
Start of Multiple Alignment

Aligning...
Group 1:                     Delayed
Group 2:                     Delayed
Group 3: Sequences:   2      Score:1149
Group 4:                     Delayed
Alignment Score -227

CLUSTAL-Alignment file created  [aligns\1.B.75_0_align.aln]

