


 CLUSTAL 2.1 Multiple Sequence Alignments


Sequence format is Pearson
Sequence 1: 1.C.75.1.1_g2_0   235 aa
Sequence 2: 1.C.75.1.5_g2_1   173 aa
Sequence 3: 1.C.75.1.2_g2_2   643 aa
Sequence 4: 1.C.75.1.6_g2_3   228 aa
Start of Pairwise alignments
Aligning...

Sequences (1:2) Aligned. Score:  25
Sequences (1:3) Aligned. Score:  15
Sequences (1:4) Aligned. Score:  29
Sequences (2:3) Aligned. Score:  15
Sequences (2:4) Aligned. Score:  19
Sequences (3:4) Aligned. Score:  14
Guide tree file created:   [holes\1.C.75_2_holes.dnd]

There are 3 groups
Start of Multiple Alignment

Aligning...
Group 1:                     Delayed
Group 2:                     Delayed
Group 3:                     Delayed
Alignment Score 517

CLUSTAL-Alignment file created  [aligns\1.C.75_2_align.aln]

