


 CLUSTAL 2.1 Multiple Sequence Alignments


Sequence format is Pearson
Sequence 1: 1.C.2.1.1_g0_0   309 aa
Sequence 2: 1.C.2.3.2_g0_1   259 aa
Sequence 3: 1.C.2.3.3_g0_2   259 aa
Sequence 4: 1.C.2.1.2_g0_3   233 aa
Sequence 5: 1.C.2.1.3_g0_4   313 aa
Sequence 6: 1.C.2.1.4_g0_5   303 aa
Sequence 7: 1.C.2.1.5_g0_6   243 aa
Sequence 8: 1.C.2.1.6_g0_7   254 aa
Start of Pairwise alignments
Aligning...

Sequences (1:2) Aligned. Score:  19
Sequences (1:3) Aligned. Score:  20
Sequences (1:4) Aligned. Score:  49
Sequences (1:5) Aligned. Score:  94
Sequences (1:6) Aligned. Score:  99
Sequences (1:7) Aligned. Score:  42
Sequences (1:8) Aligned. Score:  42
Sequences (2:3) Aligned. Score:  76
Sequences (2:4) Aligned. Score:  20
Sequences (2:5) Aligned. Score:  20
Sequences (2:6) Aligned. Score:  20
Sequences (2:7) Aligned. Score:  18
Sequences (2:8) Aligned. Score:  15
Sequences (3:4) Aligned. Score:  18
Sequences (3:5) Aligned. Score:  20
Sequences (3:6) Aligned. Score:  20
Sequences (3:7) Aligned. Score:  17
Sequences (3:8) Aligned. Score:  17
Sequences (4:5) Aligned. Score:  49
Sequences (4:6) Aligned. Score:  48
Sequences (4:7) Aligned. Score:  48
Sequences (4:8) Aligned. Score:  48
Sequences (5:6) Aligned. Score:  94
Sequences (5:7) Aligned. Score:  42
Sequences (5:8) Aligned. Score:  41
Sequences (6:7) Aligned. Score:  40
Sequences (6:8) Aligned. Score:  41
Sequences (7:8) Aligned. Score:  69
Guide tree file created:   [holes\1.C.2_0_holes.dnd]

There are 7 groups
Start of Multiple Alignment

Aligning...
Group 1: Sequences:   2      Score:6607
Group 2: Sequences:   3      Score:6493
Group 3: Sequences:   2      Score:4553
Group 4: Sequences:   3      Score:3786
Group 5: Sequences:   6      Score:3530
Group 6: Sequences:   2      Score:5058
Group 7: Sequences:   8      Score:1985
Alignment Score 16202

CLUSTAL-Alignment file created  [aligns\1.C.2_0_align.aln]

