


 CLUSTAL 2.1 Multiple Sequence Alignments


Sequence format is Pearson
Sequence 1: 1.C.57.1.3_g2_0   310 aa
Sequence 2: 1.C.57.1.1_g2_1   275 aa
Sequence 3: 1.C.57.1.4_g2_2   329 aa
Sequence 4: 1.C.57.1.2_g2_3   286 aa
Start of Pairwise alignments
Aligning...

Sequences (1:2) Aligned. Score:  72
Sequences (1:3) Aligned. Score:  16
Sequences (1:4) Aligned. Score:  35
Sequences (2:3) Aligned. Score:  16
Sequences (2:4) Aligned. Score:  35
Sequences (3:4) Aligned. Score:  19
Guide tree file created:   [holes\1.C.57_2_holes.dnd]

There are 3 groups
Start of Multiple Alignment

Aligning...
Group 1: Sequences:   2      Score:5208
Group 2: Sequences:   3      Score:4088
Group 3:                     Delayed
Alignment Score 2792

CLUSTAL-Alignment file created  [aligns\1.C.57_2_align.aln]

