


 CLUSTAL 2.1 Multiple Sequence Alignments


Sequence format is Pearson
Sequence 1: 1.C.123.1.10_g0_0   251 aa
Sequence 2: 1.C.123.1.11_g0_1   241 aa
Sequence 3: 1.C.123.1.6_g0_2    126 aa
Sequence 4: 1.C.123.1.7_g0_3    116 aa
Start of Pairwise alignments
Aligning...

Sequences (1:2) Aligned. Score:  48
Sequences (1:3) Aligned. Score:  9
Sequences (1:4) Aligned. Score:  9
Sequences (2:3) Aligned. Score:  3
Sequences (2:4) Aligned. Score:  11
Sequences (3:4) Aligned. Score:  47
Guide tree file created:   [holes\1.C.123_0_holes.dnd]

There are 3 groups
Start of Multiple Alignment

Aligning...
Group 1: Sequences:   2      Score:3826
Group 2: Sequences:   2      Score:1842
Group 3: Sequences:   4      Score:844
Alignment Score 863

CLUSTAL-Alignment file created  [aligns\1.C.123_0_align.aln]

