


 CLUSTAL 2.1 Multiple Sequence Alignments


Sequence format is Pearson
Sequence 1: 1.C.111.1.12_g0_0   110 aa
Sequence 2: 1.C.111.1.14_g0_1   119 aa
Sequence 3: 1.C.111.1.16_g0_2   122 aa
Sequence 4: 1.C.111.1.18_g0_3    76 aa
Sequence 5: 1.C.111.1.7_g0_4     51 aa
Sequence 6: 1.C.111.1.9_g0_5     51 aa
Start of Pairwise alignments
Aligning...

Sequences (1:2) Aligned. Score:  5
Sequences (1:3) Aligned. Score:  9
Sequences (1:4) Aligned. Score:  6
Sequences (1:5) Aligned. Score:  9
Sequences (1:6) Aligned. Score:  11
Sequences (2:3) Aligned. Score:  9
Sequences (2:4) Aligned. Score:  10
Sequences (2:5) Aligned. Score:  3
Sequences (2:6) Aligned. Score:  15
Sequences (3:4) Aligned. Score:  9
Sequences (3:5) Aligned. Score:  9
Sequences (3:6) Aligned. Score:  13
Sequences (4:5) Aligned. Score:  9
Sequences (4:6) Aligned. Score:  7
Sequences (5:6) Aligned. Score:  1
Guide tree file created:   [holes\1.C.111_0_holes.dnd]

There are 5 groups
Start of Multiple Alignment

Aligning...
Group 1:                     Delayed
Group 2:                     Delayed
Group 3:                     Delayed
Group 4:                     Delayed
Group 5:                     Delayed
Alignment Score -815

CLUSTAL-Alignment file created  [aligns\1.C.111_0_align.aln]

