


 CLUSTAL 2.1 Multiple Sequence Alignments


Sequence format is Pearson
Sequence 1: 1.N.4.1.1_g0_0    67 aa
Sequence 2: 1.N.4.1.2_g0_1    67 aa
Sequence 3: 1.N.4.1.3_g0_2    53 aa
Sequence 4: 1.N.4.1.4_g0_3    71 aa
Start of Pairwise alignments
Aligning...

Sequences (1:2) Aligned. Score:  100
Sequences (1:3) Aligned. Score:  5
Sequences (1:4) Aligned. Score:  16
Sequences (2:3) Aligned. Score:  5
Sequences (2:4) Aligned. Score:  16
Sequences (3:4) Aligned. Score:  9
Guide tree file created:   [holes\1.N.4_0_holes.dnd]

There are 3 groups
Start of Multiple Alignment

Aligning...
Group 1: Sequences:   2      Score:1474
Group 2:                     Delayed
Group 3:                     Delayed
Alignment Score 456

CLUSTAL-Alignment file created  [aligns\1.N.4_0_align.aln]

