


 CLUSTAL 2.1 Multiple Sequence Alignments


Sequence format is Pearson
Sequence 1: 1.W.9.1.10_g1_0    94 aa
Sequence 2: 1.W.9.1.14_g1_1   117 aa
Sequence 3: 1.W.9.1.16_g1_2   140 aa
Sequence 4: 1.W.9.1.6_g1_3     56 aa
Sequence 5: 1.W.9.1.8_g1_4    187 aa
Sequence 6: 1.W.9.1.9_g1_5    140 aa
Sequence 7: 1.W.9.3.1_g1_6    174 aa
Start of Pairwise alignments
Aligning...

Sequences (1:2) Aligned. Score:  6
Sequences (1:3) Aligned. Score:  5
Sequences (1:4) Aligned. Score:  14
Sequences (1:5) Aligned. Score:  7
Sequences (1:6) Aligned. Score:  5
Sequences (1:7) Aligned. Score:  5
Sequences (2:3) Aligned. Score:  7
Sequences (2:4) Aligned. Score:  14
Sequences (2:5) Aligned. Score:  11
Sequences (2:6) Aligned. Score:  7
Sequences (2:7) Aligned. Score:  5
Sequences (3:4) Aligned. Score:  10
Sequences (3:5) Aligned. Score:  2
Sequences (3:6) Aligned. Score:  100
Sequences (3:7) Aligned. Score:  9
Sequences (4:5) Aligned. Score:  17
Sequences (4:6) Aligned. Score:  10
Sequences (4:7) Aligned. Score:  7
Sequences (5:6) Aligned. Score:  2
Sequences (5:7) Aligned. Score:  11
Sequences (6:7) Aligned. Score:  9
Guide tree file created:   [holes\1.W.9_1_holes.dnd]

There are 6 groups
Start of Multiple Alignment

Aligning...
Group 1:                     Delayed
Group 2:                     Delayed
Group 3:                     Delayed
Group 4: Sequences:   2      Score:3020
Group 5:                     Delayed
Group 6:                     Delayed
Alignment Score -248

CLUSTAL-Alignment file created  [aligns\1.W.9_1_align.aln]

