


 CLUSTAL 2.1 Multiple Sequence Alignments


Sequence format is Pearson
Sequence 1: 2.A.58.1.1_g0_0    88 aa
Sequence 2: 2.A.58.1.3_g0_1    78 aa
Sequence 3: 2.A.58.1.4_g0_2    88 aa
Sequence 4: 2.A.58.1.5_g0_3    92 aa
Sequence 5: 2.A.58.1.6_g0_4    88 aa
Sequence 6: 2.A.58.1.7_g0_5    67 aa
Start of Pairwise alignments
Aligning...

Sequences (1:2) Aligned. Score:  16
Sequences (1:3) Aligned. Score:  4
Sequences (1:4) Aligned. Score:  77
Sequences (1:5) Aligned. Score:  4
Sequences (1:6) Aligned. Score:  7
Sequences (2:3) Aligned. Score:  11
Sequences (2:4) Aligned. Score:  14
Sequences (2:5) Aligned. Score:  21
Sequences (2:6) Aligned. Score:  26
Sequences (3:4) Aligned. Score:  10
Sequences (3:5) Aligned. Score:  46
Sequences (3:6) Aligned. Score:  16
Sequences (4:5) Aligned. Score:  7
Sequences (4:6) Aligned. Score:  8
Sequences (5:6) Aligned. Score:  26
Guide tree file created:   [holes\2.A.58_0_holes.dnd]

There are 5 groups
Start of Multiple Alignment

Aligning...
Group 1: Sequences:   2      Score:1329
Group 2:                     Delayed
Group 3:                     Delayed
Group 4: Sequences:   2      Score:1719
Group 5: Sequences:   4      Score:288
Alignment Score 615

CLUSTAL-Alignment file created  [aligns\2.A.58_0_align.aln]

