


 CLUSTAL 2.1 Multiple Sequence Alignments


Sequence format is Pearson
Sequence 1: 8.A.117.1.1_g0_0   234 aa
Sequence 2: 8.A.117.1.2_g0_1   217 aa
Sequence 3: 8.A.117.1.3_g0_2   226 aa
Sequence 4: 8.A.117.1.4_g0_3   519 aa
Sequence 5: 8.A.117.1.5_g0_4   203 aa
Sequence 6: 8.A.117.1.6_g0_5   223 aa
Start of Pairwise alignments
Aligning...

Sequences (1:2) Aligned. Score:  47
Sequences (1:3) Aligned. Score:  43
Sequences (1:4) Aligned. Score:  19
Sequences (1:5) Aligned. Score:  15
Sequences (1:6) Aligned. Score:  40
Sequences (2:3) Aligned. Score:  68
Sequences (2:4) Aligned. Score:  17
Sequences (2:5) Aligned. Score:  7
Sequences (2:6) Aligned. Score:  54
Sequences (3:4) Aligned. Score:  18
Sequences (3:5) Aligned. Score:  6
Sequences (3:6) Aligned. Score:  62
Sequences (4:5) Aligned. Score:  22
Sequences (4:6) Aligned. Score:  17
Sequences (5:6) Aligned. Score:  12
Guide tree file created:   [holes\8.A.117_0_holes.dnd]

There are 5 groups
Start of Multiple Alignment

Aligning...
Group 1: Sequences:   2      Score:3852
Group 2: Sequences:   3      Score:3545
Group 3: Sequences:   4      Score:3120
Group 4:                     Delayed
Group 5:                     Delayed
Alignment Score 3983

CLUSTAL-Alignment file created  [aligns\8.A.117_0_align.aln]

