


 CLUSTAL 2.1 Multiple Sequence Alignments


Sequence format is Pearson
Sequence 1: 8.A.135.2.1_g1_0    83 aa
Sequence 2: 8.A.135.2.2_g1_1    90 aa
Sequence 3: 8.A.135.2.5_g1_2    67 aa
Sequence 4: 8.A.135.2.6_g1_3    64 aa
Start of Pairwise alignments
Aligning...

Sequences (1:2) Aligned. Score:  18
Sequences (1:3) Aligned. Score:  10
Sequences (1:4) Aligned. Score:  10
Sequences (2:3) Aligned. Score:  13
Sequences (2:4) Aligned. Score:  14
Sequences (3:4) Aligned. Score:  12
Guide tree file created:   [holes\8.A.135_1_holes.dnd]

There are 3 groups
Start of Multiple Alignment

Aligning...
Group 1:                     Delayed
Group 2:                     Delayed
Group 3:                     Delayed
Alignment Score -143

CLUSTAL-Alignment file created  [aligns\8.A.135_1_align.aln]

