


 CLUSTAL 2.1 Multiple Sequence Alignments


Sequence format is Pearson
Sequence 1: 8.A.96.1.1_g0_0    90 aa
Sequence 2: 8.A.96.1.2_g0_1    71 aa
Sequence 3: 8.A.96.1.3_g0_2   100 aa
Sequence 4: 8.A.96.1.5_g0_3   105 aa
Sequence 5: 8.A.96.1.6_g0_4    66 aa
Sequence 6: 8.A.96.1.7_g0_5    74 aa
Sequence 7: 8.A.96.1.8_g0_6   125 aa
Start of Pairwise alignments
Aligning...

Sequences (1:2) Aligned. Score:  11
Sequences (1:3) Aligned. Score:  6
Sequences (1:4) Aligned. Score:  10
Sequences (1:5) Aligned. Score:  6
Sequences (1:6) Aligned. Score:  4
Sequences (1:7) Aligned. Score:  10
Sequences (2:3) Aligned. Score:  5
Sequences (2:4) Aligned. Score:  8
Sequences (2:5) Aligned. Score:  7
Sequences (2:6) Aligned. Score:  4
Sequences (2:7) Aligned. Score:  21
Sequences (3:4) Aligned. Score:  2
Sequences (3:5) Aligned. Score:  6
Sequences (3:6) Aligned. Score:  6
Sequences (3:7) Aligned. Score:  7
Sequences (4:5) Aligned. Score:  15
Sequences (4:6) Aligned. Score:  9
Sequences (4:7) Aligned. Score:  5
Sequences (5:6) Aligned. Score:  10
Sequences (5:7) Aligned. Score:  6
Sequences (6:7) Aligned. Score:  6
Guide tree file created:   [holes\8.A.96_0_holes.dnd]

There are 6 groups
Start of Multiple Alignment

Aligning...
Group 1:                     Delayed
Group 2:                     Delayed
Group 3:                     Delayed
Group 4:                     Delayed
Group 5:                     Delayed
Group 6:                     Delayed
Alignment Score -1327

CLUSTAL-Alignment file created  [aligns\8.A.96_0_align.aln]

