


 CLUSTAL 2.1 Multiple Sequence Alignments


Sequence format is Pearson
Sequence 1: 8.A.216.1.1_g0_0   159 aa
Sequence 2: 8.A.216.1.2_g0_1   120 aa
Sequence 3: 8.A.216.1.3_g0_2   130 aa
Sequence 4: 8.A.216.1.5_g0_3   143 aa
Start of Pairwise alignments
Aligning...

Sequences (1:2) Aligned. Score:  15
Sequences (1:3) Aligned. Score:  16
Sequences (1:4) Aligned. Score:  13
Sequences (2:3) Aligned. Score:  17
Sequences (2:4) Aligned. Score:  10
Sequences (3:4) Aligned. Score:  5
Guide tree file created:   [holes\8.A.216_0_holes.dnd]

There are 3 groups
Start of Multiple Alignment

Aligning...
Group 1:                     Delayed
Group 2:                     Delayed
Group 3:                     Delayed
Alignment Score 15

CLUSTAL-Alignment file created  [aligns\8.A.216_0_align.aln]

