


 CLUSTAL 2.1 Multiple Sequence Alignments


Sequence format is Pearson
Sequence 1: 8.A.95.2.1_g3_0   413 aa
Sequence 2: 8.A.95.2.2_g3_1   408 aa
Sequence 3: 8.A.95.2.3_g3_2   567 aa
Sequence 4: 8.A.95.1.5_g3_3   340 aa
Start of Pairwise alignments
Aligning...

Sequences (1:2) Aligned. Score:  25
Sequences (1:3) Aligned. Score:  24
Sequences (1:4) Aligned. Score:  19
Sequences (2:3) Aligned. Score:  26
Sequences (2:4) Aligned. Score:  21
Sequences (3:4) Aligned. Score:  18
Guide tree file created:   [holes\8.A.95_3_holes.dnd]

There are 3 groups
Start of Multiple Alignment

Aligning...
Group 1:                     Delayed
Group 2:                     Delayed
Group 3:                     Delayed
Alignment Score 1590

CLUSTAL-Alignment file created  [aligns\8.A.95_3_align.aln]

