


 CLUSTAL 2.1 Multiple Sequence Alignments


Sequence format is Pearson
Sequence 1: 8.A.188.1.1_g1_0    199 aa
Sequence 2: 8.A.188.1.10_g1_1   203 aa
Sequence 3: 8.A.188.1.2_g1_2    195 aa
Sequence 4: 8.A.188.1.5_g1_3    255 aa
Sequence 5: 8.A.188.1.6_g1_4    185 aa
Sequence 6: 8.A.188.1.9_g1_5    198 aa
Start of Pairwise alignments
Aligning...

Sequences (1:2) Aligned. Score:  9
Sequences (1:3) Aligned. Score:  16
Sequences (1:4) Aligned. Score:  14
Sequences (1:5) Aligned. Score:  20
Sequences (1:6) Aligned. Score:  16
Sequences (2:3) Aligned. Score:  15
Sequences (2:4) Aligned. Score:  16
Sequences (2:5) Aligned. Score:  17
Sequences (2:6) Aligned. Score:  9
Sequences (3:4) Aligned. Score:  28
Sequences (3:5) Aligned. Score:  22
Sequences (3:6) Aligned. Score:  11
Sequences (4:5) Aligned. Score:  25
Sequences (4:6) Aligned. Score:  7
Sequences (5:6) Aligned. Score:  11
Guide tree file created:   [holes\8.A.188_1_holes.dnd]

There are 5 groups
Start of Multiple Alignment

Aligning...
Group 1:                     Delayed
Group 2:                     Delayed
Group 3:                     Delayed
Group 4:                     Delayed
Group 5:                     Delayed
Alignment Score 1364

CLUSTAL-Alignment file created  [aligns\8.A.188_1_align.aln]

