


 CLUSTAL 2.1 Multiple Sequence Alignments


Sequence format is Pearson
Sequence 1: 8.A.58.1.2_g0_0     53 aa
Sequence 2: 8.A.58.1.3_g0_1     54 aa
Sequence 3: 8.A.58.2.10_g0_2    79 aa
Sequence 4: 8.A.58.2.11_g0_3    66 aa
Sequence 5: 8.A.58.2.13_g0_4   176 aa
Sequence 6: 8.A.58.2.14_g0_5   218 aa
Sequence 7: 8.A.58.2.3_g0_6     91 aa
Sequence 8: 8.A.58.2.4_g0_7     52 aa
Sequence 9: 8.A.58.2.8_g0_8    118 aa
Start of Pairwise alignments
Aligning...

Sequences (1:2) Aligned. Score:  79
Sequences (1:3) Aligned. Score:  7
Sequences (1:4) Aligned. Score:  15
Sequences (1:5) Aligned. Score:  7
Sequences (1:6) Aligned. Score:  9
Sequences (1:7) Aligned. Score:  5
Sequences (1:8) Aligned. Score:  9
Sequences (1:9) Aligned. Score:  22
Sequences (2:3) Aligned. Score:  7
Sequences (2:4) Aligned. Score:  14
Sequences (2:5) Aligned. Score:  5
Sequences (2:6) Aligned. Score:  18
Sequences (2:7) Aligned. Score:  7
Sequences (2:8) Aligned. Score:  9
Sequences (2:9) Aligned. Score:  20
Sequences (3:4) Aligned. Score:  27
Sequences (3:5) Aligned. Score:  5
Sequences (3:6) Aligned. Score:  31
Sequences (3:7) Aligned. Score:  7
Sequences (3:8) Aligned. Score:  34
Sequences (3:9) Aligned. Score:  27
Sequences (4:5) Aligned. Score:  6
Sequences (4:6) Aligned. Score:  19
Sequences (4:7) Aligned. Score:  9
Sequences (4:8) Aligned. Score:  28
Sequences (4:9) Aligned. Score:  10
Sequences (5:6) Aligned. Score:  4
Sequences (5:7) Aligned. Score:  13
Sequences (5:8) Aligned. Score:  7
Sequences (5:9) Aligned. Score:  3
Sequences (6:7) Aligned. Score:  16
Sequences (6:8) Aligned. Score:  23
Sequences (6:9) Aligned. Score:  22
Sequences (7:8) Aligned. Score:  5
Sequences (7:9) Aligned. Score:  13
Sequences (8:9) Aligned. Score:  19
Guide tree file created:   [holes\8.A.58_0_holes.dnd]

There are 8 groups
Start of Multiple Alignment

Aligning...
Group 1: Sequences:   2      Score:1089
Group 2:                     Delayed
Group 3:                     Delayed
Group 4: Sequences:   2      Score:370
Group 5:                     Delayed
Group 6: Sequences:   4      Score:182
Group 7:                     Delayed
Group 8:                     Delayed
Alignment Score -1370

CLUSTAL-Alignment file created  [aligns\8.A.58_0_align.aln]

