


 CLUSTAL 2.1 Multiple Sequence Alignments


Sequence format is Pearson
Sequence 1: 8.A.67.1.4_g1_0   210 aa
Sequence 2: 8.A.67.1.1_g1_1   486 aa
Sequence 3: 8.A.67.1.2_g1_2    88 aa
Sequence 4: 8.A.67.1.3_g1_3    62 aa
Start of Pairwise alignments
Aligning...

Sequences (1:2) Aligned. Score:  23
Sequences (1:3) Aligned. Score:  25
Sequences (1:4) Aligned. Score:  19
Sequences (2:3) Aligned. Score:  32
Sequences (2:4) Aligned. Score:  22
Sequences (3:4) Aligned. Score:  27
Guide tree file created:   [holes\8.A.67_1_holes.dnd]

There are 3 groups
Start of Multiple Alignment

Aligning...
Group 1: Sequences:   2      Score:613
Group 2:                     Delayed
Group 3:                     Delayed
Alignment Score 540

CLUSTAL-Alignment file created  [aligns\8.A.67_1_align.aln]

