


 CLUSTAL 2.1 Multiple Sequence Alignments


Sequence format is Pearson
Sequence 1: 8.A.22.1.4_g2_0   121 aa
Sequence 2: 8.A.22.1.1_g2_1   188 aa
Sequence 3: 8.A.22.1.2_g2_2   199 aa
Sequence 4: 8.A.22.1.3_g2_3   127 aa
Start of Pairwise alignments
Aligning...

Sequences (1:2) Aligned. Score:  19
Sequences (1:3) Aligned. Score:  30
Sequences (1:4) Aligned. Score:  32
Sequences (2:3) Aligned. Score:  36
Sequences (2:4) Aligned. Score:  22
Sequences (3:4) Aligned. Score:  22
Guide tree file created:   [holes\8.A.22_2_holes.dnd]

There are 3 groups
Start of Multiple Alignment

Aligning...
Group 1: Sequences:   2      Score:2657
Group 2: Sequences:   2      Score:1214
Group 3: Sequences:   4      Score:955
Alignment Score 800

CLUSTAL-Alignment file created  [aligns\8.A.22_2_align.aln]

