


 CLUSTAL 2.1 Multiple Sequence Alignments


Sequence format is Pearson
Sequence 1: 8.A.134.1.1_g0_0   149 aa
Sequence 2: 8.A.134.1.2_g0_1   143 aa
Sequence 3: 8.A.134.1.3_g0_2   165 aa
Sequence 4: 8.A.134.1.6_g0_3   191 aa
Start of Pairwise alignments
Aligning...

Sequences (1:2) Aligned. Score:  16
Sequences (1:3) Aligned. Score:  8
Sequences (1:4) Aligned. Score:  9
Sequences (2:3) Aligned. Score:  5
Sequences (2:4) Aligned. Score:  13
Sequences (3:4) Aligned. Score:  16
Guide tree file created:   [holes\8.A.134_0_holes.dnd]

There are 3 groups
Start of Multiple Alignment

Aligning...
Group 1:                     Delayed
Group 2:                     Delayed
Group 3:                     Delayed
Alignment Score -290

CLUSTAL-Alignment file created  [aligns\8.A.134_0_align.aln]

