


 CLUSTAL 2.1 Multiple Sequence Alignments


Sequence format is Pearson
Sequence 1: 8.A.111.1.4_g1_0    77 aa
Sequence 2: 8.A.111.1.5_g1_1    52 aa
Sequence 3: 8.A.111.1.6_g1_2   206 aa
Sequence 4: 8.A.111.1.8_g1_3   241 aa
Start of Pairwise alignments
Aligning...

Sequences (1:2) Aligned. Score:  3
Sequences (1:3) Aligned. Score:  7
Sequences (1:4) Aligned. Score:  6
Sequences (2:3) Aligned. Score:  13
Sequences (2:4) Aligned. Score:  7
Sequences (3:4) Aligned. Score:  15
Guide tree file created:   [holes\8.A.111_1_holes.dnd]

There are 3 groups
Start of Multiple Alignment

Aligning...
Group 1:                     Delayed
Group 2:                     Delayed
Group 3:                     Delayed
Alignment Score -236

CLUSTAL-Alignment file created  [aligns\8.A.111_1_align.aln]

