


 CLUSTAL 2.1 Multiple Sequence Alignments


Sequence format is Pearson
Sequence 1: 8.A.192.2.3_g2_0   271 aa
Sequence 2: 8.A.192.2.1_g2_1   269 aa
Sequence 3: 8.A.192.2.4_g2_2   307 aa
Sequence 4: 8.A.192.2.2_g2_3   290 aa
Start of Pairwise alignments
Aligning...

Sequences (1:2) Aligned. Score:  65
Sequences (1:3) Aligned. Score:  36
Sequences (1:4) Aligned. Score:  49
Sequences (2:3) Aligned. Score:  36
Sequences (2:4) Aligned. Score:  54
Sequences (3:4) Aligned. Score:  33
Guide tree file created:   [holes\8.A.192_2_holes.dnd]

There are 3 groups
Start of Multiple Alignment

Aligning...
Group 1: Sequences:   2      Score:4997
Group 2: Sequences:   3      Score:4555
Group 3: Sequences:   4      Score:3967
Alignment Score 4888

CLUSTAL-Alignment file created  [aligns\8.A.192_2_align.aln]

