


 CLUSTAL 2.1 Multiple Sequence Alignments


Sequence format is Pearson
Sequence 1: 8.A.134.1.1_g1_0   341 aa
Sequence 2: 8.A.134.1.2_g1_1    78 aa
Sequence 3: 8.A.134.1.3_g1_2   180 aa
Sequence 4: 8.A.134.1.6_g1_3   230 aa
Start of Pairwise alignments
Aligning...

Sequences (1:2) Aligned. Score:  7
Sequences (1:3) Aligned. Score:  12
Sequences (1:4) Aligned. Score:  10
Sequences (2:3) Aligned. Score:  10
Sequences (2:4) Aligned. Score:  20
Sequences (3:4) Aligned. Score:  20
Guide tree file created:   [holes\8.A.134_1_holes.dnd]

There are 3 groups
Start of Multiple Alignment

Aligning...
Group 1:                     Delayed
Group 2:                     Delayed
Group 3:                     Delayed
Alignment Score -228

CLUSTAL-Alignment file created  [aligns\8.A.134_1_align.aln]

