


 CLUSTAL 2.1 Multiple Sequence Alignments


Sequence format is Pearson
Sequence 1: 9.A.16.1.1_g1_0    52 aa
Sequence 2: 9.A.16.1.4_g1_1    59 aa
Sequence 3: 9.A.16.1.6_g1_2    51 aa
Sequence 4: 9.A.16.1.7_g1_3    52 aa
Sequence 5: 9.A.16.1.8_g1_4    56 aa
Start of Pairwise alignments
Aligning...

Sequences (1:2) Aligned. Score:  19
Sequences (1:3) Aligned. Score:  31
Sequences (1:4) Aligned. Score:  23
Sequences (1:5) Aligned. Score:  42
Sequences (2:3) Aligned. Score:  11
Sequences (2:4) Aligned. Score:  5
Sequences (2:5) Aligned. Score:  25
Sequences (3:4) Aligned. Score:  13
Sequences (3:5) Aligned. Score:  19
Sequences (4:5) Aligned. Score:  17
Guide tree file created:   [holes\9.A.16_1_holes.dnd]

There are 4 groups
Start of Multiple Alignment

Aligning...
Group 1:                     Delayed
Group 2:                     Delayed
Group 3:                     Delayed
Group 4: Sequences:   2      Score:794
Alignment Score 548

CLUSTAL-Alignment file created  [aligns\9.A.16_1_align.aln]

