


 CLUSTAL 2.1 Multiple Sequence Alignments


Sequence format is Pearson
Sequence 1: 9.A.80.1.1_g0_0  1618 aa
Sequence 2: 9.A.80.1.2_g0_1  1913 aa
Sequence 3: 9.A.80.1.3_g0_2   723 aa
Sequence 4: 9.A.80.1.4_g0_3  1450 aa
Sequence 5: 9.A.80.1.5_g0_4  1072 aa
Start of Pairwise alignments
Aligning...

Sequences (1:2) Aligned. Score:  31
Sequences (1:3) Aligned. Score:  57
Sequences (1:4) Aligned. Score:  30
Sequences (1:5) Aligned. Score:  10
Sequences (2:3) Aligned. Score:  52
Sequences (2:4) Aligned. Score:  31
Sequences (2:5) Aligned. Score:  8
Sequences (3:4) Aligned. Score:  43
Sequences (3:5) Aligned. Score:  13
Sequences (4:5) Aligned. Score:  11
Guide tree file created:   [holes\9.A.80_0_holes.dnd]

There are 4 groups
Start of Multiple Alignment

Aligning...
Group 1: Sequences:   2      Score:12580
Group 2: Sequences:   3      Score:17829
Group 3: Sequences:   4      Score:17151
Group 4:                     Delayed
Alignment Score 13282

CLUSTAL-Alignment file created  [aligns\9.A.80_0_align.aln]

