


 CLUSTAL 2.1 Multiple Sequence Alignments


Sequence format is Pearson
Sequence 1: 9.B.226.1.1_g0_0     56 aa
Sequence 2: 9.B.226.1.11_g0_1   175 aa
Sequence 3: 9.B.226.1.2_g0_2     99 aa
Sequence 4: 9.B.226.1.4_g0_3     64 aa
Sequence 5: 9.B.226.1.9_g0_4     89 aa
Start of Pairwise alignments
Aligning...

Sequences (1:2) Aligned. Score:  16
Sequences (1:3) Aligned. Score:  14
Sequences (1:4) Aligned. Score:  8
Sequences (1:5) Aligned. Score:  21
Sequences (2:3) Aligned. Score:  19
Sequences (2:4) Aligned. Score:  17
Sequences (2:5) Aligned. Score:  11
Sequences (3:4) Aligned. Score:  18
Sequences (3:5) Aligned. Score:  7
Sequences (4:5) Aligned. Score:  14
Guide tree file created:   [holes\9.B.226_0_holes.dnd]

There are 4 groups
Start of Multiple Alignment

Aligning...
Group 1:                     Delayed
Group 2:                     Delayed
Group 3:                     Delayed
Group 4:                     Delayed
Alignment Score -371

CLUSTAL-Alignment file created  [aligns\9.B.226_0_align.aln]

