


 CLUSTAL 2.1 Multiple Sequence Alignments


Sequence format is Pearson
Sequence 1: 9.B.368.1.2_g1_0   138 aa
Sequence 2: 9.B.368.1.3_g1_1    98 aa
Sequence 3: 9.B.368.1.4_g1_2   147 aa
Sequence 4: 9.B.368.1.5_g1_3   210 aa
Sequence 5: 9.B.368.1.6_g1_4    76 aa
Sequence 6: 9.B.368.1.7_g1_5   141 aa
Start of Pairwise alignments
Aligning...

Sequences (1:2) Aligned. Score:  31
Sequences (1:3) Aligned. Score:  4
Sequences (1:4) Aligned. Score:  5
Sequences (1:5) Aligned. Score:  10
Sequences (1:6) Aligned. Score:  5
Sequences (2:3) Aligned. Score:  11
Sequences (2:4) Aligned. Score:  7
Sequences (2:5) Aligned. Score:  5
Sequences (2:6) Aligned. Score:  6
Sequences (3:4) Aligned. Score:  4
Sequences (3:5) Aligned. Score:  6
Sequences (3:6) Aligned. Score:  3
Sequences (4:5) Aligned. Score:  13
Sequences (4:6) Aligned. Score:  5
Sequences (5:6) Aligned. Score:  9
Guide tree file created:   [holes\9.B.368_1_holes.dnd]

There are 5 groups
Start of Multiple Alignment

Aligning...
Group 1:                     Delayed
Group 2:                     Delayed
Group 3: Sequences:   2      Score:634
Group 4:                     Delayed
Group 5:                     Delayed
Alignment Score -844

CLUSTAL-Alignment file created  [aligns\9.B.368_1_align.aln]

