


 CLUSTAL 2.1 Multiple Sequence Alignments


Sequence format is Pearson
Sequence 1: 9.B.163.1.3_g1_0   176 aa
Sequence 2: 9.B.163.1.7_g1_1   130 aa
Sequence 3: 9.B.163.3.1_g1_2    85 aa
Sequence 4: 9.B.163.3.2_g1_3   190 aa
Sequence 5: 9.B.163.4.1_g1_4   167 aa
Sequence 6: 9.B.163.4.2_g1_5   129 aa
Start of Pairwise alignments
Aligning...

Sequences (1:2) Aligned. Score:  18
Sequences (1:3) Aligned. Score:  18
Sequences (1:4) Aligned. Score:  13
Sequences (1:5) Aligned. Score:  11
Sequences (1:6) Aligned. Score:  15
Sequences (2:3) Aligned. Score:  4
Sequences (2:4) Aligned. Score:  2
Sequences (2:5) Aligned. Score:  5
Sequences (2:6) Aligned. Score:  5
Sequences (3:4) Aligned. Score:  12
Sequences (3:5) Aligned. Score:  9
Sequences (3:6) Aligned. Score:  15
Sequences (4:5) Aligned. Score:  8
Sequences (4:6) Aligned. Score:  3
Sequences (5:6) Aligned. Score:  11
Guide tree file created:   [holes\9.B.163_1_holes.dnd]

There are 5 groups
Start of Multiple Alignment

Aligning...
Group 1:                     Delayed
Group 2:                     Delayed
Group 3:                     Delayed
Group 4:                     Delayed
Group 5:                     Delayed
Alignment Score -948

CLUSTAL-Alignment file created  [aligns\9.B.163_1_align.aln]

