


 CLUSTAL 2.1 Multiple Sequence Alignments


Sequence format is Pearson
Sequence 1: 9.B.208.1.2_g0_0   112 aa
Sequence 2: 9.B.208.1.4_g0_1    77 aa
Sequence 3: 9.B.208.1.6_g0_2    97 aa
Sequence 4: 9.B.208.1.7_g0_3    77 aa
Start of Pairwise alignments
Aligning...

Sequences (1:2) Aligned. Score:  3
Sequences (1:3) Aligned. Score:  7
Sequences (1:4) Aligned. Score:  5
Sequences (2:3) Aligned. Score:  9
Sequences (2:4) Aligned. Score:  3
Sequences (3:4) Aligned. Score:  9
Guide tree file created:   [holes\9.B.208_0_holes.dnd]

There are 3 groups
Start of Multiple Alignment

Aligning...
Group 1:                     Delayed
Group 2:                     Delayed
Group 3:                     Delayed
Alignment Score -294

CLUSTAL-Alignment file created  [aligns\9.B.208_0_align.aln]

