


 CLUSTAL 2.1 Multiple Sequence Alignments


Sequence format is Pearson
Sequence 1: 9.B.178.1.1_g0_0    66 aa
Sequence 2: 9.B.178.1.2_g0_1   183 aa
Sequence 3: 9.B.178.1.3_g0_2   182 aa
Sequence 4: 9.B.178.1.4_g0_3   179 aa
Start of Pairwise alignments
Aligning...

Sequences (1:2) Aligned. Score:  19
Sequences (1:3) Aligned. Score:  13
Sequences (1:4) Aligned. Score:  7
Sequences (2:3) Aligned. Score:  69
Sequences (2:4) Aligned. Score:  35
Sequences (3:4) Aligned. Score:  39
Guide tree file created:   [holes\9.B.178_0_holes.dnd]

There are 3 groups
Start of Multiple Alignment

Aligning...
Group 1: Sequences:   2      Score:3348
Group 2: Sequences:   3      Score:2459
Group 3:                     Delayed
Alignment Score 1541

CLUSTAL-Alignment file created  [aligns\9.B.178_0_align.aln]

