


 CLUSTAL 2.1 Multiple Sequence Alignments


Sequence format is Pearson
Sequence 1: 9.B.198.2.5_g3_0   215 aa
Sequence 2: 9.B.198.2.6_g3_1   206 aa
Sequence 3: 9.B.198.1.2_g3_2   283 aa
Sequence 4: 9.B.198.2.7_g3_3   186 aa
Sequence 5: 9.B.198.1.5_g3_4   214 aa
Sequence 6: 9.B.198.2.1_g3_5   233 aa
Sequence 7: 9.B.198.2.2_g3_6   226 aa
Sequence 8: 9.B.198.2.3_g3_7   112 aa
Sequence 9: 9.B.198.2.4_g3_8   137 aa
Start of Pairwise alignments
Aligning...

Sequences (1:2) Aligned. Score:  36
Sequences (1:3) Aligned. Score:  3
Sequences (1:4) Aligned. Score:  25
Sequences (1:5) Aligned. Score:  9
Sequences (1:6) Aligned. Score:  13
Sequences (1:7) Aligned. Score:  14
Sequences (1:8) Aligned. Score:  16
Sequences (1:9) Aligned. Score:  3
Sequences (2:3) Aligned. Score:  6
Sequences (2:4) Aligned. Score:  24
Sequences (2:5) Aligned. Score:  6
Sequences (2:6) Aligned. Score:  4
Sequences (2:7) Aligned. Score:  10
Sequences (2:8) Aligned. Score:  8
Sequences (2:9) Aligned. Score:  13
Sequences (3:4) Aligned. Score:  6
Sequences (3:5) Aligned. Score:  10
Sequences (3:6) Aligned. Score:  10
Sequences (3:7) Aligned. Score:  8
Sequences (3:8) Aligned. Score:  10
Sequences (3:9) Aligned. Score:  8
Sequences (4:5) Aligned. Score:  3
Sequences (4:6) Aligned. Score:  6
Sequences (4:7) Aligned. Score:  8
Sequences (4:8) Aligned. Score:  11
Sequences (4:9) Aligned. Score:  5
Sequences (5:6) Aligned. Score:  6
Sequences (5:7) Aligned. Score:  8
Sequences (5:8) Aligned. Score:  2
Sequences (5:9) Aligned. Score:  4
Sequences (6:7) Aligned. Score:  28
Sequences (6:8) Aligned. Score:  5
Sequences (6:9) Aligned. Score:  5
Sequences (7:8) Aligned. Score:  8
Sequences (7:9) Aligned. Score:  9
Sequences (8:9) Aligned. Score:  16
Guide tree file created:   [holes\9.B.198_3_holes.dnd]

There are 8 groups
Start of Multiple Alignment

Aligning...
Group 1: Sequences:   2      Score:2980
Group 2:                     Delayed
Group 3:                     Delayed
Group 4:                     Delayed
Group 5:                     Delayed
Group 6:                     Delayed
Group 7:                     Delayed
Group 8:                     Delayed
Alignment Score -2707

CLUSTAL-Alignment file created  [aligns\9.B.198_3_align.aln]

