


 CLUSTAL 2.1 Multiple Sequence Alignments


Sequence format is Pearson
Sequence 1: 9.B.422.1.1_g0_0     65 aa
Sequence 2: 9.B.422.1.10_g0_1   104 aa
Sequence 3: 9.B.422.1.3_g0_2     65 aa
Sequence 4: 9.B.422.1.7_g0_3    545 aa
Sequence 5: 9.B.422.1.8_g0_4     97 aa
Sequence 6: 9.B.422.1.9_g0_5     78 aa
Start of Pairwise alignments
Aligning...

Sequences (1:2) Aligned. Score:  15
Sequences (1:3) Aligned. Score:  10
Sequences (1:4) Aligned. Score:  6
Sequences (1:5) Aligned. Score:  7
Sequences (1:6) Aligned. Score:  12
Sequences (2:3) Aligned. Score:  9
Sequences (2:4) Aligned. Score:  7
Sequences (2:5) Aligned. Score:  8
Sequences (2:6) Aligned. Score:  3
Sequences (3:4) Aligned. Score:  13
Sequences (3:5) Aligned. Score:  7
Sequences (3:6) Aligned. Score:  4
Sequences (4:5) Aligned. Score:  13
Sequences (4:6) Aligned. Score:  10
Sequences (5:6) Aligned. Score:  11
Guide tree file created:   [holes\9.B.422_0_holes.dnd]

There are 5 groups
Start of Multiple Alignment

Aligning...
Group 1:                     Delayed
Group 2:                     Delayed
Group 3:                     Delayed
Group 4:                     Delayed
Group 5:                     Delayed
Alignment Score -1009

CLUSTAL-Alignment file created  [aligns\9.B.422_0_align.aln]

